[2023-05-28T22:18:41.055+0000] {taskinstance.py:1103} INFO - Dependencies all met for dep_context=non-requeueable deps ti=<TaskInstance: download_stock_data.download_stock_data_task manual__2023-05-28T22:18:38.756223+00:00 [queued]>
[2023-05-28T22:18:41.062+0000] {taskinstance.py:1103} INFO - Dependencies all met for dep_context=requeueable deps ti=<TaskInstance: download_stock_data.download_stock_data_task manual__2023-05-28T22:18:38.756223+00:00 [queued]>
[2023-05-28T22:18:41.062+0000] {taskinstance.py:1308} INFO - Starting attempt 1 of 1
[2023-05-28T22:18:41.077+0000] {taskinstance.py:1327} INFO - Executing <Task(BashOperator): download_stock_data_task> on 2023-05-28 22:18:38.756223+00:00
[2023-05-28T22:18:41.079+0000] {standard_task_runner.py:57} INFO - Started process 21223 to run task
[2023-05-28T22:18:41.082+0000] {standard_task_runner.py:84} INFO - Running: ['airflow', 'tasks', 'run', 'download_stock_data', 'download_stock_data_task', 'manual__2023-05-28T22:18:38.756223+00:00', '--job-id', '2', '--raw', '--subdir', 'DAGS_FOLDER/kaggle_downold.py', '--cfg-path', '/tmp/tmpvys622zo']
[2023-05-28T22:18:41.083+0000] {standard_task_runner.py:85} INFO - Job 2: Subtask download_stock_data_task
[2023-05-28T22:18:41.117+0000] {task_command.py:410} INFO - Running <TaskInstance: download_stock_data.download_stock_data_task manual__2023-05-28T22:18:38.756223+00:00 [running]> on host 4b5d28de6f1c.mylabserver.com
[2023-05-28T22:18:41.174+0000] {taskinstance.py:1545} INFO - Exporting env vars: AIRFLOW_CTX_DAG_OWNER='airflow' AIRFLOW_CTX_DAG_ID='download_stock_data' AIRFLOW_CTX_TASK_ID='download_stock_data_task' AIRFLOW_CTX_EXECUTION_DATE='2023-05-28T22:18:38.756223+00:00' AIRFLOW_CTX_TRY_NUMBER='1' AIRFLOW_CTX_DAG_RUN_ID='manual__2023-05-28T22:18:38.756223+00:00'
[2023-05-28T22:18:41.175+0000] {subprocess.py:63} INFO - Tmp dir root location: 
 /tmp
[2023-05-28T22:18:41.175+0000] {subprocess.py:75} INFO - Running command: ['/usr/bin/bash', '-c', 'kaggle datasets download -d jacksoncrow/stock-market-dataset -p /path/to/data &&                   unzip /path/to/data/stock-market-dataset.zip -d /path/to/data &&                   mkdir /path/to/data/stock-market-dataset &&                   mv /path/to/data/symbols_valid_meta.csv /path/to/data/stocks /path/to/data/etfs /path/to/data/stock-market-dataset || true']
[2023-05-28T22:18:41.182+0000] {subprocess.py:86} INFO - Output:
[2023-05-28T22:18:41.355+0000] {subprocess.py:93} INFO - Traceback (most recent call last):
[2023-05-28T22:18:41.355+0000] {subprocess.py:93} INFO -   File "/home/cloud_user/airflow_env/bin/kaggle", line 5, in <module>
[2023-05-28T22:18:41.355+0000] {subprocess.py:93} INFO -     from kaggle.cli import main
[2023-05-28T22:18:41.355+0000] {subprocess.py:93} INFO -   File "/home/cloud_user/airflow_env/lib/python3.8/site-packages/kaggle/__init__.py", line 23, in <module>
[2023-05-28T22:18:41.355+0000] {subprocess.py:93} INFO -     api.authenticate()
[2023-05-28T22:18:41.355+0000] {subprocess.py:93} INFO -   File "/home/cloud_user/airflow_env/lib/python3.8/site-packages/kaggle/api/kaggle_api_extended.py", line 164, in authenticate
[2023-05-28T22:18:41.356+0000] {subprocess.py:93} INFO -     raise IOError('Could not find {}. Make sure it\'s located in'
[2023-05-28T22:18:41.356+0000] {subprocess.py:93} INFO - OSError: Could not find kaggle.json. Make sure it's located in /home/cloud_user/.kaggle. Or use the environment method.
[2023-05-28T22:18:41.379+0000] {subprocess.py:97} INFO - Command exited with return code 0
[2023-05-28T22:18:41.399+0000] {taskinstance.py:1345} INFO - Marking task as SUCCESS. dag_id=download_stock_data, task_id=download_stock_data_task, execution_date=20230528T221838, start_date=20230528T221841, end_date=20230528T221841
[2023-05-28T22:18:41.421+0000] {local_task_job_runner.py:225} INFO - Task exited with return code 0
[2023-05-28T22:18:41.432+0000] {taskinstance.py:2651} INFO - 0 downstream tasks scheduled from follow-on schedule check
