[2023-05-28T21:54:09.658+0000] {manager.py:487} INFO - Processing files using up to 1 processes at a time 
[2023-05-28T21:54:09.658+0000] {manager.py:488} INFO - Process each file at most once every 30 seconds
[2023-05-28T21:54:09.658+0000] {manager.py:489} INFO - Checking for new files in /home/cloud_user/airflow/dags every 300 seconds
[2023-05-28T21:54:09.659+0000] {manager.py:758} INFO - Searching for files in /home/cloud_user/airflow/dags
[2023-05-28T21:54:09.659+0000] {manager.py:761} INFO - There are 0 files in /home/cloud_user/airflow/dags
[2023-05-28T21:59:09.672+0000] {manager.py:758} INFO - Searching for files in /home/cloud_user/airflow/dags
[2023-05-28T21:59:09.672+0000] {manager.py:761} INFO - There are 0 files in /home/cloud_user/airflow/dags
[2023-05-28T22:04:09.728+0000] {manager.py:758} INFO - Searching for files in /home/cloud_user/airflow/dags
[2023-05-28T22:04:09.728+0000] {manager.py:761} INFO - There are 0 files in /home/cloud_user/airflow/dags
[2023-05-28T22:09:09.789+0000] {manager.py:758} INFO - Searching for files in /home/cloud_user/airflow/dags
[2023-05-28T22:09:09.790+0000] {manager.py:761} INFO - There are 1 files in /home/cloud_user/airflow/dags
[2023-05-28T22:09:12.582+0000] {manager.py:889} INFO - 
================================================================================
DAG File Processing Stats

File Path                                        PID    Runtime      # DAGs    # Errors  Last Runtime    Last Run
-----------------------------------------------  -----  ---------  --------  ----------  --------------  -------------------
/home/cloud_user/airflow/dags/kaggle_downold.py                           1           0  0.30s           2023-05-28T22:09:10
================================================================================
[2023-05-28T22:09:42.665+0000] {manager.py:889} INFO - 
================================================================================
DAG File Processing Stats

File Path                                        PID    Runtime      # DAGs    # Errors  Last Runtime    Last Run
-----------------------------------------------  -----  ---------  --------  ----------  --------------  -------------------
/home/cloud_user/airflow/dags/kaggle_downold.py                           1           0  0.10s           2023-05-28T22:09:41
================================================================================
[2023-05-28T22:10:12.740+0000] {manager.py:889} INFO - 
================================================================================
DAG File Processing Stats

File Path                                        PID    Runtime      # DAGs    # Errors  Last Runtime    Last Run
-----------------------------------------------  -----  ---------  --------  ----------  --------------  -------------------
/home/cloud_user/airflow/dags/kaggle_downold.py                           1           0  0.10s           2023-05-28T22:10:11
================================================================================
[2023-05-28T22:10:42.818+0000] {manager.py:889} INFO - 
================================================================================
DAG File Processing Stats

File Path                                        PID    Runtime      # DAGs    # Errors  Last Runtime    Last Run
-----------------------------------------------  -----  ---------  --------  ----------  --------------  -------------------
/home/cloud_user/airflow/dags/kaggle_downold.py                           1           0  0.11s           2023-05-28T22:10:41
================================================================================
[2023-05-28T22:11:12.893+0000] {manager.py:889} INFO - 
================================================================================
DAG File Processing Stats

File Path                                        PID    Runtime      # DAGs    # Errors  Last Runtime    Last Run
-----------------------------------------------  -----  ---------  --------  ----------  --------------  -------------------
/home/cloud_user/airflow/dags/kaggle_downold.py                           1           0  0.10s           2023-05-28T22:11:11
================================================================================
[2023-05-28T22:11:42.971+0000] {manager.py:889} INFO - 
================================================================================
DAG File Processing Stats

File Path                                        PID    Runtime      # DAGs    # Errors  Last Runtime    Last Run
-----------------------------------------------  -----  ---------  --------  ----------  --------------  -------------------
/home/cloud_user/airflow/dags/kaggle_downold.py                           1           0  0.11s           2023-05-28T22:11:42
================================================================================
[2023-05-28T22:12:13.052+0000] {manager.py:889} INFO - 
================================================================================
DAG File Processing Stats

File Path                                        PID    Runtime      # DAGs    # Errors  Last Runtime    Last Run
-----------------------------------------------  -----  ---------  --------  ----------  --------------  -------------------
/home/cloud_user/airflow/dags/kaggle_downold.py                           1           0  0.10s           2023-05-28T22:12:12
================================================================================
[2023-05-28T22:12:43.235+0000] {manager.py:889} INFO - 
================================================================================
DAG File Processing Stats

File Path                                        PID    Runtime      # DAGs    # Errors  Last Runtime    Last Run
-----------------------------------------------  -----  ---------  --------  ----------  --------------  -------------------
/home/cloud_user/airflow/dags/kaggle_downold.py                           1           0  0.10s           2023-05-28T22:12:43
================================================================================
[2023-05-28T22:13:13.416+0000] {manager.py:889} INFO - 
================================================================================
DAG File Processing Stats

File Path                                        PID    Runtime      # DAGs    # Errors  Last Runtime    Last Run
-----------------------------------------------  -----  ---------  --------  ----------  --------------  -------------------
/home/cloud_user/airflow/dags/kaggle_downold.py                           1           0  0.11s           2023-05-28T22:13:13
================================================================================
[2023-05-28T22:13:43.610+0000] {manager.py:889} INFO - 
================================================================================
DAG File Processing Stats

File Path                                        PID    Runtime      # DAGs    # Errors  Last Runtime    Last Run
-----------------------------------------------  -----  ---------  --------  ----------  --------------  -------------------
/home/cloud_user/airflow/dags/kaggle_downold.py                           1           0  0.10s           2023-05-28T22:13:43
================================================================================
[2023-05-28T22:14:10.028+0000] {manager.py:758} INFO - Searching for files in /home/cloud_user/airflow/dags
[2023-05-28T22:14:10.030+0000] {manager.py:761} INFO - There are 1 files in /home/cloud_user/airflow/dags
[2023-05-28T22:14:13.792+0000] {manager.py:889} INFO - 
================================================================================
DAG File Processing Stats

File Path                                        PID    Runtime      # DAGs    # Errors  Last Runtime    Last Run
-----------------------------------------------  -----  ---------  --------  ----------  --------------  -------------------
/home/cloud_user/airflow/dags/kaggle_downold.py                           1           0  0.10s           2023-05-28T22:14:13
================================================================================
[2023-05-28T22:14:43.973+0000] {manager.py:889} INFO - 
================================================================================
DAG File Processing Stats

File Path                                        PID    Runtime      # DAGs    # Errors  Last Runtime    Last Run
-----------------------------------------------  -----  ---------  --------  ----------  --------------  -------------------
/home/cloud_user/airflow/dags/kaggle_downold.py                           1           0  0.10s           2023-05-28T22:14:43
================================================================================
[2023-05-28T22:15:14.153+0000] {manager.py:889} INFO - 
================================================================================
DAG File Processing Stats

File Path                                        PID    Runtime      # DAGs    # Errors  Last Runtime    Last Run
-----------------------------------------------  -----  ---------  --------  ----------  --------------  -------------------
/home/cloud_user/airflow/dags/kaggle_downold.py                           1           0  0.10s           2023-05-28T22:15:14
================================================================================
[2023-05-28T22:15:44.282+0000] {manager.py:889} INFO - 
================================================================================
DAG File Processing Stats

File Path                                        PID    Runtime      # DAGs    # Errors  Last Runtime    Last Run
-----------------------------------------------  -----  ---------  --------  ----------  --------------  -------------------
/home/cloud_user/airflow/dags/kaggle_downold.py                           1           0  0.10s           2023-05-28T22:15:44
================================================================================
[2023-05-28T22:16:14.472+0000] {manager.py:889} INFO - 
================================================================================
DAG File Processing Stats

File Path                                        PID    Runtime      # DAGs    # Errors  Last Runtime    Last Run
-----------------------------------------------  -----  ---------  --------  ----------  --------------  -------------------
/home/cloud_user/airflow/dags/kaggle_downold.py                           1           0  0.11s           2023-05-28T22:16:14
================================================================================
[2023-05-28T22:16:44.656+0000] {manager.py:889} INFO - 
================================================================================
DAG File Processing Stats

File Path                                        PID    Runtime      # DAGs    # Errors  Last Runtime    Last Run
-----------------------------------------------  -----  ---------  --------  ----------  --------------  -------------------
/home/cloud_user/airflow/dags/kaggle_downold.py                           1           0  0.10s           2023-05-28T22:16:44
================================================================================
[2023-05-28T22:17:14.900+0000] {manager.py:889} INFO - 
================================================================================
DAG File Processing Stats

File Path                                        PID    Runtime      # DAGs    # Errors  Last Runtime    Last Run
-----------------------------------------------  -----  ---------  --------  ----------  --------------  -------------------
/home/cloud_user/airflow/dags/kaggle_downold.py                           1           0  0.20s           2023-05-28T22:17:14
================================================================================
[2023-05-28T22:17:45.086+0000] {manager.py:889} INFO - 
================================================================================
DAG File Processing Stats

File Path                                        PID    Runtime      # DAGs    # Errors  Last Runtime    Last Run
-----------------------------------------------  -----  ---------  --------  ----------  --------------  -------------------
/home/cloud_user/airflow/dags/kaggle_downold.py                           1           0  0.10s           2023-05-28T22:17:45
================================================================================
[2023-05-28T22:18:15.368+0000] {manager.py:889} INFO - 
================================================================================
DAG File Processing Stats

File Path                                        PID    Runtime      # DAGs    # Errors  Last Runtime    Last Run
-----------------------------------------------  -----  ---------  --------  ----------  --------------  -------------------
/home/cloud_user/airflow/dags/kaggle_downold.py                           1           0  0.20s           2023-05-28T22:18:15
================================================================================
[2023-05-28T22:18:45.545+0000] {manager.py:889} INFO - 
================================================================================
DAG File Processing Stats

File Path                                        PID    Runtime      # DAGs    # Errors  Last Runtime    Last Run
-----------------------------------------------  -----  ---------  --------  ----------  --------------  -------------------
/home/cloud_user/airflow/dags/kaggle_downold.py                           1           0  0.10s           2023-05-28T22:18:45
================================================================================
[2023-05-28T22:19:10.164+0000] {manager.py:758} INFO - Searching for files in /home/cloud_user/airflow/dags
[2023-05-28T22:19:10.166+0000] {manager.py:761} INFO - There are 2 files in /home/cloud_user/airflow/dags
[2023-05-28T22:19:15.825+0000] {manager.py:889} INFO - 
================================================================================
DAG File Processing Stats

File Path                                        PID    Runtime      # DAGs    # Errors  Last Runtime    Last Run
-----------------------------------------------  -----  ---------  --------  ----------  --------------  -------------------
/home/cloud_user/airflow/dags/mydag.py                                    0           1  0.11s           2023-05-28T22:19:10
/home/cloud_user/airflow/dags/kaggle_downold.py                           1           0  0.20s           2023-05-28T22:19:15
================================================================================
[2023-05-28T22:19:46.007+0000] {manager.py:889} INFO - 
================================================================================
DAG File Processing Stats

File Path                                        PID    Runtime      # DAGs    # Errors  Last Runtime    Last Run
-----------------------------------------------  -----  ---------  --------  ----------  --------------  -------------------
/home/cloud_user/airflow/dags/mydag.py                                    0           1  0.10s           2023-05-28T22:19:40
/home/cloud_user/airflow/dags/kaggle_downold.py                           1           0  0.10s           2023-05-28T22:19:46
================================================================================
[2023-05-28T22:20:16.193+0000] {manager.py:889} INFO - 
================================================================================
DAG File Processing Stats

File Path                                        PID    Runtime      # DAGs    # Errors  Last Runtime    Last Run
-----------------------------------------------  -----  ---------  --------  ----------  --------------  -------------------
/home/cloud_user/airflow/dags/mydag.py                                    0           1  0.10s           2023-05-28T22:20:10
/home/cloud_user/airflow/dags/kaggle_downold.py                           1           0  0.10s           2023-05-28T22:20:16
================================================================================
[2023-05-28T22:20:46.380+0000] {manager.py:889} INFO - 
================================================================================
DAG File Processing Stats

File Path                                        PID    Runtime      # DAGs    # Errors  Last Runtime    Last Run
-----------------------------------------------  -----  ---------  --------  ----------  --------------  -------------------
/home/cloud_user/airflow/dags/mydag.py                                    0           1  0.10s           2023-05-28T22:20:41
/home/cloud_user/airflow/dags/kaggle_downold.py                           1           0  0.10s           2023-05-28T22:20:46
================================================================================
[2023-05-28T22:21:16.561+0000] {manager.py:889} INFO - 
================================================================================
DAG File Processing Stats

File Path                                        PID    Runtime      # DAGs    # Errors  Last Runtime    Last Run
-----------------------------------------------  -----  ---------  --------  ----------  --------------  -------------------
/home/cloud_user/airflow/dags/mydag.py                                    0           1  0.21s           2023-05-28T22:21:12
/home/cloud_user/airflow/dags/kaggle_downold.py                           1           0  0.10s           2023-05-28T22:21:16
================================================================================
[2023-05-28T22:21:46.747+0000] {manager.py:889} INFO - 
================================================================================
DAG File Processing Stats

File Path                                        PID    Runtime      # DAGs    # Errors  Last Runtime    Last Run
-----------------------------------------------  -----  ---------  --------  ----------  --------------  -------------------
/home/cloud_user/airflow/dags/mydag.py                                    0           1  0.10s           2023-05-28T22:21:42
/home/cloud_user/airflow/dags/kaggle_downold.py                           1           0  0.11s           2023-05-28T22:21:46
================================================================================
[2023-05-28T22:22:16.935+0000] {manager.py:889} INFO - 
================================================================================
DAG File Processing Stats

File Path                                        PID    Runtime      # DAGs    # Errors  Last Runtime    Last Run
-----------------------------------------------  -----  ---------  --------  ----------  --------------  -------------------
/home/cloud_user/airflow/dags/mydag.py                                    0           1  0.10s           2023-05-28T22:22:13
/home/cloud_user/airflow/dags/kaggle_downold.py                           1           0  0.11s           2023-05-28T22:22:16
================================================================================
[2023-05-28T22:22:47.215+0000] {manager.py:889} INFO - 
================================================================================
DAG File Processing Stats

File Path                                        PID    Runtime      # DAGs    # Errors  Last Runtime    Last Run
-----------------------------------------------  -----  ---------  --------  ----------  --------------  -------------------
/home/cloud_user/airflow/dags/mydag.py                                    0           1  0.21s           2023-05-28T22:22:43
/home/cloud_user/airflow/dags/kaggle_downold.py                           1           0  0.20s           2023-05-28T22:22:47
================================================================================
[2023-05-28T22:23:17.406+0000] {manager.py:889} INFO - 
================================================================================
DAG File Processing Stats

File Path                                        PID    Runtime      # DAGs    # Errors  Last Runtime    Last Run
-----------------------------------------------  -----  ---------  --------  ----------  --------------  -------------------
/home/cloud_user/airflow/dags/mydag.py                                    0           1  0.10s           2023-05-28T22:23:14
/home/cloud_user/airflow/dags/kaggle_downold.py                           1           0  0.10s           2023-05-28T22:23:17
================================================================================
[2023-05-28T22:23:47.591+0000] {manager.py:889} INFO - 
================================================================================
DAG File Processing Stats

File Path                                        PID    Runtime      # DAGs    # Errors  Last Runtime    Last Run
-----------------------------------------------  -----  ---------  --------  ----------  --------------  -------------------
/home/cloud_user/airflow/dags/mydag.py                                    0           1  0.10s           2023-05-28T22:23:44
/home/cloud_user/airflow/dags/kaggle_downold.py                           1           0  0.10s           2023-05-28T22:23:47
================================================================================
[2023-05-28T22:24:10.244+0000] {manager.py:758} INFO - Searching for files in /home/cloud_user/airflow/dags
[2023-05-28T22:24:10.246+0000] {manager.py:761} INFO - There are 2 files in /home/cloud_user/airflow/dags
[2023-05-28T22:24:17.787+0000] {manager.py:889} INFO - 
================================================================================
DAG File Processing Stats

File Path                                        PID    Runtime      # DAGs    # Errors  Last Runtime    Last Run
-----------------------------------------------  -----  ---------  --------  ----------  --------------  -------------------
/home/cloud_user/airflow/dags/mydag.py                                    0           1  0.10s           2023-05-28T22:24:15
/home/cloud_user/airflow/dags/kaggle_downold.py                           1           0  0.10s           2023-05-28T22:24:17
================================================================================
[2023-05-28T22:24:47.969+0000] {manager.py:889} INFO - 
================================================================================
DAG File Processing Stats

File Path                                        PID    Runtime      # DAGs    # Errors  Last Runtime    Last Run
-----------------------------------------------  -----  ---------  --------  ----------  --------------  -------------------
/home/cloud_user/airflow/dags/mydag.py                                    0           1  0.10s           2023-05-28T22:24:45
/home/cloud_user/airflow/dags/kaggle_downold.py                           1           0  0.10s           2023-05-28T22:24:47
================================================================================
[2023-05-28T22:25:18.150+0000] {manager.py:889} INFO - 
================================================================================
DAG File Processing Stats

File Path                                        PID    Runtime      # DAGs    # Errors  Last Runtime    Last Run
-----------------------------------------------  -----  ---------  --------  ----------  --------------  -------------------
/home/cloud_user/airflow/dags/mydag.py                                    0           1  0.10s           2023-05-28T22:25:15
/home/cloud_user/airflow/dags/kaggle_downold.py                           1           0  0.10s           2023-05-28T22:25:18
================================================================================
[2023-05-28T22:25:48.352+0000] {manager.py:889} INFO - 
================================================================================
DAG File Processing Stats

File Path                                        PID    Runtime      # DAGs    # Errors  Last Runtime    Last Run
-----------------------------------------------  -----  ---------  --------  ----------  --------------  -------------------
/home/cloud_user/airflow/dags/mydag.py                                    0           1  0.10s           2023-05-28T22:25:46
/home/cloud_user/airflow/dags/kaggle_downold.py                           1           0  0.10s           2023-05-28T22:25:48
================================================================================
[2023-05-28T22:34:40.157+0000] {manager.py:487} INFO - Processing files using up to 1 processes at a time 
[2023-05-28T22:34:40.158+0000] {manager.py:488} INFO - Process each file at most once every 30 seconds
[2023-05-28T22:34:40.158+0000] {manager.py:489} INFO - Checking for new files in /home/cloud_user/airflow/dags every 300 seconds
[2023-05-28T22:34:40.158+0000] {manager.py:758} INFO - Searching for files in /home/cloud_user/airflow/dags
[2023-05-28T22:34:40.161+0000] {manager.py:761} INFO - There are 2 files in /home/cloud_user/airflow/dags
[2023-05-28T22:34:40.318+0000] {manager.py:889} INFO - 
================================================================================
DAG File Processing Stats

File Path                                        PID    Runtime      # DAGs    # Errors  Last Runtime    Last Run
-----------------------------------------------  -----  ---------  --------  ----------  --------------  -------------------
/home/cloud_user/airflow/dags/mydag.py                                    0           1  0.10s           2023-05-28T22:34:40
/home/cloud_user/airflow/dags/kaggle_downold.py                           0           0
================================================================================
[2023-05-28T22:35:10.473+0000] {manager.py:889} INFO - 
================================================================================
DAG File Processing Stats

File Path                                        PID    Runtime      # DAGs    # Errors  Last Runtime    Last Run
-----------------------------------------------  -----  ---------  --------  ----------  --------------  -------------------
/home/cloud_user/airflow/dags/mydag.py                                    0           1  0.10s           2023-05-28T22:35:10
/home/cloud_user/airflow/dags/kaggle_downold.py                           1           0  0.10s           2023-05-28T22:34:41
================================================================================
[2023-05-28T22:35:41.150+0000] {manager.py:889} INFO - 
================================================================================
DAG File Processing Stats

File Path                                        PID    Runtime      # DAGs    # Errors  Last Runtime    Last Run
-----------------------------------------------  -----  ---------  --------  ----------  --------------  -------------------
/home/cloud_user/airflow/dags/mydag.py                                    1           0  0.40s           2023-05-28T22:35:31
/home/cloud_user/airflow/dags/kaggle_downold.py                           1           0  0.10s           2023-05-28T22:35:11
================================================================================
[2023-05-28T22:36:11.587+0000] {manager.py:889} INFO - 
================================================================================
DAG File Processing Stats

File Path                                        PID    Runtime      # DAGs    # Errors  Last Runtime    Last Run
-----------------------------------------------  -----  ---------  --------  ----------  --------------  -------------------
/home/cloud_user/airflow/dags/mydag.py                                    1           0  0.20s           2023-05-28T22:36:01
/home/cloud_user/airflow/dags/kaggle_downold.py                           1           0  0.10s           2023-05-28T22:35:42
================================================================================
[2023-05-28T22:38:11.721+0000] {manager.py:470} INFO - Exiting gracefully upon receiving signal 15
[2023-05-28T22:38:12.250+0000] {manager.py:487} INFO - Processing files using up to 1 processes at a time 
[2023-05-28T22:38:12.250+0000] {manager.py:488} INFO - Process each file at most once every 30 seconds
[2023-05-28T22:38:12.250+0000] {manager.py:489} INFO - Checking for new files in /home/cloud_user/airflow/dags every 300 seconds
[2023-05-28T22:38:12.250+0000] {manager.py:758} INFO - Searching for files in /home/cloud_user/airflow/dags
[2023-05-28T22:38:12.253+0000] {manager.py:761} INFO - There are 2 files in /home/cloud_user/airflow/dags
[2023-05-28T22:38:12.491+0000] {manager.py:889} INFO - 
================================================================================
DAG File Processing Stats

File Path                                        PID    Runtime      # DAGs    # Errors  Last Runtime    Last Run
-----------------------------------------------  -----  ---------  --------  ----------  --------------  -------------------
/home/cloud_user/airflow/dags/kaggle_downold.py                           0           0
/home/cloud_user/airflow/dags/mydag.py                                    1           0  0.20s           2023-05-28T22:38:12
================================================================================
[2023-05-28T22:39:14.353+0000] {manager.py:470} INFO - Exiting gracefully upon receiving signal 15
[2023-05-28T22:39:14.575+0000] {manager.py:487} INFO - Processing files using up to 1 processes at a time 
[2023-05-28T22:39:14.576+0000] {manager.py:488} INFO - Process each file at most once every 30 seconds
[2023-05-28T22:39:14.576+0000] {manager.py:489} INFO - Checking for new files in /home/cloud_user/airflow/dags every 300 seconds
[2023-05-28T22:39:14.576+0000] {manager.py:758} INFO - Searching for files in /home/cloud_user/airflow/dags
[2023-05-28T22:39:14.579+0000] {manager.py:761} INFO - There are 2 files in /home/cloud_user/airflow/dags
[2023-05-28T22:39:14.714+0000] {manager.py:889} INFO - 
================================================================================
DAG File Processing Stats

File Path                                        PID    Runtime      # DAGs    # Errors  Last Runtime    Last Run
-----------------------------------------------  -----  ---------  --------  ----------  --------------  -------------------
/home/cloud_user/airflow/dags/kaggle_downold.py                           0           0
/home/cloud_user/airflow/dags/mydag.py                                    1           0  0.10s           2023-05-28T22:39:14
================================================================================
[2023-05-28T22:39:44.829+0000] {manager.py:889} INFO - 
================================================================================
DAG File Processing Stats

File Path                                        PID    Runtime      # DAGs    # Errors  Last Runtime    Last Run
-----------------------------------------------  -----  ---------  --------  ----------  --------------  -------------------
/home/cloud_user/airflow/dags/mydag.py                                    1           0  0.10s           2023-05-28T22:39:44
/home/cloud_user/airflow/dags/kaggle_downold.py                           1           0  0.10s           2023-05-28T22:39:19
================================================================================
[2023-05-28T22:40:15.355+0000] {manager.py:889} INFO - 
================================================================================
DAG File Processing Stats

File Path                                        PID    Runtime      # DAGs    # Errors  Last Runtime    Last Run
-----------------------------------------------  -----  ---------  --------  ----------  --------------  -------------------
/home/cloud_user/airflow/dags/mydag.py                                    1           0  0.10s           2023-05-28T22:40:15
/home/cloud_user/airflow/dags/kaggle_downold.py                           1           0  0.10s           2023-05-28T22:39:50
================================================================================
[2023-05-28T22:40:46.020+0000] {manager.py:889} INFO - 
================================================================================
DAG File Processing Stats

File Path                                        PID    Runtime      # DAGs    # Errors  Last Runtime    Last Run
-----------------------------------------------  -----  ---------  --------  ----------  --------------  -------------------
/home/cloud_user/airflow/dags/mydag.py                                    1           0  0.10s           2023-05-28T22:40:46
/home/cloud_user/airflow/dags/kaggle_downold.py                           1           0  0.30s           2023-05-28T22:40:20
================================================================================
[2023-05-28T22:41:16.153+0000] {manager.py:889} INFO - 
================================================================================
DAG File Processing Stats

File Path                                        PID    Runtime      # DAGs    # Errors  Last Runtime    Last Run
-----------------------------------------------  -----  ---------  --------  ----------  --------------  -------------------
/home/cloud_user/airflow/dags/mydag.py                                    1           0  0.10s           2023-05-28T22:41:16
/home/cloud_user/airflow/dags/kaggle_downold.py                           1           0  0.10s           2023-05-28T22:40:51
================================================================================
