[2023-05-28T22:37:47.051+0000] {taskinstance.py:1103} INFO - Dependencies all met for dep_context=non-requeueable deps ti=<TaskInstance: stock_market_dag.process_raw_data_etfs manual__2023-05-28T22:36:39.398671+00:00 [queued]>
[2023-05-28T22:37:47.057+0000] {taskinstance.py:1103} INFO - Dependencies all met for dep_context=requeueable deps ti=<TaskInstance: stock_market_dag.process_raw_data_etfs manual__2023-05-28T22:36:39.398671+00:00 [queued]>
[2023-05-28T22:37:47.057+0000] {taskinstance.py:1308} INFO - Starting attempt 1 of 1
[2023-05-28T22:37:47.072+0000] {taskinstance.py:1327} INFO - Executing <Task(BashOperator): process_raw_data_etfs> on 2023-05-28 22:36:39.398671+00:00
[2023-05-28T22:37:47.076+0000] {standard_task_runner.py:57} INFO - Started process 21761 to run task
[2023-05-28T22:37:47.079+0000] {standard_task_runner.py:84} INFO - Running: ['airflow', 'tasks', 'run', 'stock_market_dag', 'process_raw_data_etfs', 'manual__2023-05-28T22:36:39.398671+00:00', '--job-id', '5', '--raw', '--subdir', 'DAGS_FOLDER/mydag.py', '--cfg-path', '/tmp/tmpn9r69pxp']
[2023-05-28T22:37:47.080+0000] {standard_task_runner.py:85} INFO - Job 5: Subtask process_raw_data_etfs
[2023-05-28T22:37:47.112+0000] {task_command.py:410} INFO - Running <TaskInstance: stock_market_dag.process_raw_data_etfs manual__2023-05-28T22:36:39.398671+00:00 [running]> on host 4b5d28de6f1c.mylabserver.com
[2023-05-28T22:37:47.174+0000] {taskinstance.py:1545} INFO - Exporting env vars: AIRFLOW_CTX_DAG_OWNER='airflow' AIRFLOW_CTX_DAG_ID='stock_market_dag' AIRFLOW_CTX_TASK_ID='process_raw_data_etfs' AIRFLOW_CTX_EXECUTION_DATE='2023-05-28T22:36:39.398671+00:00' AIRFLOW_CTX_TRY_NUMBER='1' AIRFLOW_CTX_DAG_RUN_ID='manual__2023-05-28T22:36:39.398671+00:00'
[2023-05-28T22:37:47.175+0000] {subprocess.py:63} INFO - Tmp dir root location: 
 /tmp
[2023-05-28T22:37:47.175+0000] {subprocess.py:75} INFO - Running command: ['/usr/bin/bash', '-c', 'spark-submit /home/cloud_user/Stock-Market-Nasdaq/scripts/process_raw_data.py /home/cloud_user/Stock-Market-Nasdaq/data 20 etfs || true']
[2023-05-28T22:37:47.182+0000] {subprocess.py:86} INFO - Output:
[2023-05-28T22:37:51.607+0000] {subprocess.py:93} INFO - 23/05/28 22:37:51 INFO SparkContext: Running Spark version 3.4.0
[2023-05-28T22:37:51.689+0000] {subprocess.py:93} INFO - 23/05/28 22:37:51 WARN NativeCodeLoader: Unable to load native-hadoop library for your platform... using builtin-java classes where applicable
[2023-05-28T22:37:51.848+0000] {subprocess.py:93} INFO - 23/05/28 22:37:51 INFO ResourceUtils: ==============================================================
[2023-05-28T22:37:51.849+0000] {subprocess.py:93} INFO - 23/05/28 22:37:51 INFO ResourceUtils: No custom resources configured for spark.driver.
[2023-05-28T22:37:51.850+0000] {subprocess.py:93} INFO - 23/05/28 22:37:51 INFO ResourceUtils: ==============================================================
[2023-05-28T22:37:51.850+0000] {subprocess.py:93} INFO - 23/05/28 22:37:51 INFO SparkContext: Submitted application: DataProcessing
[2023-05-28T22:37:51.891+0000] {subprocess.py:93} INFO - 23/05/28 22:37:51 INFO ResourceProfile: Default ResourceProfile created, executor resources: Map(cores -> name: cores, amount: 2, script: , vendor: , memory -> name: memory, amount: 8192, script: , vendor: , offHeap -> name: offHeap, amount: 0, script: , vendor: ), task resources: Map(cpus -> name: cpus, amount: 1.0)
[2023-05-28T22:37:51.907+0000] {subprocess.py:93} INFO - 23/05/28 22:37:51 INFO ResourceProfile: Limiting resource is cpus at 2 tasks per executor
[2023-05-28T22:37:51.911+0000] {subprocess.py:93} INFO - 23/05/28 22:37:51 INFO ResourceProfileManager: Added ResourceProfile id: 0
[2023-05-28T22:37:51.977+0000] {subprocess.py:93} INFO - 23/05/28 22:37:51 INFO SecurityManager: Changing view acls to: cloud_user
[2023-05-28T22:37:51.979+0000] {subprocess.py:93} INFO - 23/05/28 22:37:51 INFO SecurityManager: Changing modify acls to: cloud_user
[2023-05-28T22:37:51.980+0000] {subprocess.py:93} INFO - 23/05/28 22:37:51 INFO SecurityManager: Changing view acls groups to:
[2023-05-28T22:37:51.982+0000] {subprocess.py:93} INFO - 23/05/28 22:37:51 INFO SecurityManager: Changing modify acls groups to:
[2023-05-28T22:37:51.983+0000] {subprocess.py:93} INFO - 23/05/28 22:37:51 INFO SecurityManager: SecurityManager: authentication disabled; ui acls disabled; users with view permissions: cloud_user; groups with view permissions: EMPTY; users with modify permissions: cloud_user; groups with modify permissions: EMPTY
[2023-05-28T22:37:52.383+0000] {subprocess.py:93} INFO - 23/05/28 22:37:52 INFO Utils: Successfully started service 'sparkDriver' on port 43565.
[2023-05-28T22:37:52.435+0000] {subprocess.py:93} INFO - 23/05/28 22:37:52 INFO SparkEnv: Registering MapOutputTracker
[2023-05-28T22:37:52.485+0000] {subprocess.py:93} INFO - 23/05/28 22:37:52 INFO SparkEnv: Registering BlockManagerMaster
[2023-05-28T22:37:52.519+0000] {subprocess.py:93} INFO - 23/05/28 22:37:52 INFO BlockManagerMasterEndpoint: Using org.apache.spark.storage.DefaultTopologyMapper for getting topology information
[2023-05-28T22:37:52.523+0000] {subprocess.py:93} INFO - 23/05/28 22:37:52 INFO BlockManagerMasterEndpoint: BlockManagerMasterEndpoint up
[2023-05-28T22:37:52.529+0000] {subprocess.py:93} INFO - 23/05/28 22:37:52 INFO SparkEnv: Registering BlockManagerMasterHeartbeat
[2023-05-28T22:37:52.557+0000] {subprocess.py:93} INFO - 23/05/28 22:37:52 INFO DiskBlockManager: Created local directory at /tmp/blockmgr-7a0818c0-300e-4f82-87fa-4d9d573f0758
[2023-05-28T22:37:52.588+0000] {subprocess.py:93} INFO - 23/05/28 22:37:52 INFO MemoryStore: MemoryStore started with capacity 434.4 MiB
[2023-05-28T22:37:52.616+0000] {subprocess.py:93} INFO - 23/05/28 22:37:52 INFO SparkEnv: Registering OutputCommitCoordinator
[2023-05-28T22:37:52.855+0000] {subprocess.py:93} INFO - 23/05/28 22:37:52 INFO JettyUtils: Start Jetty 0.0.0.0:4040 for SparkUI
[2023-05-28T22:37:52.945+0000] {subprocess.py:93} INFO - 23/05/28 22:37:52 INFO Utils: Successfully started service 'SparkUI' on port 4040.
[2023-05-28T22:37:53.170+0000] {subprocess.py:93} INFO - 23/05/28 22:37:53 INFO Executor: Starting executor ID driver on host 4b5d28de6f1c.mylabserver.com
[2023-05-28T22:37:53.187+0000] {subprocess.py:93} INFO - 23/05/28 22:37:53 INFO Executor: Starting executor with user classpath (userClassPathFirst = false): ''
[2023-05-28T22:37:53.213+0000] {subprocess.py:93} INFO - 23/05/28 22:37:53 INFO Utils: Successfully started service 'org.apache.spark.network.netty.NettyBlockTransferService' on port 45039.
[2023-05-28T22:37:53.214+0000] {subprocess.py:93} INFO - 23/05/28 22:37:53 INFO NettyBlockTransferService: Server created on 4b5d28de6f1c.mylabserver.com:45039
[2023-05-28T22:37:53.215+0000] {subprocess.py:93} INFO - 23/05/28 22:37:53 INFO BlockManager: Using org.apache.spark.storage.RandomBlockReplicationPolicy for block replication policy
[2023-05-28T22:37:53.224+0000] {subprocess.py:93} INFO - 23/05/28 22:37:53 INFO BlockManagerMaster: Registering BlockManager BlockManagerId(driver, 4b5d28de6f1c.mylabserver.com, 45039, None)
[2023-05-28T22:37:53.228+0000] {subprocess.py:93} INFO - 23/05/28 22:37:53 INFO BlockManagerMasterEndpoint: Registering block manager 4b5d28de6f1c.mylabserver.com:45039 with 434.4 MiB RAM, BlockManagerId(driver, 4b5d28de6f1c.mylabserver.com, 45039, None)
[2023-05-28T22:37:53.232+0000] {subprocess.py:93} INFO - 23/05/28 22:37:53 INFO BlockManagerMaster: Registered BlockManager BlockManagerId(driver, 4b5d28de6f1c.mylabserver.com, 45039, None)
[2023-05-28T22:37:53.235+0000] {subprocess.py:93} INFO - 23/05/28 22:37:53 INFO BlockManager: Initialized BlockManager: BlockManagerId(driver, 4b5d28de6f1c.mylabserver.com, 45039, None)
[2023-05-28T22:37:54.041+0000] {subprocess.py:93} INFO - 23/05/28 22:37:54 INFO SharedState: Setting hive.metastore.warehouse.dir ('null') to the value of spark.sql.warehouse.dir.
[2023-05-28T22:37:54.053+0000] {subprocess.py:93} INFO - 23/05/28 22:37:54 INFO SharedState: Warehouse path is 'file:/tmp/airflowtmpwky6rso0/spark-warehouse'.
[2023-05-28T22:37:55.155+0000] {subprocess.py:93} INFO - 23/05/28 22:37:55 INFO InMemoryFileIndex: It took 72 ms to list leaf files for 1 paths.
[2023-05-28T22:37:55.275+0000] {subprocess.py:93} INFO - 23/05/28 22:37:55 INFO InMemoryFileIndex: It took 6 ms to list leaf files for 1 paths.
[2023-05-28T22:37:58.476+0000] {subprocess.py:93} INFO - 23/05/28 22:37:58 INFO FileSourceStrategy: Pushed Filters:
[2023-05-28T22:37:58.479+0000] {subprocess.py:93} INFO - 23/05/28 22:37:58 INFO FileSourceStrategy: Post-Scan Filters: (length(trim(value#0, None)) > 0)
[2023-05-28T22:37:59.280+0000] {subprocess.py:93} INFO - 23/05/28 22:37:59 INFO CodeGenerator: Code generated in 363.514314 ms
[2023-05-28T22:37:59.356+0000] {subprocess.py:93} INFO - 23/05/28 22:37:59 INFO MemoryStore: Block broadcast_0 stored as values in memory (estimated size 200.2 KiB, free 434.2 MiB)
[2023-05-28T22:37:59.467+0000] {subprocess.py:93} INFO - 23/05/28 22:37:59 INFO MemoryStore: Block broadcast_0_piece0 stored as bytes in memory (estimated size 34.4 KiB, free 434.2 MiB)
[2023-05-28T22:37:59.472+0000] {subprocess.py:93} INFO - 23/05/28 22:37:59 INFO BlockManagerInfo: Added broadcast_0_piece0 in memory on 4b5d28de6f1c.mylabserver.com:45039 (size: 34.4 KiB, free: 434.4 MiB)
[2023-05-28T22:37:59.478+0000] {subprocess.py:93} INFO - 23/05/28 22:37:59 INFO SparkContext: Created broadcast 0 from csv at NativeMethodAccessorImpl.java:0
[2023-05-28T22:37:59.491+0000] {subprocess.py:93} INFO - 23/05/28 22:37:59 INFO FileSourceScanExec: Planning scan with bin packing, max size: 4194304 bytes, open cost is considered as scanning 4194304 bytes.
[2023-05-28T22:37:59.671+0000] {subprocess.py:93} INFO - 23/05/28 22:37:59 INFO SparkContext: Starting job: csv at NativeMethodAccessorImpl.java:0
[2023-05-28T22:37:59.689+0000] {subprocess.py:93} INFO - 23/05/28 22:37:59 INFO DAGScheduler: Got job 0 (csv at NativeMethodAccessorImpl.java:0) with 1 output partitions
[2023-05-28T22:37:59.690+0000] {subprocess.py:93} INFO - 23/05/28 22:37:59 INFO DAGScheduler: Final stage: ResultStage 0 (csv at NativeMethodAccessorImpl.java:0)
[2023-05-28T22:37:59.691+0000] {subprocess.py:93} INFO - 23/05/28 22:37:59 INFO DAGScheduler: Parents of final stage: List()
[2023-05-28T22:37:59.692+0000] {subprocess.py:93} INFO - 23/05/28 22:37:59 INFO DAGScheduler: Missing parents: List()
[2023-05-28T22:37:59.709+0000] {subprocess.py:93} INFO - 23/05/28 22:37:59 INFO DAGScheduler: Submitting ResultStage 0 (MapPartitionsRDD[3] at csv at NativeMethodAccessorImpl.java:0), which has no missing parents
[2023-05-28T22:37:59.831+0000] {subprocess.py:93} INFO - 23/05/28 22:37:59 INFO MemoryStore: Block broadcast_1 stored as values in memory (estimated size 12.1 KiB, free 434.2 MiB)
[2023-05-28T22:37:59.834+0000] {subprocess.py:93} INFO - 23/05/28 22:37:59 INFO MemoryStore: Block broadcast_1_piece0 stored as bytes in memory (estimated size 6.0 KiB, free 434.2 MiB)
[2023-05-28T22:37:59.836+0000] {subprocess.py:93} INFO - 23/05/28 22:37:59 INFO BlockManagerInfo: Added broadcast_1_piece0 in memory on 4b5d28de6f1c.mylabserver.com:45039 (size: 6.0 KiB, free: 434.4 MiB)
[2023-05-28T22:37:59.837+0000] {subprocess.py:93} INFO - 23/05/28 22:37:59 INFO SparkContext: Created broadcast 1 from broadcast at DAGScheduler.scala:1535
[2023-05-28T22:37:59.857+0000] {subprocess.py:93} INFO - 23/05/28 22:37:59 INFO DAGScheduler: Submitting 1 missing tasks from ResultStage 0 (MapPartitionsRDD[3] at csv at NativeMethodAccessorImpl.java:0) (first 15 tasks are for partitions Vector(0))
[2023-05-28T22:37:59.859+0000] {subprocess.py:93} INFO - 23/05/28 22:37:59 INFO TaskSchedulerImpl: Adding task set 0.0 with 1 tasks resource profile 0
[2023-05-28T22:37:59.930+0000] {subprocess.py:93} INFO - 23/05/28 22:37:59 INFO TaskSetManager: Starting task 0.0 in stage 0.0 (TID 0) (4b5d28de6f1c.mylabserver.com, executor driver, partition 0, PROCESS_LOCAL, 7951 bytes)
[2023-05-28T22:37:59.962+0000] {subprocess.py:93} INFO - 23/05/28 22:37:59 INFO Executor: Running task 0.0 in stage 0.0 (TID 0)
[2023-05-28T22:38:00.198+0000] {subprocess.py:93} INFO - 23/05/28 22:38:00 INFO FileScanRDD: Reading File path: file:///home/cloud_user/Stock-Market-Nasdaq/data/symbols_valid_meta.csv, range: 0-611626, partition values: [empty row]
[2023-05-28T22:38:00.227+0000] {subprocess.py:93} INFO - 23/05/28 22:38:00 INFO CodeGenerator: Code generated in 19.895746 ms
[2023-05-28T22:38:00.305+0000] {subprocess.py:93} INFO - 23/05/28 22:38:00 INFO Executor: Finished task 0.0 in stage 0.0 (TID 0). 1798 bytes result sent to driver
[2023-05-28T22:38:00.326+0000] {subprocess.py:93} INFO - 23/05/28 22:38:00 INFO TaskSetManager: Finished task 0.0 in stage 0.0 (TID 0) in 411 ms on 4b5d28de6f1c.mylabserver.com (executor driver) (1/1)
[2023-05-28T22:38:00.348+0000] {subprocess.py:93} INFO - 23/05/28 22:38:00 INFO TaskSchedulerImpl: Removed TaskSet 0.0, whose tasks have all completed, from pool
[2023-05-28T22:38:00.349+0000] {subprocess.py:93} INFO - 23/05/28 22:38:00 INFO DAGScheduler: ResultStage 0 (csv at NativeMethodAccessorImpl.java:0) finished in 0.606 s
[2023-05-28T22:38:00.355+0000] {subprocess.py:93} INFO - 23/05/28 22:38:00 INFO DAGScheduler: Job 0 is finished. Cancelling potential speculative or zombie tasks for this job
[2023-05-28T22:38:00.356+0000] {subprocess.py:93} INFO - 23/05/28 22:38:00 INFO TaskSchedulerImpl: Killing all running tasks in stage 0: Stage finished
[2023-05-28T22:38:00.365+0000] {subprocess.py:93} INFO - 23/05/28 22:38:00 INFO DAGScheduler: Job 0 finished: csv at NativeMethodAccessorImpl.java:0, took 0.687253 s
[2023-05-28T22:38:00.405+0000] {subprocess.py:93} INFO - 23/05/28 22:38:00 INFO CodeGenerator: Code generated in 25.009274 ms
[2023-05-28T22:38:00.477+0000] {subprocess.py:93} INFO - 23/05/28 22:38:00 INFO FileSourceStrategy: Pushed Filters:
[2023-05-28T22:38:00.477+0000] {subprocess.py:93} INFO - 23/05/28 22:38:00 INFO FileSourceStrategy: Post-Scan Filters:
[2023-05-28T22:38:00.492+0000] {subprocess.py:93} INFO - 23/05/28 22:38:00 INFO MemoryStore: Block broadcast_2 stored as values in memory (estimated size 200.2 KiB, free 434.0 MiB)
[2023-05-28T22:38:00.523+0000] {subprocess.py:93} INFO - 23/05/28 22:38:00 INFO MemoryStore: Block broadcast_2_piece0 stored as bytes in memory (estimated size 34.4 KiB, free 433.9 MiB)
[2023-05-28T22:38:00.524+0000] {subprocess.py:93} INFO - 23/05/28 22:38:00 INFO BlockManagerInfo: Added broadcast_2_piece0 in memory on 4b5d28de6f1c.mylabserver.com:45039 (size: 34.4 KiB, free: 434.3 MiB)
[2023-05-28T22:38:00.525+0000] {subprocess.py:93} INFO - 23/05/28 22:38:00 INFO SparkContext: Created broadcast 2 from csv at NativeMethodAccessorImpl.java:0
[2023-05-28T22:38:00.527+0000] {subprocess.py:93} INFO - 23/05/28 22:38:00 INFO FileSourceScanExec: Planning scan with bin packing, max size: 4194304 bytes, open cost is considered as scanning 4194304 bytes.
[2023-05-28T22:38:00.559+0000] {subprocess.py:93} INFO - 23/05/28 22:38:00 INFO BlockManagerInfo: Removed broadcast_1_piece0 on 4b5d28de6f1c.mylabserver.com:45039 in memory (size: 6.0 KiB, free: 434.3 MiB)
[2023-05-28T22:38:01.051+0000] {subprocess.py:93} INFO - 23/05/28 22:38:01 INFO InMemoryFileIndex: It took 3 ms to list leaf files for 1 paths.
[2023-05-28T22:38:01.197+0000] {subprocess.py:93} INFO - 23/05/28 22:38:01 INFO InMemoryFileIndex: It took 2 ms to list leaf files for 1 paths.
[2023-05-28T22:38:01.281+0000] {subprocess.py:93} INFO - 23/05/28 22:38:01 INFO InMemoryFileIndex: It took 1 ms to list leaf files for 1 paths.
[2023-05-28T22:38:01.371+0000] {subprocess.py:93} INFO - 23/05/28 22:38:01 INFO InMemoryFileIndex: It took 1 ms to list leaf files for 1 paths.
[2023-05-28T22:38:01.476+0000] {subprocess.py:93} INFO - 23/05/28 22:38:01 INFO InMemoryFileIndex: It took 4 ms to list leaf files for 1 paths.
[2023-05-28T22:38:01.606+0000] {subprocess.py:93} INFO - 23/05/28 22:38:01 INFO InMemoryFileIndex: It took 1 ms to list leaf files for 1 paths.
[2023-05-28T22:38:01.694+0000] {subprocess.py:93} INFO - 23/05/28 22:38:01 INFO InMemoryFileIndex: It took 1 ms to list leaf files for 1 paths.
[2023-05-28T22:38:01.784+0000] {subprocess.py:93} INFO - 23/05/28 22:38:01 INFO InMemoryFileIndex: It took 1 ms to list leaf files for 1 paths.
[2023-05-28T22:38:01.854+0000] {subprocess.py:93} INFO - 23/05/28 22:38:01 INFO InMemoryFileIndex: It took 1 ms to list leaf files for 1 paths.
[2023-05-28T22:38:01.930+0000] {subprocess.py:93} INFO - 23/05/28 22:38:01 INFO InMemoryFileIndex: It took 1 ms to list leaf files for 1 paths.
[2023-05-28T22:38:02.011+0000] {subprocess.py:93} INFO - 23/05/28 22:38:02 INFO InMemoryFileIndex: It took 1 ms to list leaf files for 1 paths.
[2023-05-28T22:38:02.108+0000] {subprocess.py:93} INFO - 23/05/28 22:38:02 INFO InMemoryFileIndex: It took 1 ms to list leaf files for 1 paths.
[2023-05-28T22:38:02.182+0000] {subprocess.py:93} INFO - 23/05/28 22:38:02 INFO InMemoryFileIndex: It took 2 ms to list leaf files for 1 paths.
[2023-05-28T22:38:02.244+0000] {subprocess.py:93} INFO - 23/05/28 22:38:02 INFO InMemoryFileIndex: It took 1 ms to list leaf files for 1 paths.
[2023-05-28T22:38:02.306+0000] {subprocess.py:93} INFO - 23/05/28 22:38:02 INFO InMemoryFileIndex: It took 1 ms to list leaf files for 1 paths.
[2023-05-28T22:38:02.364+0000] {subprocess.py:93} INFO - 23/05/28 22:38:02 INFO InMemoryFileIndex: It took 1 ms to list leaf files for 1 paths.
[2023-05-28T22:38:02.441+0000] {subprocess.py:93} INFO - 23/05/28 22:38:02 INFO InMemoryFileIndex: It took 2 ms to list leaf files for 1 paths.
[2023-05-28T22:38:02.501+0000] {subprocess.py:93} INFO - 23/05/28 22:38:02 INFO InMemoryFileIndex: It took 1 ms to list leaf files for 1 paths.
[2023-05-28T22:38:02.573+0000] {subprocess.py:93} INFO - 23/05/28 22:38:02 INFO InMemoryFileIndex: It took 1 ms to list leaf files for 1 paths.
[2023-05-28T22:38:02.636+0000] {subprocess.py:93} INFO - 23/05/28 22:38:02 INFO InMemoryFileIndex: It took 1 ms to list leaf files for 1 paths.
[2023-05-28T22:38:03.599+0000] {subprocess.py:93} INFO - 23/05/28 22:38:03 INFO FileSourceStrategy: Pushed Filters:
[2023-05-28T22:38:03.600+0000] {subprocess.py:93} INFO - 23/05/28 22:38:03 INFO FileSourceStrategy: Post-Scan Filters:
[2023-05-28T22:38:03.603+0000] {subprocess.py:93} INFO - 23/05/28 22:38:03 INFO FileSourceStrategy: Pushed Filters:
[2023-05-28T22:38:03.603+0000] {subprocess.py:93} INFO - 23/05/28 22:38:03 INFO FileSourceStrategy: Post-Scan Filters:
[2023-05-28T22:38:03.605+0000] {subprocess.py:93} INFO - 23/05/28 22:38:03 INFO FileSourceStrategy: Pushed Filters:
[2023-05-28T22:38:03.606+0000] {subprocess.py:93} INFO - 23/05/28 22:38:03 INFO FileSourceStrategy: Post-Scan Filters:
[2023-05-28T22:38:03.610+0000] {subprocess.py:93} INFO - 23/05/28 22:38:03 INFO FileSourceStrategy: Pushed Filters:
[2023-05-28T22:38:03.610+0000] {subprocess.py:93} INFO - 23/05/28 22:38:03 INFO FileSourceStrategy: Post-Scan Filters:
[2023-05-28T22:38:03.614+0000] {subprocess.py:93} INFO - 23/05/28 22:38:03 INFO FileSourceStrategy: Pushed Filters:
[2023-05-28T22:38:03.614+0000] {subprocess.py:93} INFO - 23/05/28 22:38:03 INFO FileSourceStrategy: Post-Scan Filters:
[2023-05-28T22:38:03.617+0000] {subprocess.py:93} INFO - 23/05/28 22:38:03 INFO FileSourceStrategy: Pushed Filters:
[2023-05-28T22:38:03.619+0000] {subprocess.py:93} INFO - 23/05/28 22:38:03 INFO FileSourceStrategy: Post-Scan Filters:
[2023-05-28T22:38:03.622+0000] {subprocess.py:93} INFO - 23/05/28 22:38:03 INFO FileSourceStrategy: Pushed Filters:
[2023-05-28T22:38:03.624+0000] {subprocess.py:93} INFO - 23/05/28 22:38:03 INFO FileSourceStrategy: Post-Scan Filters:
[2023-05-28T22:38:03.626+0000] {subprocess.py:93} INFO - 23/05/28 22:38:03 INFO FileSourceStrategy: Pushed Filters:
[2023-05-28T22:38:03.627+0000] {subprocess.py:93} INFO - 23/05/28 22:38:03 INFO FileSourceStrategy: Post-Scan Filters:
[2023-05-28T22:38:03.631+0000] {subprocess.py:93} INFO - 23/05/28 22:38:03 INFO FileSourceStrategy: Pushed Filters:
[2023-05-28T22:38:03.631+0000] {subprocess.py:93} INFO - 23/05/28 22:38:03 INFO FileSourceStrategy: Post-Scan Filters:
[2023-05-28T22:38:03.634+0000] {subprocess.py:93} INFO - 23/05/28 22:38:03 INFO FileSourceStrategy: Pushed Filters:
[2023-05-28T22:38:03.635+0000] {subprocess.py:93} INFO - 23/05/28 22:38:03 INFO FileSourceStrategy: Post-Scan Filters:
[2023-05-28T22:38:03.637+0000] {subprocess.py:93} INFO - 23/05/28 22:38:03 INFO FileSourceStrategy: Pushed Filters:
[2023-05-28T22:38:03.638+0000] {subprocess.py:93} INFO - 23/05/28 22:38:03 INFO FileSourceStrategy: Post-Scan Filters:
[2023-05-28T22:38:03.640+0000] {subprocess.py:93} INFO - 23/05/28 22:38:03 INFO FileSourceStrategy: Pushed Filters:
[2023-05-28T22:38:03.641+0000] {subprocess.py:93} INFO - 23/05/28 22:38:03 INFO FileSourceStrategy: Post-Scan Filters:
[2023-05-28T22:38:03.643+0000] {subprocess.py:93} INFO - 23/05/28 22:38:03 INFO FileSourceStrategy: Pushed Filters:
[2023-05-28T22:38:03.644+0000] {subprocess.py:93} INFO - 23/05/28 22:38:03 INFO FileSourceStrategy: Post-Scan Filters:
[2023-05-28T22:38:03.646+0000] {subprocess.py:93} INFO - 23/05/28 22:38:03 INFO FileSourceStrategy: Pushed Filters:
[2023-05-28T22:38:03.647+0000] {subprocess.py:93} INFO - 23/05/28 22:38:03 INFO FileSourceStrategy: Post-Scan Filters:
[2023-05-28T22:38:03.650+0000] {subprocess.py:93} INFO - 23/05/28 22:38:03 INFO FileSourceStrategy: Pushed Filters:
[2023-05-28T22:38:03.653+0000] {subprocess.py:93} INFO - 23/05/28 22:38:03 INFO FileSourceStrategy: Post-Scan Filters:
[2023-05-28T22:38:03.657+0000] {subprocess.py:93} INFO - 23/05/28 22:38:03 INFO FileSourceStrategy: Pushed Filters:
[2023-05-28T22:38:03.658+0000] {subprocess.py:93} INFO - 23/05/28 22:38:03 INFO FileSourceStrategy: Post-Scan Filters:
[2023-05-28T22:38:03.664+0000] {subprocess.py:93} INFO - 23/05/28 22:38:03 INFO FileSourceStrategy: Pushed Filters:
[2023-05-28T22:38:03.666+0000] {subprocess.py:93} INFO - 23/05/28 22:38:03 INFO FileSourceStrategy: Post-Scan Filters:
[2023-05-28T22:38:03.668+0000] {subprocess.py:93} INFO - 23/05/28 22:38:03 INFO FileSourceStrategy: Pushed Filters:
[2023-05-28T22:38:03.669+0000] {subprocess.py:93} INFO - 23/05/28 22:38:03 INFO FileSourceStrategy: Post-Scan Filters:
[2023-05-28T22:38:03.673+0000] {subprocess.py:93} INFO - 23/05/28 22:38:03 INFO FileSourceStrategy: Pushed Filters:
[2023-05-28T22:38:03.673+0000] {subprocess.py:93} INFO - 23/05/28 22:38:03 INFO FileSourceStrategy: Post-Scan Filters:
[2023-05-28T22:38:03.677+0000] {subprocess.py:93} INFO - 23/05/28 22:38:03 INFO FileSourceStrategy: Pushed Filters:
[2023-05-28T22:38:03.677+0000] {subprocess.py:93} INFO - 23/05/28 22:38:03 INFO FileSourceStrategy: Post-Scan Filters:
[2023-05-28T22:38:03.694+0000] {subprocess.py:93} INFO - 23/05/28 22:38:03 INFO FileSourceStrategy: Pushed Filters: IsNotNull(Symbol)
[2023-05-28T22:38:03.695+0000] {subprocess.py:93} INFO - 23/05/28 22:38:03 INFO FileSourceStrategy: Post-Scan Filters: isnotnull(Symbol#18)
[2023-05-28T22:38:03.941+0000] {subprocess.py:93} INFO - 23/05/28 22:38:03 INFO CodeGenerator: Code generated in 20.51911 ms
[2023-05-28T22:38:03.949+0000] {subprocess.py:93} INFO - 23/05/28 22:38:03 INFO MemoryStore: Block broadcast_3 stored as values in memory (estimated size 200.1 KiB, free 433.7 MiB)
[2023-05-28T22:38:04.022+0000] {subprocess.py:93} INFO - 23/05/28 22:38:04 INFO MemoryStore: Block broadcast_3_piece0 stored as bytes in memory (estimated size 34.4 KiB, free 433.7 MiB)
[2023-05-28T22:38:04.028+0000] {subprocess.py:93} INFO - 23/05/28 22:38:04 INFO BlockManagerInfo: Added broadcast_3_piece0 in memory on 4b5d28de6f1c.mylabserver.com:45039 (size: 34.4 KiB, free: 434.3 MiB)
[2023-05-28T22:38:04.029+0000] {subprocess.py:93} INFO - 23/05/28 22:38:04 INFO SparkContext: Created broadcast 3 from $anonfun$withThreadLocalCaptured$1 at FutureTask.java:264
[2023-05-28T22:38:04.036+0000] {subprocess.py:93} INFO - 23/05/28 22:38:04 INFO FileSourceScanExec: Planning scan with bin packing, max size: 4194304 bytes, open cost is considered as scanning 4194304 bytes.
[2023-05-28T22:38:04.161+0000] {subprocess.py:93} INFO - 23/05/28 22:38:04 INFO SparkContext: Starting job: $anonfun$withThreadLocalCaptured$1 at FutureTask.java:264
[2023-05-28T22:38:04.167+0000] {subprocess.py:93} INFO - 23/05/28 22:38:04 INFO DAGScheduler: Got job 1 ($anonfun$withThreadLocalCaptured$1 at FutureTask.java:264) with 1 output partitions
[2023-05-28T22:38:04.168+0000] {subprocess.py:93} INFO - 23/05/28 22:38:04 INFO DAGScheduler: Final stage: ResultStage 1 ($anonfun$withThreadLocalCaptured$1 at FutureTask.java:264)
[2023-05-28T22:38:04.168+0000] {subprocess.py:93} INFO - 23/05/28 22:38:04 INFO DAGScheduler: Parents of final stage: List()
[2023-05-28T22:38:04.168+0000] {subprocess.py:93} INFO - 23/05/28 22:38:04 INFO DAGScheduler: Missing parents: List()
[2023-05-28T22:38:04.168+0000] {subprocess.py:93} INFO - 23/05/28 22:38:04 INFO DAGScheduler: Submitting ResultStage 1 (MapPartitionsRDD[18] at $anonfun$withThreadLocalCaptured$1 at FutureTask.java:264), which has no missing parents
[2023-05-28T22:38:04.178+0000] {subprocess.py:93} INFO - 23/05/28 22:38:04 INFO MemoryStore: Block broadcast_4 stored as values in memory (estimated size 14.6 KiB, free 433.7 MiB)
[2023-05-28T22:38:04.180+0000] {subprocess.py:93} INFO - 23/05/28 22:38:04 INFO MemoryStore: Block broadcast_4_piece0 stored as bytes in memory (estimated size 7.4 KiB, free 433.7 MiB)
[2023-05-28T22:38:04.189+0000] {subprocess.py:93} INFO - 23/05/28 22:38:04 INFO BlockManagerInfo: Removed broadcast_0_piece0 on 4b5d28de6f1c.mylabserver.com:45039 in memory (size: 34.4 KiB, free: 434.3 MiB)
[2023-05-28T22:38:04.192+0000] {subprocess.py:93} INFO - 23/05/28 22:38:04 INFO BlockManagerInfo: Added broadcast_4_piece0 in memory on 4b5d28de6f1c.mylabserver.com:45039 (size: 7.4 KiB, free: 434.3 MiB)
[2023-05-28T22:38:04.193+0000] {subprocess.py:93} INFO - 23/05/28 22:38:04 INFO SparkContext: Created broadcast 4 from broadcast at DAGScheduler.scala:1535
[2023-05-28T22:38:04.196+0000] {subprocess.py:93} INFO - 23/05/28 22:38:04 INFO DAGScheduler: Submitting 1 missing tasks from ResultStage 1 (MapPartitionsRDD[18] at $anonfun$withThreadLocalCaptured$1 at FutureTask.java:264) (first 15 tasks are for partitions Vector(0))
[2023-05-28T22:38:04.196+0000] {subprocess.py:93} INFO - 23/05/28 22:38:04 INFO TaskSchedulerImpl: Adding task set 1.0 with 1 tasks resource profile 0
[2023-05-28T22:38:04.197+0000] {subprocess.py:93} INFO - 23/05/28 22:38:04 INFO TaskSetManager: Starting task 0.0 in stage 1.0 (TID 1) (4b5d28de6f1c.mylabserver.com, executor driver, partition 0, PROCESS_LOCAL, 7951 bytes)
[2023-05-28T22:38:04.201+0000] {subprocess.py:93} INFO - 23/05/28 22:38:04 INFO Executor: Running task 0.0 in stage 1.0 (TID 1)
[2023-05-28T22:38:04.227+0000] {subprocess.py:93} INFO - 23/05/28 22:38:04 INFO FileScanRDD: Reading File path: file:///home/cloud_user/Stock-Market-Nasdaq/data/symbols_valid_meta.csv, range: 0-611626, partition values: [empty row]
[2023-05-28T22:38:04.244+0000] {subprocess.py:93} INFO - 23/05/28 22:38:04 INFO BlockManagerInfo: Removed broadcast_2_piece0 on 4b5d28de6f1c.mylabserver.com:45039 in memory (size: 34.4 KiB, free: 434.4 MiB)
[2023-05-28T22:38:04.276+0000] {subprocess.py:93} INFO - 23/05/28 22:38:04 INFO CodeGenerator: Code generated in 43.558002 ms
[2023-05-28T22:38:04.323+0000] {subprocess.py:93} INFO - 23/05/28 22:38:04 INFO CodeGenerator: Code generated in 20.225994 ms
[2023-05-28T22:38:04.665+0000] {subprocess.py:93} INFO - 23/05/28 22:38:04 INFO Executor: Finished task 0.0 in stage 1.0 (TID 1). 272662 bytes result sent to driver
[2023-05-28T22:38:04.675+0000] {subprocess.py:93} INFO - 23/05/28 22:38:04 INFO TaskSetManager: Finished task 0.0 in stage 1.0 (TID 1) in 479 ms on 4b5d28de6f1c.mylabserver.com (executor driver) (1/1)
[2023-05-28T22:38:04.683+0000] {subprocess.py:93} INFO - 23/05/28 22:38:04 INFO DAGScheduler: ResultStage 1 ($anonfun$withThreadLocalCaptured$1 at FutureTask.java:264) finished in 0.508 s
[2023-05-28T22:38:04.683+0000] {subprocess.py:93} INFO - 23/05/28 22:38:04 INFO DAGScheduler: Job 1 is finished. Cancelling potential speculative or zombie tasks for this job
[2023-05-28T22:38:04.683+0000] {subprocess.py:93} INFO - 23/05/28 22:38:04 INFO TaskSchedulerImpl: Removed TaskSet 1.0, whose tasks have all completed, from pool
[2023-05-28T22:38:04.689+0000] {subprocess.py:93} INFO - 23/05/28 22:38:04 INFO TaskSchedulerImpl: Killing all running tasks in stage 1: Stage finished
[2023-05-28T22:38:04.690+0000] {subprocess.py:93} INFO - 23/05/28 22:38:04 INFO DAGScheduler: Job 1 finished: $anonfun$withThreadLocalCaptured$1 at FutureTask.java:264, took 0.522484 s
[2023-05-28T22:38:04.778+0000] {subprocess.py:93} INFO - 23/05/28 22:38:04 INFO MemoryStore: Block broadcast_5 stored as values in memory (estimated size 8.3 MiB, free 425.9 MiB)
[2023-05-28T22:38:04.810+0000] {subprocess.py:93} INFO - 23/05/28 22:38:04 INFO MemoryStore: Block broadcast_5_piece0 stored as bytes in memory (estimated size 364.4 KiB, free 425.5 MiB)
[2023-05-28T22:38:04.812+0000] {subprocess.py:93} INFO - 23/05/28 22:38:04 INFO BlockManagerInfo: Added broadcast_5_piece0 in memory on 4b5d28de6f1c.mylabserver.com:45039 (size: 364.4 KiB, free: 434.0 MiB)
[2023-05-28T22:38:04.813+0000] {subprocess.py:93} INFO - 23/05/28 22:38:04 INFO SparkContext: Created broadcast 5 from $anonfun$withThreadLocalCaptured$1 at FutureTask.java:264
[2023-05-28T22:38:04.838+0000] {subprocess.py:93} INFO - 23/05/28 22:38:04 INFO FileSourceStrategy: Pushed Filters:
[2023-05-28T22:38:04.838+0000] {subprocess.py:93} INFO - 23/05/28 22:38:04 INFO FileSourceStrategy: Post-Scan Filters:
[2023-05-28T22:38:04.840+0000] {subprocess.py:93} INFO - 23/05/28 22:38:04 INFO FileSourceStrategy: Pushed Filters:
[2023-05-28T22:38:04.840+0000] {subprocess.py:93} INFO - 23/05/28 22:38:04 INFO FileSourceStrategy: Post-Scan Filters:
[2023-05-28T22:38:04.842+0000] {subprocess.py:93} INFO - 23/05/28 22:38:04 INFO FileSourceStrategy: Pushed Filters:
[2023-05-28T22:38:04.842+0000] {subprocess.py:93} INFO - 23/05/28 22:38:04 INFO FileSourceStrategy: Post-Scan Filters:
[2023-05-28T22:38:04.843+0000] {subprocess.py:93} INFO - 23/05/28 22:38:04 INFO FileSourceStrategy: Pushed Filters:
[2023-05-28T22:38:04.843+0000] {subprocess.py:93} INFO - 23/05/28 22:38:04 INFO FileSourceStrategy: Post-Scan Filters:
[2023-05-28T22:38:04.845+0000] {subprocess.py:93} INFO - 23/05/28 22:38:04 INFO FileSourceStrategy: Pushed Filters:
[2023-05-28T22:38:04.845+0000] {subprocess.py:93} INFO - 23/05/28 22:38:04 INFO FileSourceStrategy: Post-Scan Filters:
[2023-05-28T22:38:04.847+0000] {subprocess.py:93} INFO - 23/05/28 22:38:04 INFO FileSourceStrategy: Pushed Filters:
[2023-05-28T22:38:04.847+0000] {subprocess.py:93} INFO - 23/05/28 22:38:04 INFO FileSourceStrategy: Post-Scan Filters:
[2023-05-28T22:38:04.848+0000] {subprocess.py:93} INFO - 23/05/28 22:38:04 INFO FileSourceStrategy: Pushed Filters:
[2023-05-28T22:38:04.848+0000] {subprocess.py:93} INFO - 23/05/28 22:38:04 INFO FileSourceStrategy: Post-Scan Filters:
[2023-05-28T22:38:04.850+0000] {subprocess.py:93} INFO - 23/05/28 22:38:04 INFO FileSourceStrategy: Pushed Filters:
[2023-05-28T22:38:04.850+0000] {subprocess.py:93} INFO - 23/05/28 22:38:04 INFO FileSourceStrategy: Post-Scan Filters:
[2023-05-28T22:38:04.851+0000] {subprocess.py:93} INFO - 23/05/28 22:38:04 INFO FileSourceStrategy: Pushed Filters:
[2023-05-28T22:38:04.852+0000] {subprocess.py:93} INFO - 23/05/28 22:38:04 INFO FileSourceStrategy: Post-Scan Filters:
[2023-05-28T22:38:04.853+0000] {subprocess.py:93} INFO - 23/05/28 22:38:04 INFO FileSourceStrategy: Pushed Filters:
[2023-05-28T22:38:04.853+0000] {subprocess.py:93} INFO - 23/05/28 22:38:04 INFO FileSourceStrategy: Post-Scan Filters:
[2023-05-28T22:38:04.854+0000] {subprocess.py:93} INFO - 23/05/28 22:38:04 INFO FileSourceStrategy: Pushed Filters:
[2023-05-28T22:38:04.855+0000] {subprocess.py:93} INFO - 23/05/28 22:38:04 INFO FileSourceStrategy: Post-Scan Filters:
[2023-05-28T22:38:04.856+0000] {subprocess.py:93} INFO - 23/05/28 22:38:04 INFO FileSourceStrategy: Pushed Filters:
[2023-05-28T22:38:04.856+0000] {subprocess.py:93} INFO - 23/05/28 22:38:04 INFO FileSourceStrategy: Post-Scan Filters:
[2023-05-28T22:38:04.858+0000] {subprocess.py:93} INFO - 23/05/28 22:38:04 INFO FileSourceStrategy: Pushed Filters:
[2023-05-28T22:38:04.858+0000] {subprocess.py:93} INFO - 23/05/28 22:38:04 INFO FileSourceStrategy: Post-Scan Filters:
[2023-05-28T22:38:04.859+0000] {subprocess.py:93} INFO - 23/05/28 22:38:04 INFO FileSourceStrategy: Pushed Filters:
[2023-05-28T22:38:04.859+0000] {subprocess.py:93} INFO - 23/05/28 22:38:04 INFO FileSourceStrategy: Post-Scan Filters:
[2023-05-28T22:38:04.861+0000] {subprocess.py:93} INFO - 23/05/28 22:38:04 INFO FileSourceStrategy: Pushed Filters:
[2023-05-28T22:38:04.861+0000] {subprocess.py:93} INFO - 23/05/28 22:38:04 INFO FileSourceStrategy: Post-Scan Filters:
[2023-05-28T22:38:04.862+0000] {subprocess.py:93} INFO - 23/05/28 22:38:04 INFO FileSourceStrategy: Pushed Filters:
[2023-05-28T22:38:04.863+0000] {subprocess.py:93} INFO - 23/05/28 22:38:04 INFO FileSourceStrategy: Post-Scan Filters:
[2023-05-28T22:38:04.864+0000] {subprocess.py:93} INFO - 23/05/28 22:38:04 INFO FileSourceStrategy: Pushed Filters:
[2023-05-28T22:38:04.864+0000] {subprocess.py:93} INFO - 23/05/28 22:38:04 INFO FileSourceStrategy: Post-Scan Filters:
[2023-05-28T22:38:04.866+0000] {subprocess.py:93} INFO - 23/05/28 22:38:04 INFO FileSourceStrategy: Pushed Filters:
[2023-05-28T22:38:04.866+0000] {subprocess.py:93} INFO - 23/05/28 22:38:04 INFO FileSourceStrategy: Post-Scan Filters:
[2023-05-28T22:38:04.867+0000] {subprocess.py:93} INFO - 23/05/28 22:38:04 INFO FileSourceStrategy: Pushed Filters:
[2023-05-28T22:38:04.868+0000] {subprocess.py:93} INFO - 23/05/28 22:38:04 INFO FileSourceStrategy: Post-Scan Filters:
[2023-05-28T22:38:04.869+0000] {subprocess.py:93} INFO - 23/05/28 22:38:04 INFO FileSourceStrategy: Pushed Filters:
[2023-05-28T22:38:04.869+0000] {subprocess.py:93} INFO - 23/05/28 22:38:04 INFO FileSourceStrategy: Post-Scan Filters:
[2023-05-28T22:38:05.051+0000] {subprocess.py:93} INFO - 23/05/28 22:38:05 INFO CodeGenerator: Code generated in 37.413803 ms
[2023-05-28T22:38:05.089+0000] {subprocess.py:93} INFO - 23/05/28 22:38:05 INFO CodeGenerator: Code generated in 28.512157 ms
[2023-05-28T22:38:05.144+0000] {subprocess.py:93} INFO - 23/05/28 22:38:05 INFO CodeGenerator: Code generated in 38.706821 ms
[2023-05-28T22:38:05.151+0000] {subprocess.py:93} INFO - 23/05/28 22:38:05 INFO MemoryStore: Block broadcast_6 stored as values in memory (estimated size 200.1 KiB, free 425.3 MiB)
[2023-05-28T22:38:05.185+0000] {subprocess.py:93} INFO - 23/05/28 22:38:05 INFO MemoryStore: Block broadcast_6_piece0 stored as bytes in memory (estimated size 34.4 KiB, free 425.3 MiB)
[2023-05-28T22:38:05.186+0000] {subprocess.py:93} INFO - 23/05/28 22:38:05 INFO BlockManagerInfo: Removed broadcast_4_piece0 on 4b5d28de6f1c.mylabserver.com:45039 in memory (size: 7.4 KiB, free: 434.0 MiB)
[2023-05-28T22:38:05.191+0000] {subprocess.py:93} INFO - 23/05/28 22:38:05 INFO BlockManagerInfo: Added broadcast_6_piece0 in memory on 4b5d28de6f1c.mylabserver.com:45039 (size: 34.4 KiB, free: 434.0 MiB)
[2023-05-28T22:38:05.193+0000] {subprocess.py:93} INFO - 23/05/28 22:38:05 INFO SparkContext: Created broadcast 6 from parquet at NativeMethodAccessorImpl.java:0
[2023-05-28T22:38:05.195+0000] {subprocess.py:93} INFO - 23/05/28 22:38:05 INFO FileSourceScanExec: Planning scan with bin packing, max size: 4194304 bytes, open cost is considered as scanning 4194304 bytes.
[2023-05-28T22:38:05.243+0000] {subprocess.py:93} INFO - 23/05/28 22:38:05 INFO CodeGenerator: Code generated in 23.324498 ms
[2023-05-28T22:38:05.249+0000] {subprocess.py:93} INFO - 23/05/28 22:38:05 INFO MemoryStore: Block broadcast_7 stored as values in memory (estimated size 200.1 KiB, free 425.1 MiB)
[2023-05-28T22:38:05.289+0000] {subprocess.py:93} INFO - 23/05/28 22:38:05 INFO MemoryStore: Block broadcast_7_piece0 stored as bytes in memory (estimated size 34.4 KiB, free 425.1 MiB)
[2023-05-28T22:38:05.290+0000] {subprocess.py:93} INFO - 23/05/28 22:38:05 INFO BlockManagerInfo: Added broadcast_7_piece0 in memory on 4b5d28de6f1c.mylabserver.com:45039 (size: 34.4 KiB, free: 433.9 MiB)
[2023-05-28T22:38:05.298+0000] {subprocess.py:93} INFO - 23/05/28 22:38:05 INFO SparkContext: Created broadcast 7 from parquet at NativeMethodAccessorImpl.java:0
[2023-05-28T22:38:05.300+0000] {subprocess.py:93} INFO - 23/05/28 22:38:05 INFO FileSourceScanExec: Planning scan with bin packing, max size: 4194304 bytes, open cost is considered as scanning 4194304 bytes.
[2023-05-28T22:38:05.367+0000] {subprocess.py:93} INFO - 23/05/28 22:38:05 INFO CodeGenerator: Code generated in 44.88888 ms
[2023-05-28T22:38:05.381+0000] {subprocess.py:93} INFO - 23/05/28 22:38:05 INFO MemoryStore: Block broadcast_8 stored as values in memory (estimated size 200.1 KiB, free 424.9 MiB)
[2023-05-28T22:38:05.413+0000] {subprocess.py:93} INFO - 23/05/28 22:38:05 INFO MemoryStore: Block broadcast_8_piece0 stored as bytes in memory (estimated size 34.4 KiB, free 424.9 MiB)
[2023-05-28T22:38:05.414+0000] {subprocess.py:93} INFO - 23/05/28 22:38:05 INFO BlockManagerInfo: Added broadcast_8_piece0 in memory on 4b5d28de6f1c.mylabserver.com:45039 (size: 34.4 KiB, free: 433.9 MiB)
[2023-05-28T22:38:05.422+0000] {subprocess.py:93} INFO - 23/05/28 22:38:05 INFO SparkContext: Created broadcast 8 from parquet at NativeMethodAccessorImpl.java:0
[2023-05-28T22:38:05.424+0000] {subprocess.py:93} INFO - 23/05/28 22:38:05 INFO FileSourceScanExec: Planning scan with bin packing, max size: 4194304 bytes, open cost is considered as scanning 4194304 bytes.
[2023-05-28T22:38:05.500+0000] {subprocess.py:93} INFO - 23/05/28 22:38:05 INFO CodeGenerator: Code generated in 47.015205 ms
[2023-05-28T22:38:05.520+0000] {subprocess.py:93} INFO - 23/05/28 22:38:05 INFO MemoryStore: Block broadcast_9 stored as values in memory (estimated size 200.1 KiB, free 424.7 MiB)
[2023-05-28T22:38:05.572+0000] {subprocess.py:93} INFO - 23/05/28 22:38:05 INFO MemoryStore: Block broadcast_9_piece0 stored as bytes in memory (estimated size 34.4 KiB, free 424.6 MiB)
[2023-05-28T22:38:05.573+0000] {subprocess.py:93} INFO - 23/05/28 22:38:05 INFO BlockManagerInfo: Added broadcast_9_piece0 in memory on 4b5d28de6f1c.mylabserver.com:45039 (size: 34.4 KiB, free: 433.9 MiB)
[2023-05-28T22:38:05.576+0000] {subprocess.py:93} INFO - 23/05/28 22:38:05 INFO SparkContext: Created broadcast 9 from parquet at NativeMethodAccessorImpl.java:0
[2023-05-28T22:38:05.576+0000] {subprocess.py:93} INFO - 23/05/28 22:38:05 INFO FileSourceScanExec: Planning scan with bin packing, max size: 4194304 bytes, open cost is considered as scanning 4194304 bytes.
[2023-05-28T22:38:05.609+0000] {subprocess.py:93} INFO - 23/05/28 22:38:05 INFO CodeGenerator: Code generated in 18.968997 ms
[2023-05-28T22:38:05.615+0000] {subprocess.py:93} INFO - 23/05/28 22:38:05 INFO MemoryStore: Block broadcast_10 stored as values in memory (estimated size 200.1 KiB, free 424.5 MiB)
[2023-05-28T22:38:05.633+0000] {subprocess.py:93} INFO - 23/05/28 22:38:05 INFO MemoryStore: Block broadcast_10_piece0 stored as bytes in memory (estimated size 34.4 KiB, free 424.4 MiB)
[2023-05-28T22:38:05.634+0000] {subprocess.py:93} INFO - 23/05/28 22:38:05 INFO BlockManagerInfo: Added broadcast_10_piece0 in memory on 4b5d28de6f1c.mylabserver.com:45039 (size: 34.4 KiB, free: 433.8 MiB)
[2023-05-28T22:38:05.635+0000] {subprocess.py:93} INFO - 23/05/28 22:38:05 INFO SparkContext: Created broadcast 10 from parquet at NativeMethodAccessorImpl.java:0
[2023-05-28T22:38:05.641+0000] {subprocess.py:93} INFO - 23/05/28 22:38:05 INFO FileSourceScanExec: Planning scan with bin packing, max size: 4194304 bytes, open cost is considered as scanning 4194304 bytes.
[2023-05-28T22:38:05.712+0000] {subprocess.py:93} INFO - 23/05/28 22:38:05 INFO CodeGenerator: Code generated in 46.008814 ms
[2023-05-28T22:38:05.720+0000] {subprocess.py:93} INFO - 23/05/28 22:38:05 INFO MemoryStore: Block broadcast_11 stored as values in memory (estimated size 200.1 KiB, free 424.2 MiB)
[2023-05-28T22:38:05.740+0000] {subprocess.py:93} INFO - 23/05/28 22:38:05 INFO MemoryStore: Block broadcast_11_piece0 stored as bytes in memory (estimated size 34.4 KiB, free 424.2 MiB)
[2023-05-28T22:38:05.741+0000] {subprocess.py:93} INFO - 23/05/28 22:38:05 INFO BlockManagerInfo: Added broadcast_11_piece0 in memory on 4b5d28de6f1c.mylabserver.com:45039 (size: 34.4 KiB, free: 433.8 MiB)
[2023-05-28T22:38:05.745+0000] {subprocess.py:93} INFO - 23/05/28 22:38:05 INFO SparkContext: Created broadcast 11 from parquet at NativeMethodAccessorImpl.java:0
[2023-05-28T22:38:05.750+0000] {subprocess.py:93} INFO - 23/05/28 22:38:05 INFO FileSourceScanExec: Planning scan with bin packing, max size: 4194304 bytes, open cost is considered as scanning 4194304 bytes.
[2023-05-28T22:38:05.806+0000] {subprocess.py:93} INFO - 23/05/28 22:38:05 INFO CodeGenerator: Code generated in 34.265238 ms
[2023-05-28T22:38:05.812+0000] {subprocess.py:93} INFO - 23/05/28 22:38:05 INFO MemoryStore: Block broadcast_12 stored as values in memory (estimated size 200.1 KiB, free 424.0 MiB)
[2023-05-28T22:38:05.832+0000] {subprocess.py:93} INFO - 23/05/28 22:38:05 INFO MemoryStore: Block broadcast_12_piece0 stored as bytes in memory (estimated size 34.4 KiB, free 424.0 MiB)
[2023-05-28T22:38:05.833+0000] {subprocess.py:93} INFO - 23/05/28 22:38:05 INFO BlockManagerInfo: Added broadcast_12_piece0 in memory on 4b5d28de6f1c.mylabserver.com:45039 (size: 34.4 KiB, free: 433.8 MiB)
[2023-05-28T22:38:05.835+0000] {subprocess.py:93} INFO - 23/05/28 22:38:05 INFO SparkContext: Created broadcast 12 from parquet at NativeMethodAccessorImpl.java:0
[2023-05-28T22:38:05.837+0000] {subprocess.py:93} INFO - 23/05/28 22:38:05 INFO FileSourceScanExec: Planning scan with bin packing, max size: 4194304 bytes, open cost is considered as scanning 4194304 bytes.
[2023-05-28T22:38:05.904+0000] {subprocess.py:93} INFO - 23/05/28 22:38:05 INFO CodeGenerator: Code generated in 41.310125 ms
[2023-05-28T22:38:05.912+0000] {subprocess.py:93} INFO - 23/05/28 22:38:05 INFO MemoryStore: Block broadcast_13 stored as values in memory (estimated size 200.1 KiB, free 423.8 MiB)
[2023-05-28T22:38:05.934+0000] {subprocess.py:93} INFO - 23/05/28 22:38:05 INFO MemoryStore: Block broadcast_13_piece0 stored as bytes in memory (estimated size 34.4 KiB, free 423.7 MiB)
[2023-05-28T22:38:05.936+0000] {subprocess.py:93} INFO - 23/05/28 22:38:05 INFO BlockManagerInfo: Added broadcast_13_piece0 in memory on 4b5d28de6f1c.mylabserver.com:45039 (size: 34.4 KiB, free: 433.7 MiB)
[2023-05-28T22:38:05.942+0000] {subprocess.py:93} INFO - 23/05/28 22:38:05 INFO SparkContext: Created broadcast 13 from parquet at NativeMethodAccessorImpl.java:0
[2023-05-28T22:38:05.943+0000] {subprocess.py:93} INFO - 23/05/28 22:38:05 INFO FileSourceScanExec: Planning scan with bin packing, max size: 4194304 bytes, open cost is considered as scanning 4194304 bytes.
[2023-05-28T22:38:05.995+0000] {subprocess.py:93} INFO - 23/05/28 22:38:05 INFO CodeGenerator: Code generated in 32.512971 ms
[2023-05-28T22:38:06.001+0000] {subprocess.py:93} INFO - 23/05/28 22:38:06 INFO MemoryStore: Block broadcast_14 stored as values in memory (estimated size 200.1 KiB, free 423.5 MiB)
[2023-05-28T22:38:06.031+0000] {subprocess.py:93} INFO - 23/05/28 22:38:06 INFO MemoryStore: Block broadcast_14_piece0 stored as bytes in memory (estimated size 34.4 KiB, free 423.5 MiB)
[2023-05-28T22:38:06.033+0000] {subprocess.py:93} INFO - 23/05/28 22:38:06 INFO BlockManagerInfo: Added broadcast_14_piece0 in memory on 4b5d28de6f1c.mylabserver.com:45039 (size: 34.4 KiB, free: 433.7 MiB)
[2023-05-28T22:38:06.034+0000] {subprocess.py:93} INFO - 23/05/28 22:38:06 INFO SparkContext: Created broadcast 14 from parquet at NativeMethodAccessorImpl.java:0
[2023-05-28T22:38:06.036+0000] {subprocess.py:93} INFO - 23/05/28 22:38:06 INFO FileSourceScanExec: Planning scan with bin packing, max size: 4194304 bytes, open cost is considered as scanning 4194304 bytes.
[2023-05-28T22:38:06.078+0000] {subprocess.py:93} INFO - 23/05/28 22:38:06 INFO CodeGenerator: Code generated in 28.400934 ms
[2023-05-28T22:38:06.095+0000] {subprocess.py:93} INFO - 23/05/28 22:38:06 INFO MemoryStore: Block broadcast_15 stored as values in memory (estimated size 200.1 KiB, free 423.3 MiB)
[2023-05-28T22:38:06.115+0000] {subprocess.py:93} INFO - 23/05/28 22:38:06 INFO MemoryStore: Block broadcast_15_piece0 stored as bytes in memory (estimated size 34.4 KiB, free 423.3 MiB)
[2023-05-28T22:38:06.116+0000] {subprocess.py:93} INFO - 23/05/28 22:38:06 INFO BlockManagerInfo: Added broadcast_15_piece0 in memory on 4b5d28de6f1c.mylabserver.com:45039 (size: 34.4 KiB, free: 433.7 MiB)
[2023-05-28T22:38:06.118+0000] {subprocess.py:93} INFO - 23/05/28 22:38:06 INFO SparkContext: Created broadcast 15 from parquet at NativeMethodAccessorImpl.java:0
[2023-05-28T22:38:06.122+0000] {subprocess.py:93} INFO - 23/05/28 22:38:06 INFO FileSourceScanExec: Planning scan with bin packing, max size: 4194304 bytes, open cost is considered as scanning 4194304 bytes.
[2023-05-28T22:38:06.181+0000] {subprocess.py:93} INFO - 23/05/28 22:38:06 INFO CodeGenerator: Code generated in 36.600817 ms
[2023-05-28T22:38:06.186+0000] {subprocess.py:93} INFO - 23/05/28 22:38:06 INFO MemoryStore: Block broadcast_16 stored as values in memory (estimated size 200.1 KiB, free 423.1 MiB)
[2023-05-28T22:38:06.216+0000] {subprocess.py:93} INFO - 23/05/28 22:38:06 INFO MemoryStore: Block broadcast_16_piece0 stored as bytes in memory (estimated size 34.4 KiB, free 423.0 MiB)
[2023-05-28T22:38:06.217+0000] {subprocess.py:93} INFO - 23/05/28 22:38:06 INFO BlockManagerInfo: Added broadcast_16_piece0 in memory on 4b5d28de6f1c.mylabserver.com:45039 (size: 34.4 KiB, free: 433.6 MiB)
[2023-05-28T22:38:06.219+0000] {subprocess.py:93} INFO - 23/05/28 22:38:06 INFO SparkContext: Created broadcast 16 from parquet at NativeMethodAccessorImpl.java:0
[2023-05-28T22:38:06.222+0000] {subprocess.py:93} INFO - 23/05/28 22:38:06 INFO FileSourceScanExec: Planning scan with bin packing, max size: 4194304 bytes, open cost is considered as scanning 4194304 bytes.
[2023-05-28T22:38:06.274+0000] {subprocess.py:93} INFO - 23/05/28 22:38:06 INFO CodeGenerator: Code generated in 30.822926 ms
[2023-05-28T22:38:06.279+0000] {subprocess.py:93} INFO - 23/05/28 22:38:06 INFO MemoryStore: Block broadcast_17 stored as values in memory (estimated size 200.1 KiB, free 422.9 MiB)
[2023-05-28T22:38:06.302+0000] {subprocess.py:93} INFO - 23/05/28 22:38:06 INFO MemoryStore: Block broadcast_17_piece0 stored as bytes in memory (estimated size 34.4 KiB, free 422.8 MiB)
[2023-05-28T22:38:06.303+0000] {subprocess.py:93} INFO - 23/05/28 22:38:06 INFO BlockManagerInfo: Added broadcast_17_piece0 in memory on 4b5d28de6f1c.mylabserver.com:45039 (size: 34.4 KiB, free: 433.6 MiB)
[2023-05-28T22:38:06.307+0000] {subprocess.py:93} INFO - 23/05/28 22:38:06 INFO SparkContext: Created broadcast 17 from parquet at NativeMethodAccessorImpl.java:0
[2023-05-28T22:38:06.311+0000] {subprocess.py:93} INFO - 23/05/28 22:38:06 INFO FileSourceScanExec: Planning scan with bin packing, max size: 4194304 bytes, open cost is considered as scanning 4194304 bytes.
[2023-05-28T22:38:06.346+0000] {subprocess.py:93} INFO - 23/05/28 22:38:06 INFO CodeGenerator: Code generated in 15.29796 ms
[2023-05-28T22:38:06.351+0000] {subprocess.py:93} INFO - 23/05/28 22:38:06 INFO MemoryStore: Block broadcast_18 stored as values in memory (estimated size 200.1 KiB, free 422.6 MiB)
[2023-05-28T22:38:06.381+0000] {subprocess.py:93} INFO - 23/05/28 22:38:06 INFO MemoryStore: Block broadcast_18_piece0 stored as bytes in memory (estimated size 34.4 KiB, free 422.6 MiB)
[2023-05-28T22:38:06.382+0000] {subprocess.py:93} INFO - 23/05/28 22:38:06 INFO BlockManagerInfo: Added broadcast_18_piece0 in memory on 4b5d28de6f1c.mylabserver.com:45039 (size: 34.4 KiB, free: 433.6 MiB)
[2023-05-28T22:38:06.382+0000] {subprocess.py:93} INFO - 23/05/28 22:38:06 INFO SparkContext: Created broadcast 18 from parquet at NativeMethodAccessorImpl.java:0
[2023-05-28T22:38:06.382+0000] {subprocess.py:93} INFO - 23/05/28 22:38:06 INFO FileSourceScanExec: Planning scan with bin packing, max size: 4194304 bytes, open cost is considered as scanning 4194304 bytes.
[2023-05-28T22:38:06.405+0000] {subprocess.py:93} INFO - 23/05/28 22:38:06 INFO CodeGenerator: Code generated in 12.739357 ms
[2023-05-28T22:38:06.415+0000] {subprocess.py:93} INFO - 23/05/28 22:38:06 INFO MemoryStore: Block broadcast_19 stored as values in memory (estimated size 200.1 KiB, free 422.4 MiB)
[2023-05-28T22:38:06.446+0000] {subprocess.py:93} INFO - 23/05/28 22:38:06 INFO MemoryStore: Block broadcast_19_piece0 stored as bytes in memory (estimated size 34.4 KiB, free 422.4 MiB)
[2023-05-28T22:38:06.448+0000] {subprocess.py:93} INFO - 23/05/28 22:38:06 INFO BlockManagerInfo: Added broadcast_19_piece0 in memory on 4b5d28de6f1c.mylabserver.com:45039 (size: 34.4 KiB, free: 433.5 MiB)
[2023-05-28T22:38:06.449+0000] {subprocess.py:93} INFO - 23/05/28 22:38:06 INFO SparkContext: Created broadcast 19 from parquet at NativeMethodAccessorImpl.java:0
[2023-05-28T22:38:06.454+0000] {subprocess.py:93} INFO - 23/05/28 22:38:06 INFO FileSourceScanExec: Planning scan with bin packing, max size: 4194304 bytes, open cost is considered as scanning 4194304 bytes.
[2023-05-28T22:38:06.499+0000] {subprocess.py:93} INFO - 23/05/28 22:38:06 INFO CodeGenerator: Code generated in 25.433703 ms
[2023-05-28T22:38:06.504+0000] {subprocess.py:93} INFO - 23/05/28 22:38:06 INFO MemoryStore: Block broadcast_20 stored as values in memory (estimated size 200.1 KiB, free 422.2 MiB)
[2023-05-28T22:38:06.530+0000] {subprocess.py:93} INFO - 23/05/28 22:38:06 INFO MemoryStore: Block broadcast_20_piece0 stored as bytes in memory (estimated size 34.4 KiB, free 422.1 MiB)
[2023-05-28T22:38:06.534+0000] {subprocess.py:93} INFO - 23/05/28 22:38:06 INFO BlockManagerInfo: Added broadcast_20_piece0 in memory on 4b5d28de6f1c.mylabserver.com:45039 (size: 34.4 KiB, free: 433.5 MiB)
[2023-05-28T22:38:06.536+0000] {subprocess.py:93} INFO - 23/05/28 22:38:06 INFO SparkContext: Created broadcast 20 from parquet at NativeMethodAccessorImpl.java:0
[2023-05-28T22:38:06.543+0000] {subprocess.py:93} INFO - 23/05/28 22:38:06 INFO FileSourceScanExec: Planning scan with bin packing, max size: 4194304 bytes, open cost is considered as scanning 4194304 bytes.
[2023-05-28T22:38:06.589+0000] {subprocess.py:93} INFO - 23/05/28 22:38:06 INFO CodeGenerator: Code generated in 32.163704 ms
[2023-05-28T22:38:06.594+0000] {subprocess.py:93} INFO - 23/05/28 22:38:06 INFO MemoryStore: Block broadcast_21 stored as values in memory (estimated size 200.1 KiB, free 421.9 MiB)
[2023-05-28T22:38:06.611+0000] {subprocess.py:93} INFO - 23/05/28 22:38:06 INFO MemoryStore: Block broadcast_21_piece0 stored as bytes in memory (estimated size 34.4 KiB, free 421.9 MiB)
[2023-05-28T22:38:06.612+0000] {subprocess.py:93} INFO - 23/05/28 22:38:06 INFO BlockManagerInfo: Added broadcast_21_piece0 in memory on 4b5d28de6f1c.mylabserver.com:45039 (size: 34.4 KiB, free: 433.5 MiB)
[2023-05-28T22:38:06.615+0000] {subprocess.py:93} INFO - 23/05/28 22:38:06 INFO SparkContext: Created broadcast 21 from parquet at NativeMethodAccessorImpl.java:0
[2023-05-28T22:38:06.616+0000] {subprocess.py:93} INFO - 23/05/28 22:38:06 INFO FileSourceScanExec: Planning scan with bin packing, max size: 4194304 bytes, open cost is considered as scanning 4194304 bytes.
[2023-05-28T22:38:06.656+0000] {subprocess.py:93} INFO - 23/05/28 22:38:06 INFO CodeGenerator: Code generated in 24.621476 ms
[2023-05-28T22:38:06.661+0000] {subprocess.py:93} INFO - 23/05/28 22:38:06 INFO MemoryStore: Block broadcast_22 stored as values in memory (estimated size 200.1 KiB, free 421.7 MiB)
[2023-05-28T22:38:06.679+0000] {subprocess.py:93} INFO - 23/05/28 22:38:06 INFO MemoryStore: Block broadcast_22_piece0 stored as bytes in memory (estimated size 34.4 KiB, free 421.7 MiB)
[2023-05-28T22:38:06.680+0000] {subprocess.py:93} INFO - 23/05/28 22:38:06 INFO BlockManagerInfo: Added broadcast_22_piece0 in memory on 4b5d28de6f1c.mylabserver.com:45039 (size: 34.4 KiB, free: 433.4 MiB)
[2023-05-28T22:38:06.681+0000] {subprocess.py:93} INFO - 23/05/28 22:38:06 INFO SparkContext: Created broadcast 22 from parquet at NativeMethodAccessorImpl.java:0
[2023-05-28T22:38:06.683+0000] {subprocess.py:93} INFO - 23/05/28 22:38:06 INFO FileSourceScanExec: Planning scan with bin packing, max size: 4194304 bytes, open cost is considered as scanning 4194304 bytes.
[2023-05-28T22:38:06.726+0000] {subprocess.py:93} INFO - 23/05/28 22:38:06 INFO CodeGenerator: Code generated in 26.636748 ms
[2023-05-28T22:38:06.732+0000] {subprocess.py:93} INFO - 23/05/28 22:38:06 INFO MemoryStore: Block broadcast_23 stored as values in memory (estimated size 200.1 KiB, free 421.5 MiB)
[2023-05-28T22:38:06.749+0000] {subprocess.py:93} INFO - 23/05/28 22:38:06 INFO MemoryStore: Block broadcast_23_piece0 stored as bytes in memory (estimated size 34.4 KiB, free 421.4 MiB)
[2023-05-28T22:38:06.753+0000] {subprocess.py:93} INFO - 23/05/28 22:38:06 INFO BlockManagerInfo: Added broadcast_23_piece0 in memory on 4b5d28de6f1c.mylabserver.com:45039 (size: 34.4 KiB, free: 433.4 MiB)
[2023-05-28T22:38:06.755+0000] {subprocess.py:93} INFO - 23/05/28 22:38:06 INFO SparkContext: Created broadcast 23 from parquet at NativeMethodAccessorImpl.java:0
[2023-05-28T22:38:06.760+0000] {subprocess.py:93} INFO - 23/05/28 22:38:06 INFO FileSourceScanExec: Planning scan with bin packing, max size: 4194304 bytes, open cost is considered as scanning 4194304 bytes.
[2023-05-28T22:38:06.795+0000] {subprocess.py:93} INFO - 23/05/28 22:38:06 INFO CodeGenerator: Code generated in 20.780506 ms
[2023-05-28T22:38:06.802+0000] {subprocess.py:93} INFO - 23/05/28 22:38:06 INFO MemoryStore: Block broadcast_24 stored as values in memory (estimated size 200.1 KiB, free 421.2 MiB)
[2023-05-28T22:38:06.819+0000] {subprocess.py:93} INFO - 23/05/28 22:38:06 INFO MemoryStore: Block broadcast_24_piece0 stored as bytes in memory (estimated size 34.4 KiB, free 421.2 MiB)
[2023-05-28T22:38:06.820+0000] {subprocess.py:93} INFO - 23/05/28 22:38:06 INFO BlockManagerInfo: Added broadcast_24_piece0 in memory on 4b5d28de6f1c.mylabserver.com:45039 (size: 34.4 KiB, free: 433.4 MiB)
[2023-05-28T22:38:06.822+0000] {subprocess.py:93} INFO - 23/05/28 22:38:06 INFO SparkContext: Created broadcast 24 from parquet at NativeMethodAccessorImpl.java:0
[2023-05-28T22:38:06.827+0000] {subprocess.py:93} INFO - 23/05/28 22:38:06 INFO FileSourceScanExec: Planning scan with bin packing, max size: 4194304 bytes, open cost is considered as scanning 4194304 bytes.
[2023-05-28T22:38:06.867+0000] {subprocess.py:93} INFO - 23/05/28 22:38:06 INFO CodeGenerator: Code generated in 21.410058 ms
[2023-05-28T22:38:06.873+0000] {subprocess.py:93} INFO - 23/05/28 22:38:06 INFO MemoryStore: Block broadcast_25 stored as values in memory (estimated size 200.1 KiB, free 421.0 MiB)
[2023-05-28T22:38:06.889+0000] {subprocess.py:93} INFO - 23/05/28 22:38:06 INFO MemoryStore: Block broadcast_25_piece0 stored as bytes in memory (estimated size 34.4 KiB, free 421.0 MiB)
[2023-05-28T22:38:06.891+0000] {subprocess.py:93} INFO - 23/05/28 22:38:06 INFO BlockManagerInfo: Added broadcast_25_piece0 in memory on 4b5d28de6f1c.mylabserver.com:45039 (size: 34.4 KiB, free: 433.3 MiB)
[2023-05-28T22:38:06.893+0000] {subprocess.py:93} INFO - 23/05/28 22:38:06 INFO SparkContext: Created broadcast 25 from parquet at NativeMethodAccessorImpl.java:0
[2023-05-28T22:38:06.895+0000] {subprocess.py:93} INFO - 23/05/28 22:38:06 INFO FileSourceScanExec: Planning scan with bin packing, max size: 4194304 bytes, open cost is considered as scanning 4194304 bytes.
[2023-05-28T22:38:07.025+0000] {subprocess.py:93} INFO - 23/05/28 22:38:07 INFO DAGScheduler: Registering RDD 83 (parquet at NativeMethodAccessorImpl.java:0) as input to shuffle 0
[2023-05-28T22:38:07.031+0000] {subprocess.py:93} INFO - 23/05/28 22:38:07 INFO DAGScheduler: Got map stage job 2 (parquet at NativeMethodAccessorImpl.java:0) with 22 output partitions
[2023-05-28T22:38:07.031+0000] {subprocess.py:93} INFO - 23/05/28 22:38:07 INFO DAGScheduler: Final stage: ShuffleMapStage 2 (parquet at NativeMethodAccessorImpl.java:0)
[2023-05-28T22:38:07.032+0000] {subprocess.py:93} INFO - 23/05/28 22:38:07 INFO DAGScheduler: Parents of final stage: List()
[2023-05-28T22:38:07.035+0000] {subprocess.py:93} INFO - 23/05/28 22:38:07 INFO DAGScheduler: Missing parents: List()
[2023-05-28T22:38:07.044+0000] {subprocess.py:93} INFO - 23/05/28 22:38:07 INFO DAGScheduler: Submitting ShuffleMapStage 2 (MapPartitionsRDD[83] at parquet at NativeMethodAccessorImpl.java:0), which has no missing parents
[2023-05-28T22:38:07.115+0000] {subprocess.py:93} INFO - 23/05/28 22:38:07 INFO MemoryStore: Block broadcast_26 stored as values in memory (estimated size 136.4 KiB, free 420.9 MiB)
[2023-05-28T22:38:07.117+0000] {subprocess.py:93} INFO - 23/05/28 22:38:07 INFO MemoryStore: Block broadcast_26_piece0 stored as bytes in memory (estimated size 28.4 KiB, free 420.8 MiB)
[2023-05-28T22:38:07.119+0000] {subprocess.py:93} INFO - 23/05/28 22:38:07 INFO BlockManagerInfo: Added broadcast_26_piece0 in memory on 4b5d28de6f1c.mylabserver.com:45039 (size: 28.4 KiB, free: 433.3 MiB)
[2023-05-28T22:38:07.119+0000] {subprocess.py:93} INFO - 23/05/28 22:38:07 INFO SparkContext: Created broadcast 26 from broadcast at DAGScheduler.scala:1535
[2023-05-28T22:38:07.122+0000] {subprocess.py:93} INFO - 23/05/28 22:38:07 INFO DAGScheduler: Submitting 22 missing tasks from ShuffleMapStage 2 (MapPartitionsRDD[83] at parquet at NativeMethodAccessorImpl.java:0) (first 15 tasks are for partitions Vector(0, 1, 2, 3, 4, 5, 6, 7, 8, 9, 10, 11, 12, 13, 14))
[2023-05-28T22:38:07.123+0000] {subprocess.py:93} INFO - 23/05/28 22:38:07 INFO TaskSchedulerImpl: Adding task set 2.0 with 22 tasks resource profile 0
[2023-05-28T22:38:07.129+0000] {subprocess.py:93} INFO - 23/05/28 22:38:07 INFO TaskSetManager: Starting task 0.0 in stage 2.0 (TID 2) (4b5d28de6f1c.mylabserver.com, executor driver, partition 0, PROCESS_LOCAL, 7441 bytes)
[2023-05-28T22:38:07.130+0000] {subprocess.py:93} INFO - 23/05/28 22:38:07 INFO TaskSetManager: Starting task 1.0 in stage 2.0 (TID 3) (4b5d28de6f1c.mylabserver.com, executor driver, partition 1, PROCESS_LOCAL, 7441 bytes)
[2023-05-28T22:38:07.131+0000] {subprocess.py:93} INFO - 23/05/28 22:38:07 INFO Executor: Running task 0.0 in stage 2.0 (TID 2)
[2023-05-28T22:38:07.134+0000] {subprocess.py:93} INFO - 23/05/28 22:38:07 INFO Executor: Running task 1.0 in stage 2.0 (TID 3)
[2023-05-28T22:38:08.112+0000] {subprocess.py:93} INFO - 23/05/28 22:38:08 INFO PythonRunner: Times: total = 869, boot = 816, init = 53, finish = 0
[2023-05-28T22:38:08.128+0000] {subprocess.py:93} INFO - 23/05/28 22:38:08 INFO PythonRunner: Times: total = 882, boot = 828, init = 54, finish = 0
[2023-05-28T22:38:08.154+0000] {subprocess.py:93} INFO - 23/05/28 22:38:08 INFO Executor: Finished task 0.0 in stage 2.0 (TID 2). 4525 bytes result sent to driver
[2023-05-28T22:38:08.154+0000] {subprocess.py:93} INFO - 23/05/28 22:38:08 INFO Executor: Finished task 1.0 in stage 2.0 (TID 3). 4482 bytes result sent to driver
[2023-05-28T22:38:08.159+0000] {subprocess.py:93} INFO - 23/05/28 22:38:08 INFO TaskSetManager: Starting task 2.0 in stage 2.0 (TID 4) (4b5d28de6f1c.mylabserver.com, executor driver, partition 2, PROCESS_LOCAL, 8040 bytes)
[2023-05-28T22:38:08.161+0000] {subprocess.py:93} INFO - 23/05/28 22:38:08 INFO Executor: Running task 2.0 in stage 2.0 (TID 4)
[2023-05-28T22:38:08.172+0000] {subprocess.py:93} INFO - 23/05/28 22:38:08 INFO TaskSetManager: Starting task 3.0 in stage 2.0 (TID 5) (4b5d28de6f1c.mylabserver.com, executor driver, partition 3, PROCESS_LOCAL, 8040 bytes)
[2023-05-28T22:38:08.173+0000] {subprocess.py:93} INFO - 23/05/28 22:38:08 INFO Executor: Running task 3.0 in stage 2.0 (TID 5)
[2023-05-28T22:38:08.177+0000] {subprocess.py:93} INFO - 23/05/28 22:38:08 INFO TaskSetManager: Finished task 0.0 in stage 2.0 (TID 2) in 1052 ms on 4b5d28de6f1c.mylabserver.com (executor driver) (1/22)
[2023-05-28T22:38:08.183+0000] {subprocess.py:93} INFO - 23/05/28 22:38:08 INFO PythonAccumulatorV2: Connected to AccumulatorServer at host: 127.0.0.1 port: 33353
[2023-05-28T22:38:08.188+0000] {subprocess.py:93} INFO - 23/05/28 22:38:08 INFO TaskSetManager: Finished task 1.0 in stage 2.0 (TID 3) in 1058 ms on 4b5d28de6f1c.mylabserver.com (executor driver) (2/22)
[2023-05-28T22:38:08.231+0000] {subprocess.py:93} INFO - 23/05/28 22:38:08 INFO FileScanRDD: Reading File path: file:///home/cloud_user/Stock-Market-Nasdaq/data/etfs/WBIE.csv, range: 0-151812, partition values: [empty row]
[2023-05-28T22:38:08.236+0000] {subprocess.py:93} INFO - 23/05/28 22:38:08 INFO FileScanRDD: Reading File path: file:///home/cloud_user/Stock-Market-Nasdaq/data/etfs/VOOG.csv, range: 0-254450, partition values: [empty row]
[2023-05-28T22:38:08.273+0000] {subprocess.py:93} INFO - 23/05/28 22:38:08 INFO CodeGenerator: Code generated in 27.371724 ms
[2023-05-28T22:38:08.658+0000] {subprocess.py:93} INFO - 23/05/28 22:38:08 INFO Executor: Finished task 3.0 in stage 2.0 (TID 5). 4654 bytes result sent to driver
[2023-05-28T22:38:08.662+0000] {subprocess.py:93} INFO - 23/05/28 22:38:08 INFO TaskSetManager: Starting task 4.0 in stage 2.0 (TID 6) (4b5d28de6f1c.mylabserver.com, executor driver, partition 4, PROCESS_LOCAL, 8039 bytes)
[2023-05-28T22:38:08.662+0000] {subprocess.py:93} INFO - 23/05/28 22:38:08 INFO TaskSetManager: Finished task 3.0 in stage 2.0 (TID 5) in 489 ms on 4b5d28de6f1c.mylabserver.com (executor driver) (3/22)
[2023-05-28T22:38:08.669+0000] {subprocess.py:93} INFO - 23/05/28 22:38:08 INFO Executor: Running task 4.0 in stage 2.0 (TID 6)
[2023-05-28T22:38:08.723+0000] {subprocess.py:93} INFO - 23/05/28 22:38:08 INFO Executor: Finished task 2.0 in stage 2.0 (TID 4). 4654 bytes result sent to driver
[2023-05-28T22:38:08.725+0000] {subprocess.py:93} INFO - 23/05/28 22:38:08 INFO TaskSetManager: Starting task 5.0 in stage 2.0 (TID 7) (4b5d28de6f1c.mylabserver.com, executor driver, partition 5, PROCESS_LOCAL, 8040 bytes)
[2023-05-28T22:38:08.725+0000] {subprocess.py:93} INFO - 23/05/28 22:38:08 INFO TaskSetManager: Finished task 2.0 in stage 2.0 (TID 4) in 565 ms on 4b5d28de6f1c.mylabserver.com (executor driver) (4/22)
[2023-05-28T22:38:08.727+0000] {subprocess.py:93} INFO - 23/05/28 22:38:08 INFO Executor: Running task 5.0 in stage 2.0 (TID 7)
[2023-05-28T22:38:08.753+0000] {subprocess.py:93} INFO - 23/05/28 22:38:08 INFO FileScanRDD: Reading File path: file:///home/cloud_user/Stock-Market-Nasdaq/data/etfs/RFG.csv, range: 0-375517, partition values: [empty row]
[2023-05-28T22:38:08.771+0000] {subprocess.py:93} INFO - 23/05/28 22:38:08 INFO FileScanRDD: Reading File path: file:///home/cloud_user/Stock-Market-Nasdaq/data/etfs/VTEB.csv, range: 0-124123, partition values: [empty row]
[2023-05-28T22:38:08.875+0000] {subprocess.py:93} INFO - 23/05/28 22:38:08 INFO Executor: Finished task 5.0 in stage 2.0 (TID 7). 4611 bytes result sent to driver
[2023-05-28T22:38:08.883+0000] {subprocess.py:93} INFO - 23/05/28 22:38:08 INFO TaskSetManager: Starting task 6.0 in stage 2.0 (TID 8) (4b5d28de6f1c.mylabserver.com, executor driver, partition 6, PROCESS_LOCAL, 8039 bytes)
[2023-05-28T22:38:08.883+0000] {subprocess.py:93} INFO - 23/05/28 22:38:08 INFO TaskSetManager: Finished task 5.0 in stage 2.0 (TID 7) in 159 ms on 4b5d28de6f1c.mylabserver.com (executor driver) (5/22)
[2023-05-28T22:38:08.891+0000] {subprocess.py:93} INFO - 23/05/28 22:38:08 INFO Executor: Running task 6.0 in stage 2.0 (TID 8)
[2023-05-28T22:38:08.935+0000] {subprocess.py:93} INFO - 23/05/28 22:38:08 INFO FileScanRDD: Reading File path: file:///home/cloud_user/Stock-Market-Nasdaq/data/etfs/DDM.csv, range: 0-381579, partition values: [empty row]
[2023-05-28T22:38:09.003+0000] {subprocess.py:93} INFO - 23/05/28 22:38:09 INFO Executor: Finished task 4.0 in stage 2.0 (TID 6). 4654 bytes result sent to driver
[2023-05-28T22:38:09.008+0000] {subprocess.py:93} INFO - 23/05/28 22:38:09 INFO TaskSetManager: Starting task 7.0 in stage 2.0 (TID 9) (4b5d28de6f1c.mylabserver.com, executor driver, partition 7, PROCESS_LOCAL, 8039 bytes)
[2023-05-28T22:38:09.015+0000] {subprocess.py:93} INFO - 23/05/28 22:38:09 INFO Executor: Running task 7.0 in stage 2.0 (TID 9)
[2023-05-28T22:38:09.015+0000] {subprocess.py:93} INFO - 23/05/28 22:38:09 INFO TaskSetManager: Finished task 4.0 in stage 2.0 (TID 6) in 351 ms on 4b5d28de6f1c.mylabserver.com (executor driver) (6/22)
[2023-05-28T22:38:09.048+0000] {subprocess.py:93} INFO - 23/05/28 22:38:09 INFO FileScanRDD: Reading File path: file:///home/cloud_user/Stock-Market-Nasdaq/data/etfs/DBO.csv, range: 0-358118, partition values: [empty row]
[2023-05-28T22:38:09.174+0000] {subprocess.py:93} INFO - 23/05/28 22:38:09 INFO Executor: Finished task 6.0 in stage 2.0 (TID 8). 4611 bytes result sent to driver
[2023-05-28T22:38:09.176+0000] {subprocess.py:93} INFO - 23/05/28 22:38:09 INFO TaskSetManager: Starting task 8.0 in stage 2.0 (TID 10) (4b5d28de6f1c.mylabserver.com, executor driver, partition 8, PROCESS_LOCAL, 8039 bytes)
[2023-05-28T22:38:09.176+0000] {subprocess.py:93} INFO - 23/05/28 22:38:09 INFO Executor: Running task 8.0 in stage 2.0 (TID 10)
[2023-05-28T22:38:09.176+0000] {subprocess.py:93} INFO - 23/05/28 22:38:09 INFO TaskSetManager: Finished task 6.0 in stage 2.0 (TID 8) in 293 ms on 4b5d28de6f1c.mylabserver.com (executor driver) (7/22)
[2023-05-28T22:38:09.221+0000] {subprocess.py:93} INFO - 23/05/28 22:38:09 INFO FileScanRDD: Reading File path: file:///home/cloud_user/Stock-Market-Nasdaq/data/etfs/XHE.csv, range: 0-241737, partition values: [empty row]
[2023-05-28T22:38:09.261+0000] {subprocess.py:93} INFO - 23/05/28 22:38:09 INFO Executor: Finished task 7.0 in stage 2.0 (TID 9). 4611 bytes result sent to driver
[2023-05-28T22:38:09.265+0000] {subprocess.py:93} INFO - 23/05/28 22:38:09 INFO TaskSetManager: Starting task 9.0 in stage 2.0 (TID 11) (4b5d28de6f1c.mylabserver.com, executor driver, partition 9, PROCESS_LOCAL, 8039 bytes)
[2023-05-28T22:38:09.265+0000] {subprocess.py:93} INFO - 23/05/28 22:38:09 INFO Executor: Running task 9.0 in stage 2.0 (TID 11)
[2023-05-28T22:38:09.265+0000] {subprocess.py:93} INFO - 23/05/28 22:38:09 INFO TaskSetManager: Finished task 7.0 in stage 2.0 (TID 9) in 259 ms on 4b5d28de6f1c.mylabserver.com (executor driver) (8/22)
[2023-05-28T22:38:09.301+0000] {subprocess.py:93} INFO - 23/05/28 22:38:09 INFO FileScanRDD: Reading File path: file:///home/cloud_user/Stock-Market-Nasdaq/data/etfs/TFI.csv, range: 0-337693, partition values: [empty row]
[2023-05-28T22:38:09.380+0000] {subprocess.py:93} INFO - 23/05/28 22:38:09 INFO Executor: Finished task 8.0 in stage 2.0 (TID 10). 4611 bytes result sent to driver
[2023-05-28T22:38:09.392+0000] {subprocess.py:93} INFO - 23/05/28 22:38:09 INFO TaskSetManager: Starting task 10.0 in stage 2.0 (TID 12) (4b5d28de6f1c.mylabserver.com, executor driver, partition 10, PROCESS_LOCAL, 8039 bytes)
[2023-05-28T22:38:09.392+0000] {subprocess.py:93} INFO - 23/05/28 22:38:09 INFO TaskSetManager: Finished task 8.0 in stage 2.0 (TID 10) in 218 ms on 4b5d28de6f1c.mylabserver.com (executor driver) (9/22)
[2023-05-28T22:38:09.394+0000] {subprocess.py:93} INFO - 23/05/28 22:38:09 INFO Executor: Running task 10.0 in stage 2.0 (TID 12)
[2023-05-28T22:38:09.420+0000] {subprocess.py:93} INFO - 23/05/28 22:38:09 INFO FileScanRDD: Reading File path: file:///home/cloud_user/Stock-Market-Nasdaq/data/etfs/PBS.csv, range: 0-399046, partition values: [empty row]
[2023-05-28T22:38:09.506+0000] {subprocess.py:93} INFO - 23/05/28 22:38:09 INFO Executor: Finished task 9.0 in stage 2.0 (TID 11). 4611 bytes result sent to driver
[2023-05-28T22:38:09.507+0000] {subprocess.py:93} INFO - 23/05/28 22:38:09 INFO TaskSetManager: Starting task 11.0 in stage 2.0 (TID 13) (4b5d28de6f1c.mylabserver.com, executor driver, partition 11, PROCESS_LOCAL, 8040 bytes)
[2023-05-28T22:38:09.508+0000] {subprocess.py:93} INFO - 23/05/28 22:38:09 INFO Executor: Running task 11.0 in stage 2.0 (TID 13)
[2023-05-28T22:38:09.508+0000] {subprocess.py:93} INFO - 23/05/28 22:38:09 INFO TaskSetManager: Finished task 9.0 in stage 2.0 (TID 11) in 246 ms on 4b5d28de6f1c.mylabserver.com (executor driver) (10/22)
[2023-05-28T22:38:09.561+0000] {subprocess.py:93} INFO - 23/05/28 22:38:09 INFO FileScanRDD: Reading File path: file:///home/cloud_user/Stock-Market-Nasdaq/data/etfs/BVAL.csv, range: 0-75768, partition values: [empty row]
[2023-05-28T22:38:09.617+0000] {subprocess.py:93} INFO - 23/05/28 22:38:09 INFO Executor: Finished task 11.0 in stage 2.0 (TID 13). 4611 bytes result sent to driver
[2023-05-28T22:38:09.623+0000] {subprocess.py:93} INFO - 23/05/28 22:38:09 INFO TaskSetManager: Starting task 12.0 in stage 2.0 (TID 14) (4b5d28de6f1c.mylabserver.com, executor driver, partition 12, PROCESS_LOCAL, 8040 bytes)
[2023-05-28T22:38:09.623+0000] {subprocess.py:93} INFO - 23/05/28 22:38:09 INFO Executor: Running task 12.0 in stage 2.0 (TID 14)
[2023-05-28T22:38:09.623+0000] {subprocess.py:93} INFO - 23/05/28 22:38:09 INFO TaskSetManager: Finished task 11.0 in stage 2.0 (TID 13) in 114 ms on 4b5d28de6f1c.mylabserver.com (executor driver) (11/22)
[2023-05-28T22:38:09.664+0000] {subprocess.py:93} INFO - 23/05/28 22:38:09 INFO FileScanRDD: Reading File path: file:///home/cloud_user/Stock-Market-Nasdaq/data/etfs/FNDF.csv, range: 0-181344, partition values: [empty row]
[2023-05-28T22:38:09.696+0000] {subprocess.py:93} INFO - 23/05/28 22:38:09 INFO Executor: Finished task 10.0 in stage 2.0 (TID 12). 4697 bytes result sent to driver
[2023-05-28T22:38:09.699+0000] {subprocess.py:93} INFO - 23/05/28 22:38:09 INFO TaskSetManager: Starting task 13.0 in stage 2.0 (TID 15) (4b5d28de6f1c.mylabserver.com, executor driver, partition 13, PROCESS_LOCAL, 8040 bytes)
[2023-05-28T22:38:09.700+0000] {subprocess.py:93} INFO - 23/05/28 22:38:09 INFO TaskSetManager: Finished task 10.0 in stage 2.0 (TID 12) in 310 ms on 4b5d28de6f1c.mylabserver.com (executor driver) (12/22)
[2023-05-28T22:38:09.702+0000] {subprocess.py:93} INFO - 23/05/28 22:38:09 INFO Executor: Running task 13.0 in stage 2.0 (TID 15)
[2023-05-28T22:38:09.750+0000] {subprocess.py:93} INFO - 23/05/28 22:38:09 INFO FileScanRDD: Reading File path: file:///home/cloud_user/Stock-Market-Nasdaq/data/etfs/YCOM.csv, range: 0-32213, partition values: [empty row]
[2023-05-28T22:38:09.780+0000] {subprocess.py:93} INFO - 23/05/28 22:38:09 INFO Executor: Finished task 12.0 in stage 2.0 (TID 14). 4654 bytes result sent to driver
[2023-05-28T22:38:09.782+0000] {subprocess.py:93} INFO - 23/05/28 22:38:09 INFO TaskSetManager: Starting task 14.0 in stage 2.0 (TID 16) (4b5d28de6f1c.mylabserver.com, executor driver, partition 14, PROCESS_LOCAL, 8039 bytes)
[2023-05-28T22:38:09.783+0000] {subprocess.py:93} INFO - 23/05/28 22:38:09 INFO TaskSetManager: Finished task 12.0 in stage 2.0 (TID 14) in 163 ms on 4b5d28de6f1c.mylabserver.com (executor driver) (13/22)
[2023-05-28T22:38:09.783+0000] {subprocess.py:93} INFO - 23/05/28 22:38:09 INFO Executor: Running task 14.0 in stage 2.0 (TID 16)
[2023-05-28T22:38:09.802+0000] {subprocess.py:93} INFO - 23/05/28 22:38:09 INFO Executor: Finished task 13.0 in stage 2.0 (TID 15). 4611 bytes result sent to driver
[2023-05-28T22:38:09.804+0000] {subprocess.py:93} INFO - 23/05/28 22:38:09 INFO TaskSetManager: Starting task 15.0 in stage 2.0 (TID 17) (4b5d28de6f1c.mylabserver.com, executor driver, partition 15, PROCESS_LOCAL, 8040 bytes)
[2023-05-28T22:38:09.805+0000] {subprocess.py:93} INFO - 23/05/28 22:38:09 INFO TaskSetManager: Finished task 13.0 in stage 2.0 (TID 15) in 108 ms on 4b5d28de6f1c.mylabserver.com (executor driver) (14/22)
[2023-05-28T22:38:09.807+0000] {subprocess.py:93} INFO - 23/05/28 22:38:09 INFO Executor: Running task 15.0 in stage 2.0 (TID 17)
[2023-05-28T22:38:09.827+0000] {subprocess.py:93} INFO - 23/05/28 22:38:09 INFO FileScanRDD: Reading File path: file:///home/cloud_user/Stock-Market-Nasdaq/data/etfs/FMK.csv, range: 0-237350, partition values: [empty row]
[2023-05-28T22:38:09.840+0000] {subprocess.py:93} INFO - 23/05/28 22:38:09 INFO FileScanRDD: Reading File path: file:///home/cloud_user/Stock-Market-Nasdaq/data/etfs/BUYN.csv, range: 0-61298, partition values: [empty row]
[2023-05-28T22:38:09.901+0000] {subprocess.py:93} INFO - 23/05/28 22:38:09 INFO Executor: Finished task 15.0 in stage 2.0 (TID 17). 4611 bytes result sent to driver
[2023-05-28T22:38:09.903+0000] {subprocess.py:93} INFO - 23/05/28 22:38:09 INFO TaskSetManager: Starting task 16.0 in stage 2.0 (TID 18) (4b5d28de6f1c.mylabserver.com, executor driver, partition 16, PROCESS_LOCAL, 8040 bytes)
[2023-05-28T22:38:09.903+0000] {subprocess.py:93} INFO - 23/05/28 22:38:09 INFO Executor: Running task 16.0 in stage 2.0 (TID 18)
[2023-05-28T22:38:09.904+0000] {subprocess.py:93} INFO - 23/05/28 22:38:09 INFO TaskSetManager: Finished task 15.0 in stage 2.0 (TID 17) in 101 ms on 4b5d28de6f1c.mylabserver.com (executor driver) (15/22)
[2023-05-28T22:38:09.929+0000] {subprocess.py:93} INFO - 23/05/28 22:38:09 INFO FileScanRDD: Reading File path: file:///home/cloud_user/Stock-Market-Nasdaq/data/etfs/VFMF.csv, range: 0-54980, partition values: [empty row]
[2023-05-28T22:38:09.973+0000] {subprocess.py:93} INFO - 23/05/28 22:38:09 INFO Executor: Finished task 16.0 in stage 2.0 (TID 18). 4611 bytes result sent to driver
[2023-05-28T22:38:09.974+0000] {subprocess.py:93} INFO - 23/05/28 22:38:09 INFO TaskSetManager: Starting task 17.0 in stage 2.0 (TID 19) (4b5d28de6f1c.mylabserver.com, executor driver, partition 17, PROCESS_LOCAL, 8040 bytes)
[2023-05-28T22:38:09.976+0000] {subprocess.py:93} INFO - 23/05/28 22:38:09 INFO TaskSetManager: Finished task 16.0 in stage 2.0 (TID 18) in 74 ms on 4b5d28de6f1c.mylabserver.com (executor driver) (16/22)
[2023-05-28T22:38:09.976+0000] {subprocess.py:93} INFO - 23/05/28 22:38:09 INFO Executor: Running task 17.0 in stage 2.0 (TID 19)
[2023-05-28T22:38:09.979+0000] {subprocess.py:93} INFO - 23/05/28 22:38:09 INFO Executor: Finished task 14.0 in stage 2.0 (TID 16). 4611 bytes result sent to driver
[2023-05-28T22:38:09.982+0000] {subprocess.py:93} INFO - 23/05/28 22:38:09 INFO TaskSetManager: Starting task 18.0 in stage 2.0 (TID 20) (4b5d28de6f1c.mylabserver.com, executor driver, partition 18, PROCESS_LOCAL, 8039 bytes)
[2023-05-28T22:38:09.983+0000] {subprocess.py:93} INFO - 23/05/28 22:38:09 INFO TaskSetManager: Finished task 14.0 in stage 2.0 (TID 16) in 203 ms on 4b5d28de6f1c.mylabserver.com (executor driver) (17/22)
[2023-05-28T22:38:09.990+0000] {subprocess.py:93} INFO - 23/05/28 22:38:09 INFO Executor: Running task 18.0 in stage 2.0 (TID 20)
[2023-05-28T22:38:10.012+0000] {subprocess.py:93} INFO - 23/05/28 22:38:10 INFO FileScanRDD: Reading File path: file:///home/cloud_user/Stock-Market-Nasdaq/data/etfs/PWZ.csv, range: 0-336231, partition values: [empty row]
[2023-05-28T22:38:10.016+0000] {subprocess.py:93} INFO - 23/05/28 22:38:10 INFO FileScanRDD: Reading File path: file:///home/cloud_user/Stock-Market-Nasdaq/data/etfs/MAAX.csv, range: 0-23651, partition values: [empty row]
[2023-05-28T22:38:10.044+0000] {subprocess.py:93} INFO - 23/05/28 22:38:10 INFO Executor: Finished task 17.0 in stage 2.0 (TID 19). 4611 bytes result sent to driver
[2023-05-28T22:38:10.045+0000] {subprocess.py:93} INFO - 23/05/28 22:38:10 INFO TaskSetManager: Starting task 19.0 in stage 2.0 (TID 21) (4b5d28de6f1c.mylabserver.com, executor driver, partition 19, PROCESS_LOCAL, 8039 bytes)
[2023-05-28T22:38:10.047+0000] {subprocess.py:93} INFO - 23/05/28 22:38:10 INFO TaskSetManager: Finished task 17.0 in stage 2.0 (TID 19) in 74 ms on 4b5d28de6f1c.mylabserver.com (executor driver) (18/22)
[2023-05-28T22:38:10.048+0000] {subprocess.py:93} INFO - 23/05/28 22:38:10 INFO Executor: Running task 19.0 in stage 2.0 (TID 21)
[2023-05-28T22:38:10.079+0000] {subprocess.py:93} INFO - 23/05/28 22:38:10 INFO FileScanRDD: Reading File path: file:///home/cloud_user/Stock-Market-Nasdaq/data/etfs/FJP.csv, range: 0-237219, partition values: [empty row]
[2023-05-28T22:38:10.178+0000] {subprocess.py:93} INFO - 23/05/28 22:38:10 INFO Executor: Finished task 19.0 in stage 2.0 (TID 21). 4611 bytes result sent to driver
[2023-05-28T22:38:10.179+0000] {subprocess.py:93} INFO - 23/05/28 22:38:10 INFO TaskSetManager: Starting task 20.0 in stage 2.0 (TID 22) (4b5d28de6f1c.mylabserver.com, executor driver, partition 20, PROCESS_LOCAL, 8039 bytes)
[2023-05-28T22:38:10.181+0000] {subprocess.py:93} INFO - 23/05/28 22:38:10 INFO TaskSetManager: Finished task 19.0 in stage 2.0 (TID 21) in 135 ms on 4b5d28de6f1c.mylabserver.com (executor driver) (19/22)
[2023-05-28T22:38:10.182+0000] {subprocess.py:93} INFO - 23/05/28 22:38:10 INFO Executor: Running task 20.0 in stage 2.0 (TID 22)
[2023-05-28T22:38:10.199+0000] {subprocess.py:93} INFO - 23/05/28 22:38:10 INFO Executor: Finished task 18.0 in stage 2.0 (TID 20). 4654 bytes result sent to driver
[2023-05-28T22:38:10.201+0000] {subprocess.py:93} INFO - 23/05/28 22:38:10 INFO TaskSetManager: Starting task 21.0 in stage 2.0 (TID 23) (4b5d28de6f1c.mylabserver.com, executor driver, partition 21, PROCESS_LOCAL, 8040 bytes)
[2023-05-28T22:38:10.201+0000] {subprocess.py:93} INFO - 23/05/28 22:38:10 INFO TaskSetManager: Finished task 18.0 in stage 2.0 (TID 20) in 219 ms on 4b5d28de6f1c.mylabserver.com (executor driver) (20/22)
[2023-05-28T22:38:10.203+0000] {subprocess.py:93} INFO - 23/05/28 22:38:10 INFO Executor: Running task 21.0 in stage 2.0 (TID 23)
[2023-05-28T22:38:10.225+0000] {subprocess.py:93} INFO - 23/05/28 22:38:10 INFO FileScanRDD: Reading File path: file:///home/cloud_user/Stock-Market-Nasdaq/data/etfs/TBX.csv, range: 0-240963, partition values: [empty row]
[2023-05-28T22:38:10.237+0000] {subprocess.py:93} INFO - 23/05/28 22:38:10 INFO FileScanRDD: Reading File path: file:///home/cloud_user/Stock-Market-Nasdaq/data/etfs/EYLD.csv, range: 0-98680, partition values: [empty row]
[2023-05-28T22:38:10.324+0000] {subprocess.py:93} INFO - 23/05/28 22:38:10 INFO Executor: Finished task 21.0 in stage 2.0 (TID 23). 4697 bytes result sent to driver
[2023-05-28T22:38:10.328+0000] {subprocess.py:93} INFO - 23/05/28 22:38:10 INFO TaskSetManager: Finished task 21.0 in stage 2.0 (TID 23) in 128 ms on 4b5d28de6f1c.mylabserver.com (executor driver) (21/22)
[2023-05-28T22:38:10.333+0000] {subprocess.py:93} INFO - 23/05/28 22:38:10 INFO Executor: Finished task 20.0 in stage 2.0 (TID 22). 4654 bytes result sent to driver
[2023-05-28T22:38:10.335+0000] {subprocess.py:93} INFO - 23/05/28 22:38:10 INFO TaskSetManager: Finished task 20.0 in stage 2.0 (TID 22) in 155 ms on 4b5d28de6f1c.mylabserver.com (executor driver) (22/22)
[2023-05-28T22:38:10.335+0000] {subprocess.py:93} INFO - 23/05/28 22:38:10 INFO TaskSchedulerImpl: Removed TaskSet 2.0, whose tasks have all completed, from pool
[2023-05-28T22:38:10.337+0000] {subprocess.py:93} INFO - 23/05/28 22:38:10 INFO DAGScheduler: ShuffleMapStage 2 (parquet at NativeMethodAccessorImpl.java:0) finished in 3.275 s
[2023-05-28T22:38:10.338+0000] {subprocess.py:93} INFO - 23/05/28 22:38:10 INFO DAGScheduler: looking for newly runnable stages
[2023-05-28T22:38:10.338+0000] {subprocess.py:93} INFO - 23/05/28 22:38:10 INFO DAGScheduler: running: Set()
[2023-05-28T22:38:10.339+0000] {subprocess.py:93} INFO - 23/05/28 22:38:10 INFO DAGScheduler: waiting: Set()
[2023-05-28T22:38:10.339+0000] {subprocess.py:93} INFO - 23/05/28 22:38:10 INFO DAGScheduler: failed: Set()
[2023-05-28T22:38:10.842+0000] {subprocess.py:93} INFO - Traceback (most recent call last):
[2023-05-28T22:38:10.842+0000] {subprocess.py:93} INFO -   File "/home/cloud_user/Stock-Market-Nasdaq/scripts/process_raw_data.py", line 92, in <module>
[2023-05-28T22:38:10.842+0000] {subprocess.py:93} INFO -     df.write.parquet(os.path.join(directory_path, f'parquet_file/{data}.parquet'))
[2023-05-28T22:38:10.842+0000] {subprocess.py:93} INFO -   File "/home/cloud_user/airflow_env/lib/python3.8/site-packages/pyspark/python/lib/pyspark.zip/pyspark/sql/readwriter.py", line 1656, in parquet
[2023-05-28T22:38:10.842+0000] {subprocess.py:93} INFO -   File "/home/cloud_user/airflow_env/lib/python3.8/site-packages/pyspark/python/lib/py4j-0.10.9.7-src.zip/py4j/java_gateway.py", line 1322, in __call__
[2023-05-28T22:38:10.843+0000] {subprocess.py:93} INFO -   File "/home/cloud_user/airflow_env/lib/python3.8/site-packages/pyspark/python/lib/pyspark.zip/pyspark/errors/exceptions/captured.py", line 175, in deco
[2023-05-28T22:38:10.853+0000] {subprocess.py:93} INFO - pyspark.errors.exceptions.captured.AnalysisException: [PATH_ALREADY_EXISTS] Path file:/home/cloud_user/Stock-Market-Nasdaq/data/parquet_file/etfs.parquet already exists. Set mode as "overwrite" to overwrite the existing path.
[2023-05-28T22:38:10.964+0000] {subprocess.py:93} INFO - 23/05/28 22:38:10 INFO SparkContext: Invoking stop() from shutdown hook
[2023-05-28T22:38:10.965+0000] {subprocess.py:93} INFO - 23/05/28 22:38:10 INFO SparkContext: SparkContext is stopping with exitCode 0.
[2023-05-28T22:38:10.980+0000] {subprocess.py:93} INFO - 23/05/28 22:38:10 INFO SparkUI: Stopped Spark web UI at http://4b5d28de6f1c.mylabserver.com:4040
[2023-05-28T22:38:11.006+0000] {subprocess.py:93} INFO - 23/05/28 22:38:11 INFO MapOutputTrackerMasterEndpoint: MapOutputTrackerMasterEndpoint stopped!
[2023-05-28T22:38:11.035+0000] {subprocess.py:93} INFO - 23/05/28 22:38:11 INFO MemoryStore: MemoryStore cleared
[2023-05-28T22:38:11.035+0000] {subprocess.py:93} INFO - 23/05/28 22:38:11 INFO BlockManager: BlockManager stopped
[2023-05-28T22:38:11.050+0000] {subprocess.py:93} INFO - 23/05/28 22:38:11 INFO BlockManagerMaster: BlockManagerMaster stopped
[2023-05-28T22:38:11.053+0000] {subprocess.py:93} INFO - 23/05/28 22:38:11 INFO OutputCommitCoordinator$OutputCommitCoordinatorEndpoint: OutputCommitCoordinator stopped!
[2023-05-28T22:38:11.071+0000] {subprocess.py:93} INFO - 23/05/28 22:38:11 INFO SparkContext: Successfully stopped SparkContext
[2023-05-28T22:38:11.071+0000] {subprocess.py:93} INFO - 23/05/28 22:38:11 INFO ShutdownHookManager: Shutdown hook called
[2023-05-28T22:38:11.072+0000] {subprocess.py:93} INFO - 23/05/28 22:38:11 INFO ShutdownHookManager: Deleting directory /tmp/spark-4437571f-9f55-4b42-9d5d-c2c98059238b/pyspark-d764ccb6-280a-4c47-b7f6-7cba6aa40038
[2023-05-28T22:38:11.076+0000] {subprocess.py:93} INFO - 23/05/28 22:38:11 INFO ShutdownHookManager: Deleting directory /tmp/spark-4437571f-9f55-4b42-9d5d-c2c98059238b
[2023-05-28T22:38:11.079+0000] {subprocess.py:93} INFO - 23/05/28 22:38:11 INFO ShutdownHookManager: Deleting directory /tmp/spark-3b51a4f0-ada1-455a-a9de-e7ac37368136
[2023-05-28T22:38:11.145+0000] {subprocess.py:97} INFO - Command exited with return code 0
[2023-05-28T22:38:11.164+0000] {taskinstance.py:1345} INFO - Marking task as SUCCESS. dag_id=stock_market_dag, task_id=process_raw_data_etfs, execution_date=20230528T223639, start_date=20230528T223747, end_date=20230528T223811
[2023-05-28T22:38:11.320+0000] {local_task_job_runner.py:225} INFO - Task exited with return code 0
[2023-05-28T22:38:11.338+0000] {taskinstance.py:2651} INFO - 1 downstream tasks scheduled from follow-on schedule check
