[2023-05-28T22:38:45.698+0000] {taskinstance.py:1103} INFO - Dependencies all met for dep_context=non-requeueable deps ti=<TaskInstance: stock_market_dag.feature_engineering_etfs manual__2023-05-28T22:36:39.398671+00:00 [queued]>
[2023-05-28T22:38:45.705+0000] {taskinstance.py:1103} INFO - Dependencies all met for dep_context=requeueable deps ti=<TaskInstance: stock_market_dag.feature_engineering_etfs manual__2023-05-28T22:36:39.398671+00:00 [queued]>
[2023-05-28T22:38:45.706+0000] {taskinstance.py:1308} INFO - Starting attempt 1 of 1
[2023-05-28T22:38:45.810+0000] {taskinstance.py:1327} INFO - Executing <Task(BashOperator): feature_engineering_etfs> on 2023-05-28 22:36:39.398671+00:00
[2023-05-28T22:38:45.813+0000] {standard_task_runner.py:57} INFO - Started process 22205 to run task
[2023-05-28T22:38:45.816+0000] {standard_task_runner.py:84} INFO - Running: ['airflow', 'tasks', 'run', 'stock_market_dag', 'feature_engineering_etfs', 'manual__2023-05-28T22:36:39.398671+00:00', '--job-id', '7', '--raw', '--subdir', 'DAGS_FOLDER/mydag.py', '--cfg-path', '/tmp/tmpko3429ha']
[2023-05-28T22:38:45.817+0000] {standard_task_runner.py:85} INFO - Job 7: Subtask feature_engineering_etfs
[2023-05-28T22:38:45.851+0000] {task_command.py:410} INFO - Running <TaskInstance: stock_market_dag.feature_engineering_etfs manual__2023-05-28T22:36:39.398671+00:00 [running]> on host 4b5d28de6f1c.mylabserver.com
[2023-05-28T22:38:45.908+0000] {taskinstance.py:1545} INFO - Exporting env vars: AIRFLOW_CTX_DAG_OWNER='airflow' AIRFLOW_CTX_DAG_ID='stock_market_dag' AIRFLOW_CTX_TASK_ID='feature_engineering_etfs' AIRFLOW_CTX_EXECUTION_DATE='2023-05-28T22:36:39.398671+00:00' AIRFLOW_CTX_TRY_NUMBER='1' AIRFLOW_CTX_DAG_RUN_ID='manual__2023-05-28T22:36:39.398671+00:00'
[2023-05-28T22:38:45.909+0000] {subprocess.py:63} INFO - Tmp dir root location: 
 /tmp
[2023-05-28T22:38:45.909+0000] {subprocess.py:75} INFO - Running command: ['/usr/bin/bash', '-c', 'spark-submit --master local[*] --name arrow-spark --queue root.default /home/cloud_user/Stock-Market-Nasdaq/scripts/feature_engineering.py /home/cloud_user/Stock-Market-Nasdaq/data/parquet_file etfs /home/cloud_user/Stock-Market-Nasdaq/data/feacher_ing || true']
[2023-05-28T22:38:45.915+0000] {subprocess.py:86} INFO - Output:
[2023-05-28T22:38:49.829+0000] {subprocess.py:93} INFO - 23/05/28 22:38:49 INFO SparkContext: Running Spark version 3.4.0
[2023-05-28T22:38:49.913+0000] {subprocess.py:93} INFO - 23/05/28 22:38:49 WARN NativeCodeLoader: Unable to load native-hadoop library for your platform... using builtin-java classes where applicable
[2023-05-28T22:38:50.067+0000] {subprocess.py:93} INFO - 23/05/28 22:38:50 INFO ResourceUtils: ==============================================================
[2023-05-28T22:38:50.068+0000] {subprocess.py:93} INFO - 23/05/28 22:38:50 INFO ResourceUtils: No custom resources configured for spark.driver.
[2023-05-28T22:38:50.068+0000] {subprocess.py:93} INFO - 23/05/28 22:38:50 INFO ResourceUtils: ==============================================================
[2023-05-28T22:38:50.069+0000] {subprocess.py:93} INFO - 23/05/28 22:38:50 INFO SparkContext: Submitted application: FeatureEngineering
[2023-05-28T22:38:50.117+0000] {subprocess.py:93} INFO - 23/05/28 22:38:50 INFO ResourceProfile: Default ResourceProfile created, executor resources: Map(cores -> name: cores, amount: 2, script: , vendor: , memory -> name: memory, amount: 8192, script: , vendor: , offHeap -> name: offHeap, amount: 0, script: , vendor: ), task resources: Map(cpus -> name: cpus, amount: 1.0)
[2023-05-28T22:38:50.133+0000] {subprocess.py:93} INFO - 23/05/28 22:38:50 INFO ResourceProfile: Limiting resource is cpus at 2 tasks per executor
[2023-05-28T22:38:50.138+0000] {subprocess.py:93} INFO - 23/05/28 22:38:50 INFO ResourceProfileManager: Added ResourceProfile id: 0
[2023-05-28T22:38:50.224+0000] {subprocess.py:93} INFO - 23/05/28 22:38:50 INFO SecurityManager: Changing view acls to: cloud_user
[2023-05-28T22:38:50.225+0000] {subprocess.py:93} INFO - 23/05/28 22:38:50 INFO SecurityManager: Changing modify acls to: cloud_user
[2023-05-28T22:38:50.226+0000] {subprocess.py:93} INFO - 23/05/28 22:38:50 INFO SecurityManager: Changing view acls groups to:
[2023-05-28T22:38:50.227+0000] {subprocess.py:93} INFO - 23/05/28 22:38:50 INFO SecurityManager: Changing modify acls groups to:
[2023-05-28T22:38:50.228+0000] {subprocess.py:93} INFO - 23/05/28 22:38:50 INFO SecurityManager: SecurityManager: authentication disabled; ui acls disabled; users with view permissions: cloud_user; groups with view permissions: EMPTY; users with modify permissions: cloud_user; groups with modify permissions: EMPTY
[2023-05-28T22:38:50.609+0000] {subprocess.py:93} INFO - 23/05/28 22:38:50 INFO Utils: Successfully started service 'sparkDriver' on port 46777.
[2023-05-28T22:38:50.661+0000] {subprocess.py:93} INFO - 23/05/28 22:38:50 INFO SparkEnv: Registering MapOutputTracker
[2023-05-28T22:38:50.715+0000] {subprocess.py:93} INFO - 23/05/28 22:38:50 INFO SparkEnv: Registering BlockManagerMaster
[2023-05-28T22:38:50.747+0000] {subprocess.py:93} INFO - 23/05/28 22:38:50 INFO BlockManagerMasterEndpoint: Using org.apache.spark.storage.DefaultTopologyMapper for getting topology information
[2023-05-28T22:38:50.751+0000] {subprocess.py:93} INFO - 23/05/28 22:38:50 INFO BlockManagerMasterEndpoint: BlockManagerMasterEndpoint up
[2023-05-28T22:38:50.756+0000] {subprocess.py:93} INFO - 23/05/28 22:38:50 INFO SparkEnv: Registering BlockManagerMasterHeartbeat
[2023-05-28T22:38:50.775+0000] {subprocess.py:93} INFO - 23/05/28 22:38:50 INFO DiskBlockManager: Created local directory at /tmp/blockmgr-cd5e4138-a1e6-4e58-aa83-8a0dcd5a32ca
[2023-05-28T22:38:50.796+0000] {subprocess.py:93} INFO - 23/05/28 22:38:50 INFO MemoryStore: MemoryStore started with capacity 434.4 MiB
[2023-05-28T22:38:50.819+0000] {subprocess.py:93} INFO - 23/05/28 22:38:50 INFO SparkEnv: Registering OutputCommitCoordinator
[2023-05-28T22:38:51.045+0000] {subprocess.py:93} INFO - 23/05/28 22:38:51 INFO JettyUtils: Start Jetty 0.0.0.0:4040 for SparkUI
[2023-05-28T22:38:51.145+0000] {subprocess.py:93} INFO - 23/05/28 22:38:51 INFO Utils: Successfully started service 'SparkUI' on port 4040.
[2023-05-28T22:38:51.356+0000] {subprocess.py:93} INFO - 23/05/28 22:38:51 INFO Executor: Starting executor ID driver on host 4b5d28de6f1c.mylabserver.com
[2023-05-28T22:38:51.367+0000] {subprocess.py:93} INFO - 23/05/28 22:38:51 INFO Executor: Starting executor with user classpath (userClassPathFirst = false): ''
[2023-05-28T22:38:51.397+0000] {subprocess.py:93} INFO - 23/05/28 22:38:51 INFO Utils: Successfully started service 'org.apache.spark.network.netty.NettyBlockTransferService' on port 46589.
[2023-05-28T22:38:51.398+0000] {subprocess.py:93} INFO - 23/05/28 22:38:51 INFO NettyBlockTransferService: Server created on 4b5d28de6f1c.mylabserver.com:46589
[2023-05-28T22:38:51.398+0000] {subprocess.py:93} INFO - 23/05/28 22:38:51 INFO BlockManager: Using org.apache.spark.storage.RandomBlockReplicationPolicy for block replication policy
[2023-05-28T22:38:51.405+0000] {subprocess.py:93} INFO - 23/05/28 22:38:51 INFO BlockManagerMaster: Registering BlockManager BlockManagerId(driver, 4b5d28de6f1c.mylabserver.com, 46589, None)
[2023-05-28T22:38:51.410+0000] {subprocess.py:93} INFO - 23/05/28 22:38:51 INFO BlockManagerMasterEndpoint: Registering block manager 4b5d28de6f1c.mylabserver.com:46589 with 434.4 MiB RAM, BlockManagerId(driver, 4b5d28de6f1c.mylabserver.com, 46589, None)
[2023-05-28T22:38:51.414+0000] {subprocess.py:93} INFO - 23/05/28 22:38:51 INFO BlockManagerMaster: Registered BlockManager BlockManagerId(driver, 4b5d28de6f1c.mylabserver.com, 46589, None)
[2023-05-28T22:38:51.416+0000] {subprocess.py:93} INFO - 23/05/28 22:38:51 INFO BlockManager: Initialized BlockManager: BlockManagerId(driver, 4b5d28de6f1c.mylabserver.com, 46589, None)
[2023-05-28T22:38:52.088+0000] {subprocess.py:93} INFO - 23/05/28 22:38:52 INFO SharedState: Setting hive.metastore.warehouse.dir ('null') to the value of spark.sql.warehouse.dir.
[2023-05-28T22:38:52.100+0000] {subprocess.py:93} INFO - 23/05/28 22:38:52 INFO SharedState: Warehouse path is 'file:/tmp/airflowtmp9faqb5n0/spark-warehouse'.
[2023-05-28T22:38:53.278+0000] {subprocess.py:93} INFO - 23/05/28 22:38:53 INFO InMemoryFileIndex: It took 94 ms to list leaf files for 1 paths.
[2023-05-28T22:38:54.114+0000] {subprocess.py:93} INFO - 23/05/28 22:38:54 INFO SparkContext: Starting job: parquet at NativeMethodAccessorImpl.java:0
[2023-05-28T22:38:54.130+0000] {subprocess.py:93} INFO - 23/05/28 22:38:54 INFO DAGScheduler: Got job 0 (parquet at NativeMethodAccessorImpl.java:0) with 1 output partitions
[2023-05-28T22:38:54.130+0000] {subprocess.py:93} INFO - 23/05/28 22:38:54 INFO DAGScheduler: Final stage: ResultStage 0 (parquet at NativeMethodAccessorImpl.java:0)
[2023-05-28T22:38:54.131+0000] {subprocess.py:93} INFO - 23/05/28 22:38:54 INFO DAGScheduler: Parents of final stage: List()
[2023-05-28T22:38:54.132+0000] {subprocess.py:93} INFO - 23/05/28 22:38:54 INFO DAGScheduler: Missing parents: List()
[2023-05-28T22:38:54.145+0000] {subprocess.py:93} INFO - 23/05/28 22:38:54 INFO DAGScheduler: Submitting ResultStage 0 (MapPartitionsRDD[1] at parquet at NativeMethodAccessorImpl.java:0), which has no missing parents
[2023-05-28T22:38:54.282+0000] {subprocess.py:93} INFO - 23/05/28 22:38:54 INFO MemoryStore: Block broadcast_0 stored as values in memory (estimated size 103.6 KiB, free 434.3 MiB)
[2023-05-28T22:38:54.317+0000] {subprocess.py:93} INFO - 23/05/28 22:38:54 INFO MemoryStore: Block broadcast_0_piece0 stored as bytes in memory (estimated size 37.3 KiB, free 434.3 MiB)
[2023-05-28T22:38:54.321+0000] {subprocess.py:93} INFO - 23/05/28 22:38:54 INFO BlockManagerInfo: Added broadcast_0_piece0 in memory on 4b5d28de6f1c.mylabserver.com:46589 (size: 37.3 KiB, free: 434.4 MiB)
[2023-05-28T22:38:54.327+0000] {subprocess.py:93} INFO - 23/05/28 22:38:54 INFO SparkContext: Created broadcast 0 from broadcast at DAGScheduler.scala:1535
[2023-05-28T22:38:54.357+0000] {subprocess.py:93} INFO - 23/05/28 22:38:54 INFO DAGScheduler: Submitting 1 missing tasks from ResultStage 0 (MapPartitionsRDD[1] at parquet at NativeMethodAccessorImpl.java:0) (first 15 tasks are for partitions Vector(0))
[2023-05-28T22:38:54.359+0000] {subprocess.py:93} INFO - 23/05/28 22:38:54 INFO TaskSchedulerImpl: Adding task set 0.0 with 1 tasks resource profile 0
[2023-05-28T22:38:54.439+0000] {subprocess.py:93} INFO - 23/05/28 22:38:54 INFO TaskSetManager: Starting task 0.0 in stage 0.0 (TID 0) (4b5d28de6f1c.mylabserver.com, executor driver, partition 0, PROCESS_LOCAL, 7598 bytes)
[2023-05-28T22:38:54.480+0000] {subprocess.py:93} INFO - 23/05/28 22:38:54 INFO Executor: Running task 0.0 in stage 0.0 (TID 0)
[2023-05-28T22:38:55.048+0000] {subprocess.py:93} INFO - 23/05/28 22:38:55 INFO Executor: Finished task 0.0 in stage 0.0 (TID 0). 2218 bytes result sent to driver
[2023-05-28T22:38:55.075+0000] {subprocess.py:93} INFO - 23/05/28 22:38:55 INFO TaskSetManager: Finished task 0.0 in stage 0.0 (TID 0) in 664 ms on 4b5d28de6f1c.mylabserver.com (executor driver) (1/1)
[2023-05-28T22:38:55.086+0000] {subprocess.py:93} INFO - 23/05/28 22:38:55 INFO TaskSchedulerImpl: Removed TaskSet 0.0, whose tasks have all completed, from pool
[2023-05-28T22:38:55.089+0000] {subprocess.py:93} INFO - 23/05/28 22:38:55 INFO DAGScheduler: ResultStage 0 (parquet at NativeMethodAccessorImpl.java:0) finished in 0.905 s
[2023-05-28T22:38:55.093+0000] {subprocess.py:93} INFO - 23/05/28 22:38:55 INFO DAGScheduler: Job 0 is finished. Cancelling potential speculative or zombie tasks for this job
[2023-05-28T22:38:55.094+0000] {subprocess.py:93} INFO - 23/05/28 22:38:55 INFO TaskSchedulerImpl: Killing all running tasks in stage 0: Stage finished
[2023-05-28T22:38:55.102+0000] {subprocess.py:93} INFO - 23/05/28 22:38:55 INFO DAGScheduler: Job 0 finished: parquet at NativeMethodAccessorImpl.java:0, took 0.981761 s
[2023-05-28T22:38:55.552+0000] {subprocess.py:93} INFO - 23/05/28 22:38:55 INFO BlockManagerInfo: Removed broadcast_0_piece0 on 4b5d28de6f1c.mylabserver.com:46589 in memory (size: 37.3 KiB, free: 434.4 MiB)
[2023-05-28T22:38:58.765+0000] {subprocess.py:93} INFO - 23/05/28 22:38:58 INFO FileSourceStrategy: Pushed Filters:
[2023-05-28T22:38:58.767+0000] {subprocess.py:93} INFO - 23/05/28 22:38:58 INFO FileSourceStrategy: Post-Scan Filters:
[2023-05-28T22:38:59.779+0000] {subprocess.py:93} INFO - 23/05/28 22:38:59 INFO CodeGenerator: Code generated in 418.740551 ms
[2023-05-28T22:38:59.853+0000] {subprocess.py:93} INFO - 23/05/28 22:38:59 INFO CodeGenerator: Code generated in 52.53946 ms
[2023-05-28T22:39:00.028+0000] {subprocess.py:93} INFO - 23/05/28 22:39:00 INFO CodeGenerator: Code generated in 122.852744 ms
[2023-05-28T22:39:00.080+0000] {subprocess.py:93} INFO - 23/05/28 22:39:00 INFO MemoryStore: Block broadcast_1 stored as values in memory (estimated size 202.8 KiB, free 434.2 MiB)
[2023-05-28T22:39:00.135+0000] {subprocess.py:93} INFO - 23/05/28 22:39:00 INFO MemoryStore: Block broadcast_1_piece0 stored as bytes in memory (estimated size 35.3 KiB, free 434.2 MiB)
[2023-05-28T22:39:00.138+0000] {subprocess.py:93} INFO - 23/05/28 22:39:00 INFO BlockManagerInfo: Added broadcast_1_piece0 in memory on 4b5d28de6f1c.mylabserver.com:46589 (size: 35.3 KiB, free: 434.4 MiB)
[2023-05-28T22:39:00.154+0000] {subprocess.py:93} INFO - 23/05/28 22:39:00 INFO SparkContext: Created broadcast 1 from parquet at NativeMethodAccessorImpl.java:0
[2023-05-28T22:39:00.183+0000] {subprocess.py:93} INFO - 23/05/28 22:39:00 INFO FileSourceScanExec: Planning scan with bin packing, max size: 21529129 bytes, open cost is considered as scanning 4194304 bytes.
[2023-05-28T22:39:00.536+0000] {subprocess.py:93} INFO - 23/05/28 22:39:00 INFO DAGScheduler: Registering RDD 5 (parquet at NativeMethodAccessorImpl.java:0) as input to shuffle 0
[2023-05-28T22:39:00.544+0000] {subprocess.py:93} INFO - 23/05/28 22:39:00 INFO DAGScheduler: Registering RDD 16 (parquet at NativeMethodAccessorImpl.java:0) as input to shuffle 1
[2023-05-28T22:39:00.546+0000] {subprocess.py:93} INFO - 23/05/28 22:39:00 INFO DAGScheduler: Got map stage job 1 (parquet at NativeMethodAccessorImpl.java:0) with 4 output partitions
[2023-05-28T22:39:00.548+0000] {subprocess.py:93} INFO - 23/05/28 22:39:00 INFO DAGScheduler: Final stage: ShuffleMapStage 2 (parquet at NativeMethodAccessorImpl.java:0)
[2023-05-28T22:39:00.548+0000] {subprocess.py:93} INFO - 23/05/28 22:39:00 INFO DAGScheduler: Parents of final stage: List(ShuffleMapStage 1)
[2023-05-28T22:39:00.553+0000] {subprocess.py:93} INFO - 23/05/28 22:39:00 INFO DAGScheduler: Missing parents: List(ShuffleMapStage 1)
[2023-05-28T22:39:00.568+0000] {subprocess.py:93} INFO - 23/05/28 22:39:00 INFO DAGScheduler: Submitting ShuffleMapStage 1 (MapPartitionsRDD[5] at parquet at NativeMethodAccessorImpl.java:0), which has no missing parents
[2023-05-28T22:39:00.598+0000] {subprocess.py:93} INFO - 23/05/28 22:39:00 INFO MemoryStore: Block broadcast_2 stored as values in memory (estimated size 22.4 KiB, free 434.1 MiB)
[2023-05-28T22:39:00.616+0000] {subprocess.py:93} INFO - 23/05/28 22:39:00 INFO MemoryStore: Block broadcast_2_piece0 stored as bytes in memory (estimated size 9.2 KiB, free 434.1 MiB)
[2023-05-28T22:39:00.617+0000] {subprocess.py:93} INFO - 23/05/28 22:39:00 INFO BlockManagerInfo: Added broadcast_2_piece0 in memory on 4b5d28de6f1c.mylabserver.com:46589 (size: 9.2 KiB, free: 434.4 MiB)
[2023-05-28T22:39:00.621+0000] {subprocess.py:93} INFO - 23/05/28 22:39:00 INFO SparkContext: Created broadcast 2 from broadcast at DAGScheduler.scala:1535
[2023-05-28T22:39:00.625+0000] {subprocess.py:93} INFO - 23/05/28 22:39:00 INFO DAGScheduler: Submitting 2 missing tasks from ShuffleMapStage 1 (MapPartitionsRDD[5] at parquet at NativeMethodAccessorImpl.java:0) (first 15 tasks are for partitions Vector(0, 1))
[2023-05-28T22:39:00.626+0000] {subprocess.py:93} INFO - 23/05/28 22:39:00 INFO TaskSchedulerImpl: Adding task set 1.0 with 2 tasks resource profile 0
[2023-05-28T22:39:00.633+0000] {subprocess.py:93} INFO - 23/05/28 22:39:00 INFO TaskSetManager: Starting task 0.0 in stage 1.0 (TID 1) (4b5d28de6f1c.mylabserver.com, executor driver, partition 0, PROCESS_LOCAL, 8787 bytes)
[2023-05-28T22:39:00.634+0000] {subprocess.py:93} INFO - 23/05/28 22:39:00 INFO TaskSetManager: Starting task 1.0 in stage 1.0 (TID 2) (4b5d28de6f1c.mylabserver.com, executor driver, partition 1, PROCESS_LOCAL, 8787 bytes)
[2023-05-28T22:39:00.635+0000] {subprocess.py:93} INFO - 23/05/28 22:39:00 INFO Executor: Running task 0.0 in stage 1.0 (TID 1)
[2023-05-28T22:39:00.644+0000] {subprocess.py:93} INFO - 23/05/28 22:39:00 INFO Executor: Running task 1.0 in stage 1.0 (TID 2)
[2023-05-28T22:39:00.759+0000] {subprocess.py:93} INFO - 23/05/28 22:39:00 INFO CodeGenerator: Code generated in 21.98434 ms
[2023-05-28T22:39:00.772+0000] {subprocess.py:93} INFO - 23/05/28 22:39:00 INFO FileScanRDD: Reading File path: file:///home/cloud_user/Stock-Market-Nasdaq/data/parquet_file/etfs.parquet/part-00001-9982be98-d3bd-4aad-be28-4f2f33fc647b-c000.snappy.parquet, range: 0-111454, partition values: [empty row]
[2023-05-28T22:39:00.777+0000] {subprocess.py:93} INFO - 23/05/28 22:39:00 INFO FileScanRDD: Reading File path: file:///home/cloud_user/Stock-Market-Nasdaq/data/parquet_file/etfs.parquet/part-00003-9982be98-d3bd-4aad-be28-4f2f33fc647b-c000.snappy.parquet, range: 0-111863, partition values: [empty row]
[2023-05-28T22:39:00.968+0000] {subprocess.py:93} INFO - 23/05/28 22:39:00 INFO CodecPool: Got brand-new decompressor [.snappy]
[2023-05-28T22:39:00.974+0000] {subprocess.py:93} INFO - 23/05/28 22:39:00 INFO CodecPool: Got brand-new decompressor [.snappy]
[2023-05-28T22:39:01.748+0000] {subprocess.py:93} INFO - 23/05/28 22:39:01 INFO FileScanRDD: Reading File path: file:///home/cloud_user/Stock-Market-Nasdaq/data/parquet_file/etfs.parquet/part-00008-9982be98-d3bd-4aad-be28-4f2f33fc647b-c000.snappy.parquet, range: 0-111445, partition values: [empty row]
[2023-05-28T22:39:01.761+0000] {subprocess.py:93} INFO - 23/05/28 22:39:01 INFO FileScanRDD: Reading File path: file:///home/cloud_user/Stock-Market-Nasdaq/data/parquet_file/etfs.parquet/part-00004-9982be98-d3bd-4aad-be28-4f2f33fc647b-c000.snappy.parquet, range: 0-111752, partition values: [empty row]
[2023-05-28T22:39:01.841+0000] {subprocess.py:93} INFO - 23/05/28 22:39:01 INFO FileScanRDD: Reading File path: file:///home/cloud_user/Stock-Market-Nasdaq/data/parquet_file/etfs.parquet/part-00005-9982be98-d3bd-4aad-be28-4f2f33fc647b-c000.snappy.parquet, range: 0-111378, partition values: [empty row]
[2023-05-28T22:39:01.886+0000] {subprocess.py:93} INFO - 23/05/28 22:39:01 INFO FileScanRDD: Reading File path: file:///home/cloud_user/Stock-Market-Nasdaq/data/parquet_file/etfs.parquet/part-00007-9982be98-d3bd-4aad-be28-4f2f33fc647b-c000.snappy.parquet, range: 0-111708, partition values: [empty row]
[2023-05-28T22:39:01.933+0000] {subprocess.py:93} INFO - 23/05/28 22:39:01 INFO FileScanRDD: Reading File path: file:///home/cloud_user/Stock-Market-Nasdaq/data/parquet_file/etfs.parquet/part-00009-9982be98-d3bd-4aad-be28-4f2f33fc647b-c000.snappy.parquet, range: 0-111298, partition values: [empty row]
[2023-05-28T22:39:01.979+0000] {subprocess.py:93} INFO - 23/05/28 22:39:01 INFO FileScanRDD: Reading File path: file:///home/cloud_user/Stock-Market-Nasdaq/data/parquet_file/etfs.parquet/part-00002-9982be98-d3bd-4aad-be28-4f2f33fc647b-c000.snappy.parquet, range: 0-111688, partition values: [empty row]
[2023-05-28T22:39:02.061+0000] {subprocess.py:93} INFO - 23/05/28 22:39:02 INFO FileScanRDD: Reading File path: file:///home/cloud_user/Stock-Market-Nasdaq/data/parquet_file/etfs.parquet/part-00000-9982be98-d3bd-4aad-be28-4f2f33fc647b-c000.snappy.parquet, range: 0-111058, partition values: [empty row]
[2023-05-28T22:39:02.099+0000] {subprocess.py:93} INFO - 23/05/28 22:39:02 INFO FileScanRDD: Reading File path: file:///home/cloud_user/Stock-Market-Nasdaq/data/parquet_file/etfs.parquet/part-00006-9982be98-d3bd-4aad-be28-4f2f33fc647b-c000.snappy.parquet, range: 0-111574, partition values: [empty row]
[2023-05-28T22:39:02.206+0000] {subprocess.py:93} INFO - 23/05/28 22:39:02 INFO Executor: Finished task 0.0 in stage 1.0 (TID 1). 2100 bytes result sent to driver
[2023-05-28T22:39:02.211+0000] {subprocess.py:93} INFO - 23/05/28 22:39:02 INFO Executor: Finished task 1.0 in stage 1.0 (TID 2). 2100 bytes result sent to driver
[2023-05-28T22:39:02.215+0000] {subprocess.py:93} INFO - 23/05/28 22:39:02 INFO TaskSetManager: Finished task 0.0 in stage 1.0 (TID 1) in 1586 ms on 4b5d28de6f1c.mylabserver.com (executor driver) (1/2)
[2023-05-28T22:39:02.221+0000] {subprocess.py:93} INFO - 23/05/28 22:39:02 INFO TaskSetManager: Finished task 1.0 in stage 1.0 (TID 2) in 1587 ms on 4b5d28de6f1c.mylabserver.com (executor driver) (2/2)
[2023-05-28T22:39:02.222+0000] {subprocess.py:93} INFO - 23/05/28 22:39:02 INFO TaskSchedulerImpl: Removed TaskSet 1.0, whose tasks have all completed, from pool
[2023-05-28T22:39:02.224+0000] {subprocess.py:93} INFO - 23/05/28 22:39:02 INFO DAGScheduler: ShuffleMapStage 1 (parquet at NativeMethodAccessorImpl.java:0) finished in 1.648 s
[2023-05-28T22:39:02.225+0000] {subprocess.py:93} INFO - 23/05/28 22:39:02 INFO DAGScheduler: looking for newly runnable stages
[2023-05-28T22:39:02.225+0000] {subprocess.py:93} INFO - 23/05/28 22:39:02 INFO DAGScheduler: running: Set()
[2023-05-28T22:39:02.225+0000] {subprocess.py:93} INFO - 23/05/28 22:39:02 INFO DAGScheduler: waiting: Set(ShuffleMapStage 2)
[2023-05-28T22:39:02.228+0000] {subprocess.py:93} INFO - 23/05/28 22:39:02 INFO DAGScheduler: failed: Set()
[2023-05-28T22:39:02.230+0000] {subprocess.py:93} INFO - 23/05/28 22:39:02 INFO DAGScheduler: Submitting ShuffleMapStage 2 (MapPartitionsRDD[16] at parquet at NativeMethodAccessorImpl.java:0), which has no missing parents
[2023-05-28T22:39:02.263+0000] {subprocess.py:93} INFO - 23/05/28 22:39:02 INFO MemoryStore: Block broadcast_3 stored as values in memory (estimated size 48.2 KiB, free 434.1 MiB)
[2023-05-28T22:39:02.270+0000] {subprocess.py:93} INFO - 23/05/28 22:39:02 INFO MemoryStore: Block broadcast_3_piece0 stored as bytes in memory (estimated size 21.9 KiB, free 434.1 MiB)
[2023-05-28T22:39:02.271+0000] {subprocess.py:93} INFO - 23/05/28 22:39:02 INFO BlockManagerInfo: Added broadcast_3_piece0 in memory on 4b5d28de6f1c.mylabserver.com:46589 (size: 21.9 KiB, free: 434.3 MiB)
[2023-05-28T22:39:02.273+0000] {subprocess.py:93} INFO - 23/05/28 22:39:02 INFO SparkContext: Created broadcast 3 from broadcast at DAGScheduler.scala:1535
[2023-05-28T22:39:02.278+0000] {subprocess.py:93} INFO - 23/05/28 22:39:02 INFO DAGScheduler: Submitting 4 missing tasks from ShuffleMapStage 2 (MapPartitionsRDD[16] at parquet at NativeMethodAccessorImpl.java:0) (first 15 tasks are for partitions Vector(0, 1, 2, 3))
[2023-05-28T22:39:02.278+0000] {subprocess.py:93} INFO - 23/05/28 22:39:02 INFO TaskSchedulerImpl: Adding task set 2.0 with 4 tasks resource profile 0
[2023-05-28T22:39:02.288+0000] {subprocess.py:93} INFO - 23/05/28 22:39:02 INFO TaskSetManager: Starting task 0.0 in stage 2.0 (TID 3) (4b5d28de6f1c.mylabserver.com, executor driver, partition 0, NODE_LOCAL, 7352 bytes)
[2023-05-28T22:39:02.289+0000] {subprocess.py:93} INFO - 23/05/28 22:39:02 INFO TaskSetManager: Starting task 1.0 in stage 2.0 (TID 4) (4b5d28de6f1c.mylabserver.com, executor driver, partition 1, NODE_LOCAL, 7352 bytes)
[2023-05-28T22:39:02.289+0000] {subprocess.py:93} INFO - 23/05/28 22:39:02 INFO Executor: Running task 0.0 in stage 2.0 (TID 3)
[2023-05-28T22:39:02.292+0000] {subprocess.py:93} INFO - 23/05/28 22:39:02 INFO Executor: Running task 1.0 in stage 2.0 (TID 4)
[2023-05-28T22:39:02.404+0000] {subprocess.py:93} INFO - 23/05/28 22:39:02 INFO ShuffleBlockFetcherIterator: Getting 2 (388.1 KiB) non-empty blocks including 2 (388.1 KiB) local and 0 (0.0 B) host-local and 0 (0.0 B) push-merged-local and 0 (0.0 B) remote blocks
[2023-05-28T22:39:02.413+0000] {subprocess.py:93} INFO - 23/05/28 22:39:02 INFO ShuffleBlockFetcherIterator: Getting 2 (516.6 KiB) non-empty blocks including 2 (516.6 KiB) local and 0 (0.0 B) host-local and 0 (0.0 B) push-merged-local and 0 (0.0 B) remote blocks
[2023-05-28T22:39:02.414+0000] {subprocess.py:93} INFO - 23/05/28 22:39:02 INFO ShuffleBlockFetcherIterator: Started 0 remote fetches in 10 ms
[2023-05-28T22:39:02.414+0000] {subprocess.py:93} INFO - 23/05/28 22:39:02 INFO ShuffleBlockFetcherIterator: Started 0 remote fetches in 21 ms
[2023-05-28T22:39:02.449+0000] {subprocess.py:93} INFO - 23/05/28 22:39:02 INFO CodeGenerator: Code generated in 23.584744 ms
[2023-05-28T22:39:02.477+0000] {subprocess.py:93} INFO - 23/05/28 22:39:02 INFO CodeGenerator: Code generated in 16.609038 ms
[2023-05-28T22:39:02.551+0000] {subprocess.py:93} INFO - 23/05/28 22:39:02 INFO CodeGenerator: Code generated in 28.728472 ms
[2023-05-28T22:39:02.576+0000] {subprocess.py:93} INFO - 23/05/28 22:39:02 INFO CodeGenerator: Code generated in 21.385178 ms
[2023-05-28T22:39:03.049+0000] {subprocess.py:93} INFO - 23/05/28 22:39:03 INFO CodeGenerator: Code generated in 31.209183 ms
[2023-05-28T22:39:03.103+0000] {subprocess.py:93} INFO - 23/05/28 22:39:03 INFO CodeGenerator: Code generated in 22.94501 ms
[2023-05-28T22:39:03.137+0000] {subprocess.py:93} INFO - 23/05/28 22:39:03 INFO CodeGenerator: Code generated in 18.733922 ms
[2023-05-28T22:39:03.999+0000] {subprocess.py:93} INFO - 23/05/28 22:39:03 INFO BlockManagerInfo: Removed broadcast_2_piece0 on 4b5d28de6f1c.mylabserver.com:46589 in memory (size: 9.2 KiB, free: 434.3 MiB)
[2023-05-28T22:39:09.787+0000] {subprocess.py:93} INFO - 23/05/28 22:39:09 INFO MemoryStore: Block rdd_11_0 stored as values in memory (estimated size 479.6 KiB, free 425.1 MiB)
[2023-05-28T22:39:09.798+0000] {subprocess.py:93} INFO - 23/05/28 22:39:09 INFO BlockManagerInfo: Added rdd_11_0 in memory on 4b5d28de6f1c.mylabserver.com:46589 (size: 479.6 KiB, free: 433.9 MiB)
[2023-05-28T22:39:09.826+0000] {subprocess.py:93} INFO - 23/05/28 22:39:09 INFO CodeGenerator: Code generated in 19.829466 ms
[2023-05-28T22:39:09.921+0000] {subprocess.py:93} INFO - 23/05/28 22:39:09 INFO CodeGenerator: Code generated in 67.258668 ms
[2023-05-28T22:39:10.165+0000] {subprocess.py:93} INFO - 23/05/28 22:39:10 INFO Executor: Finished task 0.0 in stage 2.0 (TID 3). 5247 bytes result sent to driver
[2023-05-28T22:39:10.172+0000] {subprocess.py:93} INFO - 23/05/28 22:39:10 INFO TaskSetManager: Starting task 2.0 in stage 2.0 (TID 5) (4b5d28de6f1c.mylabserver.com, executor driver, partition 2, NODE_LOCAL, 7352 bytes)
[2023-05-28T22:39:10.177+0000] {subprocess.py:93} INFO - 23/05/28 22:39:10 INFO Executor: Running task 2.0 in stage 2.0 (TID 5)
[2023-05-28T22:39:10.191+0000] {subprocess.py:93} INFO - 23/05/28 22:39:10 INFO TaskSetManager: Finished task 0.0 in stage 2.0 (TID 3) in 7905 ms on 4b5d28de6f1c.mylabserver.com (executor driver) (1/4)
[2023-05-28T22:39:10.214+0000] {subprocess.py:93} INFO - 23/05/28 22:39:10 INFO ShuffleBlockFetcherIterator: Getting 2 (181.1 KiB) non-empty blocks including 2 (181.1 KiB) local and 0 (0.0 B) host-local and 0 (0.0 B) push-merged-local and 0 (0.0 B) remote blocks
[2023-05-28T22:39:10.216+0000] {subprocess.py:93} INFO - 23/05/28 22:39:10 INFO ShuffleBlockFetcherIterator: Started 0 remote fetches in 2 ms
[2023-05-28T22:39:11.889+0000] {subprocess.py:93} INFO - 23/05/28 22:39:11 INFO MemoryStore: Block rdd_11_2 stored as values in memory (estimated size 227.6 KiB, free 433.4 MiB)
[2023-05-28T22:39:11.897+0000] {subprocess.py:93} INFO - 23/05/28 22:39:11 INFO BlockManagerInfo: Added rdd_11_2 in memory on 4b5d28de6f1c.mylabserver.com:46589 (size: 227.6 KiB, free: 433.7 MiB)
[2023-05-28T22:39:11.944+0000] {subprocess.py:93} INFO - 23/05/28 22:39:11 INFO Executor: Finished task 2.0 in stage 2.0 (TID 5). 5204 bytes result sent to driver
[2023-05-28T22:39:11.949+0000] {subprocess.py:93} INFO - 23/05/28 22:39:11 INFO TaskSetManager: Starting task 3.0 in stage 2.0 (TID 6) (4b5d28de6f1c.mylabserver.com, executor driver, partition 3, NODE_LOCAL, 7352 bytes)
[2023-05-28T22:39:11.950+0000] {subprocess.py:93} INFO - 23/05/28 22:39:11 INFO TaskSetManager: Finished task 2.0 in stage 2.0 (TID 5) in 1778 ms on 4b5d28de6f1c.mylabserver.com (executor driver) (2/4)
[2023-05-28T22:39:11.953+0000] {subprocess.py:93} INFO - 23/05/28 22:39:11 INFO MemoryStore: Block rdd_11_1 stored as values in memory (estimated size 648.1 KiB, free 432.8 MiB)
[2023-05-28T22:39:11.955+0000] {subprocess.py:93} INFO - 23/05/28 22:39:11 INFO Executor: Running task 3.0 in stage 2.0 (TID 6)
[2023-05-28T22:39:11.962+0000] {subprocess.py:93} INFO - 23/05/28 22:39:11 INFO BlockManagerInfo: Added rdd_11_1 in memory on 4b5d28de6f1c.mylabserver.com:46589 (size: 648.1 KiB, free: 433.0 MiB)
[2023-05-28T22:39:11.996+0000] {subprocess.py:93} INFO - 23/05/28 22:39:11 INFO ShuffleBlockFetcherIterator: Getting 2 (278.4 KiB) non-empty blocks including 2 (278.4 KiB) local and 0 (0.0 B) host-local and 0 (0.0 B) push-merged-local and 0 (0.0 B) remote blocks
[2023-05-28T22:39:11.997+0000] {subprocess.py:93} INFO - 23/05/28 22:39:11 INFO ShuffleBlockFetcherIterator: Started 0 remote fetches in 1 ms
[2023-05-28T22:39:12.128+0000] {subprocess.py:93} INFO - 23/05/28 22:39:12 INFO Executor: Finished task 1.0 in stage 2.0 (TID 4). 5204 bytes result sent to driver
[2023-05-28T22:39:12.133+0000] {subprocess.py:93} INFO - 23/05/28 22:39:12 INFO TaskSetManager: Finished task 1.0 in stage 2.0 (TID 4) in 9842 ms on 4b5d28de6f1c.mylabserver.com (executor driver) (3/4)
[2023-05-28T22:39:13.221+0000] {subprocess.py:93} INFO - 23/05/28 22:39:13 INFO MemoryStore: Block rdd_11_3 stored as values in memory (estimated size 343.1 KiB, free 432.4 MiB)
[2023-05-28T22:39:13.223+0000] {subprocess.py:93} INFO - 23/05/28 22:39:13 INFO BlockManagerInfo: Added rdd_11_3 in memory on 4b5d28de6f1c.mylabserver.com:46589 (size: 343.1 KiB, free: 432.7 MiB)
[2023-05-28T22:39:13.271+0000] {subprocess.py:93} INFO - 23/05/28 22:39:13 INFO Executor: Finished task 3.0 in stage 2.0 (TID 6). 5204 bytes result sent to driver
[2023-05-28T22:39:13.279+0000] {subprocess.py:93} INFO - 23/05/28 22:39:13 INFO TaskSetManager: Finished task 3.0 in stage 2.0 (TID 6) in 1329 ms on 4b5d28de6f1c.mylabserver.com (executor driver) (4/4)
[2023-05-28T22:39:13.279+0000] {subprocess.py:93} INFO - 23/05/28 22:39:13 INFO DAGScheduler: ShuffleMapStage 2 (parquet at NativeMethodAccessorImpl.java:0) finished in 11.031 s
[2023-05-28T22:39:13.280+0000] {subprocess.py:93} INFO - 23/05/28 22:39:13 INFO DAGScheduler: looking for newly runnable stages
[2023-05-28T22:39:13.280+0000] {subprocess.py:93} INFO - 23/05/28 22:39:13 INFO DAGScheduler: running: Set()
[2023-05-28T22:39:13.280+0000] {subprocess.py:93} INFO - 23/05/28 22:39:13 INFO DAGScheduler: waiting: Set()
[2023-05-28T22:39:13.280+0000] {subprocess.py:93} INFO - 23/05/28 22:39:13 INFO DAGScheduler: failed: Set()
[2023-05-28T22:39:13.283+0000] {subprocess.py:93} INFO - 23/05/28 22:39:13 INFO TaskSchedulerImpl: Removed TaskSet 2.0, whose tasks have all completed, from pool
[2023-05-28T22:39:13.689+0000] {subprocess.py:93} INFO - Traceback (most recent call last):
[2023-05-28T22:39:13.689+0000] {subprocess.py:93} INFO -   File "/home/cloud_user/Stock-Market-Nasdaq/scripts/feature_engineering.py", line 71, in <module>
[2023-05-28T22:39:13.689+0000] {subprocess.py:93} INFO -     main()
[2023-05-28T22:39:13.689+0000] {subprocess.py:93} INFO -   File "/home/cloud_user/Stock-Market-Nasdaq/scripts/feature_engineering.py", line 68, in main
[2023-05-28T22:39:13.690+0000] {subprocess.py:93} INFO -     process_data(directory_path, data, directory_output)
[2023-05-28T22:39:13.690+0000] {subprocess.py:93} INFO -   File "/home/cloud_user/Stock-Market-Nasdaq/scripts/feature_engineering.py", line 54, in process_data
[2023-05-28T22:39:13.690+0000] {subprocess.py:93} INFO -     write_parquet_file(df, directory_output, data)
[2023-05-28T22:39:13.690+0000] {subprocess.py:93} INFO -   File "/home/cloud_user/Stock-Market-Nasdaq/scripts/feature_engineering.py", line 34, in write_parquet_file
[2023-05-28T22:39:13.690+0000] {subprocess.py:93} INFO -     df.write.parquet(os.path.join(directory_output, f'{data}.parquet'))
[2023-05-28T22:39:13.690+0000] {subprocess.py:93} INFO -   File "/home/cloud_user/airflow_env/lib/python3.8/site-packages/pyspark/python/lib/pyspark.zip/pyspark/sql/readwriter.py", line 1656, in parquet
[2023-05-28T22:39:13.690+0000] {subprocess.py:93} INFO -   File "/home/cloud_user/airflow_env/lib/python3.8/site-packages/pyspark/python/lib/py4j-0.10.9.7-src.zip/py4j/java_gateway.py", line 1322, in __call__
[2023-05-28T22:39:13.690+0000] {subprocess.py:93} INFO -   File "/home/cloud_user/airflow_env/lib/python3.8/site-packages/pyspark/python/lib/pyspark.zip/pyspark/errors/exceptions/captured.py", line 175, in deco
[2023-05-28T22:39:13.705+0000] {subprocess.py:93} INFO - pyspark.errors.exceptions.captured.AnalysisException: [PATH_ALREADY_EXISTS] Path file:/home/cloud_user/Stock-Market-Nasdaq/data/feacher_ing/etfs.parquet already exists. Set mode as "overwrite" to overwrite the existing path.
[2023-05-28T22:39:13.814+0000] {subprocess.py:93} INFO - 23/05/28 22:39:13 INFO SparkContext: Invoking stop() from shutdown hook
[2023-05-28T22:39:13.815+0000] {subprocess.py:93} INFO - 23/05/28 22:39:13 INFO SparkContext: SparkContext is stopping with exitCode 0.
[2023-05-28T22:39:13.830+0000] {subprocess.py:93} INFO - 23/05/28 22:39:13 INFO SparkUI: Stopped Spark web UI at http://4b5d28de6f1c.mylabserver.com:4040
[2023-05-28T22:39:13.852+0000] {subprocess.py:93} INFO - 23/05/28 22:39:13 INFO MapOutputTrackerMasterEndpoint: MapOutputTrackerMasterEndpoint stopped!
[2023-05-28T22:39:13.884+0000] {subprocess.py:93} INFO - 23/05/28 22:39:13 INFO MemoryStore: MemoryStore cleared
[2023-05-28T22:39:13.884+0000] {subprocess.py:93} INFO - 23/05/28 22:39:13 INFO BlockManager: BlockManager stopped
[2023-05-28T22:39:13.890+0000] {subprocess.py:93} INFO - 23/05/28 22:39:13 INFO BlockManagerMaster: BlockManagerMaster stopped
[2023-05-28T22:39:13.893+0000] {subprocess.py:93} INFO - 23/05/28 22:39:13 INFO OutputCommitCoordinator$OutputCommitCoordinatorEndpoint: OutputCommitCoordinator stopped!
[2023-05-28T22:39:13.903+0000] {subprocess.py:93} INFO - 23/05/28 22:39:13 INFO SparkContext: Successfully stopped SparkContext
[2023-05-28T22:39:13.903+0000] {subprocess.py:93} INFO - 23/05/28 22:39:13 INFO ShutdownHookManager: Shutdown hook called
[2023-05-28T22:39:13.904+0000] {subprocess.py:93} INFO - 23/05/28 22:39:13 INFO ShutdownHookManager: Deleting directory /tmp/spark-28fe3d73-e3dc-40f6-a529-1139eec3470b/pyspark-63af02fb-bbf7-47b3-9806-582381713304
[2023-05-28T22:39:13.914+0000] {subprocess.py:93} INFO - 23/05/28 22:39:13 INFO ShutdownHookManager: Deleting directory /tmp/spark-3f91c75d-7496-4e12-8e51-3559486ebf41
[2023-05-28T22:39:13.918+0000] {subprocess.py:93} INFO - 23/05/28 22:39:13 INFO ShutdownHookManager: Deleting directory /tmp/spark-28fe3d73-e3dc-40f6-a529-1139eec3470b
[2023-05-28T22:39:13.985+0000] {subprocess.py:97} INFO - Command exited with return code 0
[2023-05-28T22:39:14.003+0000] {taskinstance.py:1345} INFO - Marking task as SUCCESS. dag_id=stock_market_dag, task_id=feature_engineering_etfs, execution_date=20230528T223639, start_date=20230528T223845, end_date=20230528T223914
[2023-05-28T22:39:14.027+0000] {local_task_job_runner.py:225} INFO - Task exited with return code 0
[2023-05-28T22:39:14.040+0000] {taskinstance.py:2651} INFO - 1 downstream tasks scheduled from follow-on schedule check
