[2023-05-29T10:08:48.901+0000] {taskinstance.py:1103} INFO - Dependencies all met for dep_context=non-requeueable deps ti=<TaskInstance: stock_market_dag.feature_engineering_etfs scheduled__2023-05-28T00:00:00+00:00 [queued]>
[2023-05-29T10:08:48.909+0000] {taskinstance.py:1103} INFO - Dependencies all met for dep_context=requeueable deps ti=<TaskInstance: stock_market_dag.feature_engineering_etfs scheduled__2023-05-28T00:00:00+00:00 [queued]>
[2023-05-29T10:08:48.909+0000] {taskinstance.py:1308} INFO - Starting attempt 1 of 1
[2023-05-29T10:08:48.925+0000] {taskinstance.py:1327} INFO - Executing <Task(BashOperator): feature_engineering_etfs> on 2023-05-28 00:00:00+00:00
[2023-05-29T10:08:48.928+0000] {standard_task_runner.py:57} INFO - Started process 44425 to run task
[2023-05-29T10:08:48.931+0000] {standard_task_runner.py:84} INFO - Running: ['airflow', 'tasks', 'run', 'stock_market_dag', 'feature_engineering_etfs', 'scheduled__2023-05-28T00:00:00+00:00', '--job-id', '11', '--raw', '--subdir', 'DAGS_FOLDER/dag.py', '--cfg-path', '/tmp/tmp639iq8lz']
[2023-05-29T10:08:48.932+0000] {standard_task_runner.py:85} INFO - Job 11: Subtask feature_engineering_etfs
[2023-05-29T10:08:48.969+0000] {task_command.py:410} INFO - Running <TaskInstance: stock_market_dag.feature_engineering_etfs scheduled__2023-05-28T00:00:00+00:00 [running]> on host 4b5d28de6f1c.mylabserver.com
[2023-05-29T10:08:49.029+0000] {taskinstance.py:1545} INFO - Exporting env vars: AIRFLOW_CTX_DAG_OWNER='airflow' AIRFLOW_CTX_DAG_ID='stock_market_dag' AIRFLOW_CTX_TASK_ID='feature_engineering_etfs' AIRFLOW_CTX_EXECUTION_DATE='2023-05-28T00:00:00+00:00' AIRFLOW_CTX_TRY_NUMBER='1' AIRFLOW_CTX_DAG_RUN_ID='scheduled__2023-05-28T00:00:00+00:00'
[2023-05-29T10:08:49.030+0000] {subprocess.py:63} INFO - Tmp dir root location: 
 /tmp
[2023-05-29T10:08:49.030+0000] {subprocess.py:75} INFO - Running command: ['/usr/bin/bash', '-c', 'spark-submit /home/cloud_user/Stock-Market-Nasdaq/src/feature_engineering.py /home/cloud_user/Stock-Market-Nasdaq/data/processed_data/parquet_format etfs /home/cloud_user/Stock-Market-Nasdaq/data/processed_data/parquet_format_avg_med || true']
[2023-05-29T10:08:49.037+0000] {subprocess.py:86} INFO - Output:
[2023-05-29T10:08:53.187+0000] {subprocess.py:93} INFO - 23/05/29 10:08:53 INFO SparkContext: Running Spark version 3.4.0
[2023-05-29T10:08:53.297+0000] {subprocess.py:93} INFO - 23/05/29 10:08:53 WARN NativeCodeLoader: Unable to load native-hadoop library for your platform... using builtin-java classes where applicable
[2023-05-29T10:08:53.467+0000] {subprocess.py:93} INFO - 23/05/29 10:08:53 INFO ResourceUtils: ==============================================================
[2023-05-29T10:08:53.468+0000] {subprocess.py:93} INFO - 23/05/29 10:08:53 INFO ResourceUtils: No custom resources configured for spark.driver.
[2023-05-29T10:08:53.469+0000] {subprocess.py:93} INFO - 23/05/29 10:08:53 INFO ResourceUtils: ==============================================================
[2023-05-29T10:08:53.470+0000] {subprocess.py:93} INFO - 23/05/29 10:08:53 INFO SparkContext: Submitted application: FeatureEngineering
[2023-05-29T10:08:53.521+0000] {subprocess.py:93} INFO - 23/05/29 10:08:53 INFO ResourceProfile: Default ResourceProfile created, executor resources: Map(cores -> name: cores, amount: 2, script: , vendor: , memory -> name: memory, amount: 8192, script: , vendor: , offHeap -> name: offHeap, amount: 0, script: , vendor: ), task resources: Map(cpus -> name: cpus, amount: 1.0)
[2023-05-29T10:08:53.538+0000] {subprocess.py:93} INFO - 23/05/29 10:08:53 INFO ResourceProfile: Limiting resource is cpus at 2 tasks per executor
[2023-05-29T10:08:53.545+0000] {subprocess.py:93} INFO - 23/05/29 10:08:53 INFO ResourceProfileManager: Added ResourceProfile id: 0
[2023-05-29T10:08:53.640+0000] {subprocess.py:93} INFO - 23/05/29 10:08:53 INFO SecurityManager: Changing view acls to: cloud_user
[2023-05-29T10:08:53.642+0000] {subprocess.py:93} INFO - 23/05/29 10:08:53 INFO SecurityManager: Changing modify acls to: cloud_user
[2023-05-29T10:08:53.644+0000] {subprocess.py:93} INFO - 23/05/29 10:08:53 INFO SecurityManager: Changing view acls groups to:
[2023-05-29T10:08:53.646+0000] {subprocess.py:93} INFO - 23/05/29 10:08:53 INFO SecurityManager: Changing modify acls groups to:
[2023-05-29T10:08:53.648+0000] {subprocess.py:93} INFO - 23/05/29 10:08:53 INFO SecurityManager: SecurityManager: authentication disabled; ui acls disabled; users with view permissions: cloud_user; groups with view permissions: EMPTY; users with modify permissions: cloud_user; groups with modify permissions: EMPTY
[2023-05-29T10:08:54.071+0000] {subprocess.py:93} INFO - 23/05/29 10:08:54 INFO Utils: Successfully started service 'sparkDriver' on port 43939.
[2023-05-29T10:08:54.128+0000] {subprocess.py:93} INFO - 23/05/29 10:08:54 INFO SparkEnv: Registering MapOutputTracker
[2023-05-29T10:08:54.177+0000] {subprocess.py:93} INFO - 23/05/29 10:08:54 INFO SparkEnv: Registering BlockManagerMaster
[2023-05-29T10:08:54.205+0000] {subprocess.py:93} INFO - 23/05/29 10:08:54 INFO BlockManagerMasterEndpoint: Using org.apache.spark.storage.DefaultTopologyMapper for getting topology information
[2023-05-29T10:08:54.206+0000] {subprocess.py:93} INFO - 23/05/29 10:08:54 INFO BlockManagerMasterEndpoint: BlockManagerMasterEndpoint up
[2023-05-29T10:08:54.213+0000] {subprocess.py:93} INFO - 23/05/29 10:08:54 INFO SparkEnv: Registering BlockManagerMasterHeartbeat
[2023-05-29T10:08:54.243+0000] {subprocess.py:93} INFO - 23/05/29 10:08:54 INFO DiskBlockManager: Created local directory at /tmp/blockmgr-11451d47-e457-409e-ab3e-d3f3e107e3a4
[2023-05-29T10:08:54.268+0000] {subprocess.py:93} INFO - 23/05/29 10:08:54 INFO MemoryStore: MemoryStore started with capacity 434.4 MiB
[2023-05-29T10:08:54.291+0000] {subprocess.py:93} INFO - 23/05/29 10:08:54 INFO SparkEnv: Registering OutputCommitCoordinator
[2023-05-29T10:08:54.545+0000] {subprocess.py:93} INFO - 23/05/29 10:08:54 INFO JettyUtils: Start Jetty 0.0.0.0:4040 for SparkUI
[2023-05-29T10:08:54.766+0000] {subprocess.py:93} INFO - 23/05/29 10:08:54 INFO Utils: Successfully started service 'SparkUI' on port 4040.
[2023-05-29T10:08:55.114+0000] {subprocess.py:93} INFO - 23/05/29 10:08:55 INFO Executor: Starting executor ID driver on host 4b5d28de6f1c.mylabserver.com
[2023-05-29T10:08:55.129+0000] {subprocess.py:93} INFO - 23/05/29 10:08:55 INFO Executor: Starting executor with user classpath (userClassPathFirst = false): ''
[2023-05-29T10:08:55.174+0000] {subprocess.py:93} INFO - 23/05/29 10:08:55 INFO Utils: Successfully started service 'org.apache.spark.network.netty.NettyBlockTransferService' on port 45261.
[2023-05-29T10:08:55.175+0000] {subprocess.py:93} INFO - 23/05/29 10:08:55 INFO NettyBlockTransferService: Server created on 4b5d28de6f1c.mylabserver.com:45261
[2023-05-29T10:08:55.178+0000] {subprocess.py:93} INFO - 23/05/29 10:08:55 INFO BlockManager: Using org.apache.spark.storage.RandomBlockReplicationPolicy for block replication policy
[2023-05-29T10:08:55.199+0000] {subprocess.py:93} INFO - 23/05/29 10:08:55 INFO BlockManagerMaster: Registering BlockManager BlockManagerId(driver, 4b5d28de6f1c.mylabserver.com, 45261, None)
[2023-05-29T10:08:55.206+0000] {subprocess.py:93} INFO - 23/05/29 10:08:55 INFO BlockManagerMasterEndpoint: Registering block manager 4b5d28de6f1c.mylabserver.com:45261 with 434.4 MiB RAM, BlockManagerId(driver, 4b5d28de6f1c.mylabserver.com, 45261, None)
[2023-05-29T10:08:55.232+0000] {subprocess.py:93} INFO - 23/05/29 10:08:55 INFO BlockManagerMaster: Registered BlockManager BlockManagerId(driver, 4b5d28de6f1c.mylabserver.com, 45261, None)
[2023-05-29T10:08:55.235+0000] {subprocess.py:93} INFO - 23/05/29 10:08:55 INFO BlockManager: Initialized BlockManager: BlockManagerId(driver, 4b5d28de6f1c.mylabserver.com, 45261, None)
[2023-05-29T10:08:56.228+0000] {subprocess.py:93} INFO - 23/05/29 10:08:56 INFO SharedState: Setting hive.metastore.warehouse.dir ('null') to the value of spark.sql.warehouse.dir.
[2023-05-29T10:08:56.238+0000] {subprocess.py:93} INFO - 23/05/29 10:08:56 INFO SharedState: Warehouse path is 'file:/tmp/airflowtmputk5bdhl/spark-warehouse'.
[2023-05-29T10:08:57.473+0000] {subprocess.py:93} INFO - 23/05/29 10:08:57 INFO InMemoryFileIndex: It took 79 ms to list leaf files for 1 paths.
[2023-05-29T10:08:58.303+0000] {subprocess.py:93} INFO - 23/05/29 10:08:58 INFO SparkContext: Starting job: parquet at NativeMethodAccessorImpl.java:0
[2023-05-29T10:08:58.335+0000] {subprocess.py:93} INFO - 23/05/29 10:08:58 INFO DAGScheduler: Got job 0 (parquet at NativeMethodAccessorImpl.java:0) with 1 output partitions
[2023-05-29T10:08:58.336+0000] {subprocess.py:93} INFO - 23/05/29 10:08:58 INFO DAGScheduler: Final stage: ResultStage 0 (parquet at NativeMethodAccessorImpl.java:0)
[2023-05-29T10:08:58.337+0000] {subprocess.py:93} INFO - 23/05/29 10:08:58 INFO DAGScheduler: Parents of final stage: List()
[2023-05-29T10:08:58.340+0000] {subprocess.py:93} INFO - 23/05/29 10:08:58 INFO DAGScheduler: Missing parents: List()
[2023-05-29T10:08:58.354+0000] {subprocess.py:93} INFO - 23/05/29 10:08:58 INFO DAGScheduler: Submitting ResultStage 0 (MapPartitionsRDD[1] at parquet at NativeMethodAccessorImpl.java:0), which has no missing parents
[2023-05-29T10:08:58.509+0000] {subprocess.py:93} INFO - 23/05/29 10:08:58 INFO MemoryStore: Block broadcast_0 stored as values in memory (estimated size 103.6 KiB, free 434.3 MiB)
[2023-05-29T10:08:58.552+0000] {subprocess.py:93} INFO - 23/05/29 10:08:58 INFO MemoryStore: Block broadcast_0_piece0 stored as bytes in memory (estimated size 37.3 KiB, free 434.3 MiB)
[2023-05-29T10:08:58.557+0000] {subprocess.py:93} INFO - 23/05/29 10:08:58 INFO BlockManagerInfo: Added broadcast_0_piece0 in memory on 4b5d28de6f1c.mylabserver.com:45261 (size: 37.3 KiB, free: 434.4 MiB)
[2023-05-29T10:08:58.565+0000] {subprocess.py:93} INFO - 23/05/29 10:08:58 INFO SparkContext: Created broadcast 0 from broadcast at DAGScheduler.scala:1535
[2023-05-29T10:08:58.590+0000] {subprocess.py:93} INFO - 23/05/29 10:08:58 INFO DAGScheduler: Submitting 1 missing tasks from ResultStage 0 (MapPartitionsRDD[1] at parquet at NativeMethodAccessorImpl.java:0) (first 15 tasks are for partitions Vector(0))
[2023-05-29T10:08:58.592+0000] {subprocess.py:93} INFO - 23/05/29 10:08:58 INFO TaskSchedulerImpl: Adding task set 0.0 with 1 tasks resource profile 0
[2023-05-29T10:08:58.700+0000] {subprocess.py:93} INFO - 23/05/29 10:08:58 INFO TaskSetManager: Starting task 0.0 in stage 0.0 (TID 0) (4b5d28de6f1c.mylabserver.com, executor driver, partition 0, PROCESS_LOCAL, 7615 bytes)
[2023-05-29T10:08:58.733+0000] {subprocess.py:93} INFO - 23/05/29 10:08:58 INFO Executor: Running task 0.0 in stage 0.0 (TID 0)
[2023-05-29T10:08:59.370+0000] {subprocess.py:93} INFO - 23/05/29 10:08:59 INFO Executor: Finished task 0.0 in stage 0.0 (TID 0). 2218 bytes result sent to driver
[2023-05-29T10:08:59.405+0000] {subprocess.py:93} INFO - 23/05/29 10:08:59 INFO TaskSetManager: Finished task 0.0 in stage 0.0 (TID 0) in 750 ms on 4b5d28de6f1c.mylabserver.com (executor driver) (1/1)
[2023-05-29T10:08:59.421+0000] {subprocess.py:93} INFO - 23/05/29 10:08:59 INFO TaskSchedulerImpl: Removed TaskSet 0.0, whose tasks have all completed, from pool
[2023-05-29T10:08:59.446+0000] {subprocess.py:93} INFO - 23/05/29 10:08:59 INFO DAGScheduler: ResultStage 0 (parquet at NativeMethodAccessorImpl.java:0) finished in 1.046 s
[2023-05-29T10:08:59.466+0000] {subprocess.py:93} INFO - 23/05/29 10:08:59 INFO DAGScheduler: Job 0 is finished. Cancelling potential speculative or zombie tasks for this job
[2023-05-29T10:08:59.468+0000] {subprocess.py:93} INFO - 23/05/29 10:08:59 INFO TaskSchedulerImpl: Killing all running tasks in stage 0: Stage finished
[2023-05-29T10:08:59.473+0000] {subprocess.py:93} INFO - 23/05/29 10:08:59 INFO DAGScheduler: Job 0 finished: parquet at NativeMethodAccessorImpl.java:0, took 1.157305 s
[2023-05-29T10:08:59.890+0000] {subprocess.py:93} INFO - 23/05/29 10:08:59 INFO BlockManagerInfo: Removed broadcast_0_piece0 on 4b5d28de6f1c.mylabserver.com:45261 in memory (size: 37.3 KiB, free: 434.4 MiB)
[2023-05-29T10:09:03.437+0000] {subprocess.py:93} INFO - 23/05/29 10:09:03 INFO FileSourceStrategy: Pushed Filters:
[2023-05-29T10:09:03.440+0000] {subprocess.py:93} INFO - 23/05/29 10:09:03 INFO FileSourceStrategy: Post-Scan Filters:
[2023-05-29T10:09:04.504+0000] {subprocess.py:93} INFO - 23/05/29 10:09:04 INFO CodeGenerator: Code generated in 478.621806 ms
[2023-05-29T10:09:04.580+0000] {subprocess.py:93} INFO - 23/05/29 10:09:04 INFO CodeGenerator: Code generated in 53.346539 ms
[2023-05-29T10:09:04.751+0000] {subprocess.py:93} INFO - 23/05/29 10:09:04 INFO CodeGenerator: Code generated in 129.131322 ms
[2023-05-29T10:09:04.794+0000] {subprocess.py:93} INFO - 23/05/29 10:09:04 INFO MemoryStore: Block broadcast_1 stored as values in memory (estimated size 202.8 KiB, free 434.2 MiB)
[2023-05-29T10:09:04.851+0000] {subprocess.py:93} INFO - 23/05/29 10:09:04 INFO MemoryStore: Block broadcast_1_piece0 stored as bytes in memory (estimated size 35.3 KiB, free 434.2 MiB)
[2023-05-29T10:09:04.853+0000] {subprocess.py:93} INFO - 23/05/29 10:09:04 INFO BlockManagerInfo: Added broadcast_1_piece0 in memory on 4b5d28de6f1c.mylabserver.com:45261 (size: 35.3 KiB, free: 434.4 MiB)
[2023-05-29T10:09:04.871+0000] {subprocess.py:93} INFO - 23/05/29 10:09:04 INFO SparkContext: Created broadcast 1 from parquet at NativeMethodAccessorImpl.java:0
[2023-05-29T10:09:04.904+0000] {subprocess.py:93} INFO - 23/05/29 10:09:04 INFO FileSourceScanExec: Planning scan with bin packing, max size: 38508282 bytes, open cost is considered as scanning 4194304 bytes.
[2023-05-29T10:09:05.268+0000] {subprocess.py:93} INFO - 23/05/29 10:09:05 INFO DAGScheduler: Registering RDD 5 (parquet at NativeMethodAccessorImpl.java:0) as input to shuffle 0
[2023-05-29T10:09:05.273+0000] {subprocess.py:93} INFO - 23/05/29 10:09:05 INFO DAGScheduler: Registering RDD 16 (parquet at NativeMethodAccessorImpl.java:0) as input to shuffle 1
[2023-05-29T10:09:05.274+0000] {subprocess.py:93} INFO - 23/05/29 10:09:05 INFO DAGScheduler: Got map stage job 1 (parquet at NativeMethodAccessorImpl.java:0) with 4 output partitions
[2023-05-29T10:09:05.274+0000] {subprocess.py:93} INFO - 23/05/29 10:09:05 INFO DAGScheduler: Final stage: ShuffleMapStage 2 (parquet at NativeMethodAccessorImpl.java:0)
[2023-05-29T10:09:05.275+0000] {subprocess.py:93} INFO - 23/05/29 10:09:05 INFO DAGScheduler: Parents of final stage: List(ShuffleMapStage 1)
[2023-05-29T10:09:05.282+0000] {subprocess.py:93} INFO - 23/05/29 10:09:05 INFO DAGScheduler: Missing parents: List(ShuffleMapStage 1)
[2023-05-29T10:09:05.287+0000] {subprocess.py:93} INFO - 23/05/29 10:09:05 INFO DAGScheduler: Submitting ShuffleMapStage 1 (MapPartitionsRDD[5] at parquet at NativeMethodAccessorImpl.java:0), which has no missing parents
[2023-05-29T10:09:05.306+0000] {subprocess.py:93} INFO - 23/05/29 10:09:05 INFO MemoryStore: Block broadcast_2 stored as values in memory (estimated size 22.4 KiB, free 434.1 MiB)
[2023-05-29T10:09:05.323+0000] {subprocess.py:93} INFO - 23/05/29 10:09:05 INFO MemoryStore: Block broadcast_2_piece0 stored as bytes in memory (estimated size 9.2 KiB, free 434.1 MiB)
[2023-05-29T10:09:05.324+0000] {subprocess.py:93} INFO - 23/05/29 10:09:05 INFO BlockManagerInfo: Added broadcast_2_piece0 in memory on 4b5d28de6f1c.mylabserver.com:45261 (size: 9.2 KiB, free: 434.4 MiB)
[2023-05-29T10:09:05.326+0000] {subprocess.py:93} INFO - 23/05/29 10:09:05 INFO SparkContext: Created broadcast 2 from broadcast at DAGScheduler.scala:1535
[2023-05-29T10:09:05.329+0000] {subprocess.py:93} INFO - 23/05/29 10:09:05 INFO DAGScheduler: Submitting 2 missing tasks from ShuffleMapStage 1 (MapPartitionsRDD[5] at parquet at NativeMethodAccessorImpl.java:0) (first 15 tasks are for partitions Vector(0, 1))
[2023-05-29T10:09:05.332+0000] {subprocess.py:93} INFO - 23/05/29 10:09:05 INFO TaskSchedulerImpl: Adding task set 1.0 with 2 tasks resource profile 0
[2023-05-29T10:09:05.338+0000] {subprocess.py:93} INFO - 23/05/29 10:09:05 INFO TaskSetManager: Starting task 0.0 in stage 1.0 (TID 1) (4b5d28de6f1c.mylabserver.com, executor driver, partition 0, PROCESS_LOCAL, 8872 bytes)
[2023-05-29T10:09:05.340+0000] {subprocess.py:93} INFO - 23/05/29 10:09:05 INFO TaskSetManager: Starting task 1.0 in stage 1.0 (TID 2) (4b5d28de6f1c.mylabserver.com, executor driver, partition 1, PROCESS_LOCAL, 8872 bytes)
[2023-05-29T10:09:05.341+0000] {subprocess.py:93} INFO - 23/05/29 10:09:05 INFO Executor: Running task 0.0 in stage 1.0 (TID 1)
[2023-05-29T10:09:05.350+0000] {subprocess.py:93} INFO - 23/05/29 10:09:05 INFO Executor: Running task 1.0 in stage 1.0 (TID 2)
[2023-05-29T10:09:05.477+0000] {subprocess.py:93} INFO - 23/05/29 10:09:05 INFO CodeGenerator: Code generated in 25.213526 ms
[2023-05-29T10:09:05.493+0000] {subprocess.py:93} INFO - 23/05/29 10:09:05 INFO FileScanRDD: Reading File path: file:///home/cloud_user/Stock-Market-Nasdaq/data/processed_data/parquet_format/etfs.parquet/part-00000-966f79cc-af88-429c-bd07-46a8f3c8f3c3-c000.snappy.parquet, range: 0-3507034, partition values: [empty row]
[2023-05-29T10:09:05.497+0000] {subprocess.py:93} INFO - 23/05/29 10:09:05 INFO FileScanRDD: Reading File path: file:///home/cloud_user/Stock-Market-Nasdaq/data/processed_data/parquet_format/etfs.parquet/part-00006-966f79cc-af88-429c-bd07-46a8f3c8f3c3-c000.snappy.parquet, range: 0-3511021, partition values: [empty row]
[2023-05-29T10:09:05.740+0000] {subprocess.py:93} INFO - 23/05/29 10:09:05 INFO CodecPool: Got brand-new decompressor [.snappy]
[2023-05-29T10:09:05.746+0000] {subprocess.py:93} INFO - 23/05/29 10:09:05 INFO CodecPool: Got brand-new decompressor [.snappy]
[2023-05-29T10:09:08.786+0000] {subprocess.py:93} INFO - 23/05/29 10:09:08 INFO FileScanRDD: Reading File path: file:///home/cloud_user/Stock-Market-Nasdaq/data/processed_data/parquet_format/etfs.parquet/part-00008-966f79cc-af88-429c-bd07-46a8f3c8f3c3-c000.snappy.parquet, range: 0-3510712, partition values: [empty row]
[2023-05-29T10:09:08.964+0000] {subprocess.py:93} INFO - 23/05/29 10:09:08 INFO FileScanRDD: Reading File path: file:///home/cloud_user/Stock-Market-Nasdaq/data/processed_data/parquet_format/etfs.parquet/part-00004-966f79cc-af88-429c-bd07-46a8f3c8f3c3-c000.snappy.parquet, range: 0-3505753, partition values: [empty row]
[2023-05-29T10:09:09.856+0000] {subprocess.py:93} INFO - 23/05/29 10:09:09 INFO FileScanRDD: Reading File path: file:///home/cloud_user/Stock-Market-Nasdaq/data/processed_data/parquet_format/etfs.parquet/part-00002-966f79cc-af88-429c-bd07-46a8f3c8f3c3-c000.snappy.parquet, range: 0-3505519, partition values: [empty row]
[2023-05-29T10:09:10.081+0000] {subprocess.py:93} INFO - 23/05/29 10:09:10 INFO FileScanRDD: Reading File path: file:///home/cloud_user/Stock-Market-Nasdaq/data/processed_data/parquet_format/etfs.parquet/part-00007-966f79cc-af88-429c-bd07-46a8f3c8f3c3-c000.snappy.parquet, range: 0-3508479, partition values: [empty row]
[2023-05-29T10:09:10.533+0000] {subprocess.py:93} INFO - 23/05/29 10:09:10 INFO FileScanRDD: Reading File path: file:///home/cloud_user/Stock-Market-Nasdaq/data/processed_data/parquet_format/etfs.parquet/part-00005-966f79cc-af88-429c-bd07-46a8f3c8f3c3-c000.snappy.parquet, range: 0-3505253, partition values: [empty row]
[2023-05-29T10:09:10.817+0000] {subprocess.py:93} INFO - 23/05/29 10:09:10 INFO FileScanRDD: Reading File path: file:///home/cloud_user/Stock-Market-Nasdaq/data/processed_data/parquet_format/etfs.parquet/part-00009-966f79cc-af88-429c-bd07-46a8f3c8f3c3-c000.snappy.parquet, range: 0-3508106, partition values: [empty row]
[2023-05-29T10:09:11.195+0000] {subprocess.py:93} INFO - 23/05/29 10:09:11 INFO FileScanRDD: Reading File path: file:///home/cloud_user/Stock-Market-Nasdaq/data/processed_data/parquet_format/etfs.parquet/part-00003-966f79cc-af88-429c-bd07-46a8f3c8f3c3-c000.snappy.parquet, range: 0-3503661, partition values: [empty row]
[2023-05-29T10:09:11.413+0000] {subprocess.py:93} INFO - 23/05/29 10:09:11 INFO FileScanRDD: Reading File path: file:///home/cloud_user/Stock-Market-Nasdaq/data/processed_data/parquet_format/etfs.parquet/part-00001-966f79cc-af88-429c-bd07-46a8f3c8f3c3-c000.snappy.parquet, range: 0-3507987, partition values: [empty row]
[2023-05-29T10:09:11.849+0000] {subprocess.py:93} INFO - 23/05/29 10:09:11 INFO Executor: Finished task 1.0 in stage 1.0 (TID 2). 2100 bytes result sent to driver
[2023-05-29T10:09:11.857+0000] {subprocess.py:93} INFO - 23/05/29 10:09:11 INFO TaskSetManager: Finished task 1.0 in stage 1.0 (TID 2) in 6518 ms on 4b5d28de6f1c.mylabserver.com (executor driver) (1/2)
[2023-05-29T10:09:12.071+0000] {subprocess.py:93} INFO - 23/05/29 10:09:12 INFO Executor: Finished task 0.0 in stage 1.0 (TID 1). 2057 bytes result sent to driver
[2023-05-29T10:09:12.075+0000] {subprocess.py:93} INFO - 23/05/29 10:09:12 INFO TaskSetManager: Finished task 0.0 in stage 1.0 (TID 1) in 6741 ms on 4b5d28de6f1c.mylabserver.com (executor driver) (2/2)
[2023-05-29T10:09:12.079+0000] {subprocess.py:93} INFO - 23/05/29 10:09:12 INFO DAGScheduler: ShuffleMapStage 1 (parquet at NativeMethodAccessorImpl.java:0) finished in 6.781 s
[2023-05-29T10:09:12.080+0000] {subprocess.py:93} INFO - 23/05/29 10:09:12 INFO DAGScheduler: looking for newly runnable stages
[2023-05-29T10:09:12.081+0000] {subprocess.py:93} INFO - 23/05/29 10:09:12 INFO DAGScheduler: running: Set()
[2023-05-29T10:09:12.082+0000] {subprocess.py:93} INFO - 23/05/29 10:09:12 INFO DAGScheduler: waiting: Set(ShuffleMapStage 2)
[2023-05-29T10:09:12.082+0000] {subprocess.py:93} INFO - 23/05/29 10:09:12 INFO DAGScheduler: failed: Set()
[2023-05-29T10:09:12.084+0000] {subprocess.py:93} INFO - 23/05/29 10:09:12 INFO TaskSchedulerImpl: Removed TaskSet 1.0, whose tasks have all completed, from pool
[2023-05-29T10:09:12.088+0000] {subprocess.py:93} INFO - 23/05/29 10:09:12 INFO DAGScheduler: Submitting ShuffleMapStage 2 (MapPartitionsRDD[16] at parquet at NativeMethodAccessorImpl.java:0), which has no missing parents
[2023-05-29T10:09:12.115+0000] {subprocess.py:93} INFO - 23/05/29 10:09:12 INFO MemoryStore: Block broadcast_3 stored as values in memory (estimated size 48.2 KiB, free 434.1 MiB)
[2023-05-29T10:09:12.117+0000] {subprocess.py:93} INFO - 23/05/29 10:09:12 INFO MemoryStore: Block broadcast_3_piece0 stored as bytes in memory (estimated size 21.9 KiB, free 434.1 MiB)
[2023-05-29T10:09:12.119+0000] {subprocess.py:93} INFO - 23/05/29 10:09:12 INFO BlockManagerInfo: Added broadcast_3_piece0 in memory on 4b5d28de6f1c.mylabserver.com:45261 (size: 21.9 KiB, free: 434.3 MiB)
[2023-05-29T10:09:12.120+0000] {subprocess.py:93} INFO - 23/05/29 10:09:12 INFO SparkContext: Created broadcast 3 from broadcast at DAGScheduler.scala:1535
[2023-05-29T10:09:12.121+0000] {subprocess.py:93} INFO - 23/05/29 10:09:12 INFO DAGScheduler: Submitting 4 missing tasks from ShuffleMapStage 2 (MapPartitionsRDD[16] at parquet at NativeMethodAccessorImpl.java:0) (first 15 tasks are for partitions Vector(0, 1, 2, 3))
[2023-05-29T10:09:12.121+0000] {subprocess.py:93} INFO - 23/05/29 10:09:12 INFO TaskSchedulerImpl: Adding task set 2.0 with 4 tasks resource profile 0
[2023-05-29T10:09:12.128+0000] {subprocess.py:93} INFO - 23/05/29 10:09:12 INFO TaskSetManager: Starting task 0.0 in stage 2.0 (TID 3) (4b5d28de6f1c.mylabserver.com, executor driver, partition 0, NODE_LOCAL, 7352 bytes)
[2023-05-29T10:09:12.129+0000] {subprocess.py:93} INFO - 23/05/29 10:09:12 INFO TaskSetManager: Starting task 1.0 in stage 2.0 (TID 4) (4b5d28de6f1c.mylabserver.com, executor driver, partition 1, NODE_LOCAL, 7352 bytes)
[2023-05-29T10:09:12.133+0000] {subprocess.py:93} INFO - 23/05/29 10:09:12 INFO Executor: Running task 0.0 in stage 2.0 (TID 3)
[2023-05-29T10:09:12.137+0000] {subprocess.py:93} INFO - 23/05/29 10:09:12 INFO Executor: Running task 1.0 in stage 2.0 (TID 4)
[2023-05-29T10:09:12.257+0000] {subprocess.py:93} INFO - 23/05/29 10:09:12 INFO ShuffleBlockFetcherIterator: Getting 2 (15.6 MiB) non-empty blocks including 2 (15.6 MiB) local and 0 (0.0 B) host-local and 0 (0.0 B) push-merged-local and 0 (0.0 B) remote blocks
[2023-05-29T10:09:12.257+0000] {subprocess.py:93} INFO - 23/05/29 10:09:12 INFO ShuffleBlockFetcherIterator: Getting 2 (14.2 MiB) non-empty blocks including 2 (14.2 MiB) local and 0 (0.0 B) host-local and 0 (0.0 B) push-merged-local and 0 (0.0 B) remote blocks
[2023-05-29T10:09:12.259+0000] {subprocess.py:93} INFO - 23/05/29 10:09:12 INFO ShuffleBlockFetcherIterator: Started 0 remote fetches in 17 ms
[2023-05-29T10:09:12.266+0000] {subprocess.py:93} INFO - 23/05/29 10:09:12 INFO ShuffleBlockFetcherIterator: Started 0 remote fetches in 20 ms
[2023-05-29T10:09:12.303+0000] {subprocess.py:93} INFO - 23/05/29 10:09:12 INFO CodeGenerator: Code generated in 21.548748 ms
[2023-05-29T10:09:12.334+0000] {subprocess.py:93} INFO - 23/05/29 10:09:12 INFO CodeGenerator: Code generated in 18.106172 ms
[2023-05-29T10:09:12.437+0000] {subprocess.py:93} INFO - 23/05/29 10:09:12 INFO CodeGenerator: Code generated in 47.419587 ms
[2023-05-29T10:09:12.452+0000] {subprocess.py:93} INFO - 23/05/29 10:09:12 INFO CodeGenerator: Code generated in 11.475925 ms
[2023-05-29T10:09:12.927+0000] {subprocess.py:93} INFO - 23/05/29 10:09:12 INFO BlockManagerInfo: Removed broadcast_2_piece0 on 4b5d28de6f1c.mylabserver.com:45261 in memory (size: 9.2 KiB, free: 434.3 MiB)
[2023-05-29T10:09:14.220+0000] {subprocess.py:93} INFO - 23/05/29 10:09:14 INFO CodeGenerator: Code generated in 19.460042 ms
[2023-05-29T10:09:14.312+0000] {subprocess.py:93} INFO - 23/05/29 10:09:14 INFO CodeGenerator: Code generated in 38.105432 ms
[2023-05-29T10:09:14.392+0000] {subprocess.py:93} INFO - 23/05/29 10:09:14 INFO CodeGenerator: Code generated in 56.487249 ms
[2023-05-29T10:09:23.598+0000] {subprocess.py:93} INFO - 23/05/29 10:09:23 INFO ExternalAppendOnlyUnsafeRowArray: Reached spill threshold of 4096 rows, switching to org.apache.spark.util.collection.unsafe.sort.UnsafeExternalSorter
[2023-05-29T10:09:28.873+0000] {subprocess.py:93} INFO - 23/05/29 10:09:28 INFO ExternalAppendOnlyUnsafeRowArray: Reached spill threshold of 4096 rows, switching to org.apache.spark.util.collection.unsafe.sort.UnsafeExternalSorter
[2023-05-29T10:09:32.472+0000] {subprocess.py:93} INFO - 23/05/29 10:09:32 INFO ExternalAppendOnlyUnsafeRowArray: Reached spill threshold of 4096 rows, switching to org.apache.spark.util.collection.unsafe.sort.UnsafeExternalSorter
[2023-05-29T10:09:33.820+0000] {subprocess.py:93} INFO - 23/05/29 10:09:33 INFO ExternalAppendOnlyUnsafeRowArray: Reached spill threshold of 4096 rows, switching to org.apache.spark.util.collection.unsafe.sort.UnsafeExternalSorter
[2023-05-29T10:09:35.566+0000] {subprocess.py:93} INFO - 23/05/29 10:09:35 INFO ExternalAppendOnlyUnsafeRowArray: Reached spill threshold of 4096 rows, switching to org.apache.spark.util.collection.unsafe.sort.UnsafeExternalSorter
[2023-05-29T10:09:37.084+0000] {subprocess.py:93} INFO - 23/05/29 10:09:37 INFO ExternalAppendOnlyUnsafeRowArray: Reached spill threshold of 4096 rows, switching to org.apache.spark.util.collection.unsafe.sort.UnsafeExternalSorter
[2023-05-29T10:09:47.096+0000] {subprocess.py:93} INFO - 23/05/29 10:09:47 INFO ExternalAppendOnlyUnsafeRowArray: Reached spill threshold of 4096 rows, switching to org.apache.spark.util.collection.unsafe.sort.UnsafeExternalSorter
[2023-05-29T10:09:50.089+0000] {subprocess.py:93} INFO - 23/05/29 10:09:50 INFO ExternalAppendOnlyUnsafeRowArray: Reached spill threshold of 4096 rows, switching to org.apache.spark.util.collection.unsafe.sort.UnsafeExternalSorter
[2023-05-29T10:09:56.475+0000] {subprocess.py:93} INFO - 23/05/29 10:09:56 INFO ExternalAppendOnlyUnsafeRowArray: Reached spill threshold of 4096 rows, switching to org.apache.spark.util.collection.unsafe.sort.UnsafeExternalSorter
[2023-05-29T10:09:56.786+0000] {subprocess.py:93} INFO - 23/05/29 10:09:56 INFO ExternalAppendOnlyUnsafeRowArray: Reached spill threshold of 4096 rows, switching to org.apache.spark.util.collection.unsafe.sort.UnsafeExternalSorter
[2023-05-29T10:10:00.797+0000] {subprocess.py:93} INFO - 23/05/29 10:10:00 INFO ExternalAppendOnlyUnsafeRowArray: Reached spill threshold of 4096 rows, switching to org.apache.spark.util.collection.unsafe.sort.UnsafeExternalSorter
[2023-05-29T10:10:02.562+0000] {subprocess.py:93} INFO - 23/05/29 10:10:02 INFO ExternalAppendOnlyUnsafeRowArray: Reached spill threshold of 4096 rows, switching to org.apache.spark.util.collection.unsafe.sort.UnsafeExternalSorter
[2023-05-29T10:10:04.704+0000] {subprocess.py:93} INFO - 23/05/29 10:10:04 INFO ExternalAppendOnlyUnsafeRowArray: Reached spill threshold of 4096 rows, switching to org.apache.spark.util.collection.unsafe.sort.UnsafeExternalSorter
[2023-05-29T10:10:10.030+0000] {subprocess.py:93} INFO - 23/05/29 10:10:10 INFO ExternalAppendOnlyUnsafeRowArray: Reached spill threshold of 4096 rows, switching to org.apache.spark.util.collection.unsafe.sort.UnsafeExternalSorter
[2023-05-29T10:10:10.309+0000] {subprocess.py:93} INFO - 23/05/29 10:10:10 INFO ExternalAppendOnlyUnsafeRowArray: Reached spill threshold of 4096 rows, switching to org.apache.spark.util.collection.unsafe.sort.UnsafeExternalSorter
[2023-05-29T10:10:15.262+0000] {subprocess.py:93} INFO - 23/05/29 10:10:15 INFO ExternalAppendOnlyUnsafeRowArray: Reached spill threshold of 4096 rows, switching to org.apache.spark.util.collection.unsafe.sort.UnsafeExternalSorter
[2023-05-29T10:10:16.717+0000] {subprocess.py:93} INFO - 23/05/29 10:10:16 INFO ExternalAppendOnlyUnsafeRowArray: Reached spill threshold of 4096 rows, switching to org.apache.spark.util.collection.unsafe.sort.UnsafeExternalSorter
[2023-05-29T10:10:18.758+0000] {subprocess.py:93} INFO - 23/05/29 10:10:18 INFO ExternalAppendOnlyUnsafeRowArray: Reached spill threshold of 4096 rows, switching to org.apache.spark.util.collection.unsafe.sort.UnsafeExternalSorter
[2023-05-29T10:10:20.526+0000] {subprocess.py:93} INFO - 23/05/29 10:10:20 INFO ExternalAppendOnlyUnsafeRowArray: Reached spill threshold of 4096 rows, switching to org.apache.spark.util.collection.unsafe.sort.UnsafeExternalSorter
[2023-05-29T10:10:21.634+0000] {subprocess.py:93} INFO - 23/05/29 10:10:21 INFO ExternalAppendOnlyUnsafeRowArray: Reached spill threshold of 4096 rows, switching to org.apache.spark.util.collection.unsafe.sort.UnsafeExternalSorter
[2023-05-29T10:10:24.649+0000] {subprocess.py:93} INFO - 23/05/29 10:10:24 INFO ExternalAppendOnlyUnsafeRowArray: Reached spill threshold of 4096 rows, switching to org.apache.spark.util.collection.unsafe.sort.UnsafeExternalSorter
[2023-05-29T10:10:27.817+0000] {subprocess.py:93} INFO - 23/05/29 10:10:27 INFO ExternalAppendOnlyUnsafeRowArray: Reached spill threshold of 4096 rows, switching to org.apache.spark.util.collection.unsafe.sort.UnsafeExternalSorter
[2023-05-29T10:10:32.919+0000] {subprocess.py:93} INFO - 23/05/29 10:10:32 INFO ExternalAppendOnlyUnsafeRowArray: Reached spill threshold of 4096 rows, switching to org.apache.spark.util.collection.unsafe.sort.UnsafeExternalSorter
[2023-05-29T10:10:40.280+0000] {subprocess.py:93} INFO - 23/05/29 10:10:40 INFO ExternalAppendOnlyUnsafeRowArray: Reached spill threshold of 4096 rows, switching to org.apache.spark.util.collection.unsafe.sort.UnsafeExternalSorter
[2023-05-29T10:11:38.131+0000] {subprocess.py:93} INFO - 23/05/29 10:11:38 INFO ExternalAppendOnlyUnsafeRowArray: Reached spill threshold of 4096 rows, switching to org.apache.spark.util.collection.unsafe.sort.UnsafeExternalSorter
[2023-05-29T10:11:56.613+0000] {subprocess.py:93} INFO - 23/05/29 10:11:56 INFO ExternalAppendOnlyUnsafeRowArray: Reached spill threshold of 4096 rows, switching to org.apache.spark.util.collection.unsafe.sort.UnsafeExternalSorter
[2023-05-29T10:12:05.411+0000] {subprocess.py:93} INFO - 23/05/29 10:12:05 INFO ExternalAppendOnlyUnsafeRowArray: Reached spill threshold of 4096 rows, switching to org.apache.spark.util.collection.unsafe.sort.UnsafeExternalSorter
[2023-05-29T10:12:10.293+0000] {subprocess.py:93} INFO - 23/05/29 10:12:10 INFO ExternalAppendOnlyUnsafeRowArray: Reached spill threshold of 4096 rows, switching to org.apache.spark.util.collection.unsafe.sort.UnsafeExternalSorter
[2023-05-29T10:12:26.055+0000] {subprocess.py:93} INFO - 23/05/29 10:12:26 INFO MemoryStore: Block rdd_11_0 stored as values in memory (estimated size 17.6 MiB, free 336.5 MiB)
[2023-05-29T10:12:26.065+0000] {subprocess.py:93} INFO - 23/05/29 10:12:26 INFO BlockManagerInfo: Added rdd_11_0 in memory on 4b5d28de6f1c.mylabserver.com:45261 (size: 17.6 MiB, free: 416.7 MiB)
[2023-05-29T10:12:26.138+0000] {subprocess.py:93} INFO - 23/05/29 10:12:26 INFO CodeGenerator: Code generated in 6.904832 ms
[2023-05-29T10:12:26.449+0000] {subprocess.py:93} INFO - 23/05/29 10:12:26 INFO CodeGenerator: Code generated in 183.195707 ms
[2023-05-29T10:12:37.810+0000] {subprocess.py:93} INFO - 23/05/29 10:12:37 INFO Executor: Finished task 0.0 in stage 2.0 (TID 3). 5204 bytes result sent to driver
[2023-05-29T10:12:37.813+0000] {subprocess.py:93} INFO - 23/05/29 10:12:37 INFO TaskSetManager: Starting task 2.0 in stage 2.0 (TID 5) (4b5d28de6f1c.mylabserver.com, executor driver, partition 2, NODE_LOCAL, 7352 bytes)
[2023-05-29T10:12:37.819+0000] {subprocess.py:93} INFO - 23/05/29 10:12:37 INFO Executor: Running task 2.0 in stage 2.0 (TID 5)
[2023-05-29T10:12:37.885+0000] {subprocess.py:93} INFO - 23/05/29 10:12:37 INFO TaskSetManager: Finished task 0.0 in stage 2.0 (TID 3) in 205760 ms on 4b5d28de6f1c.mylabserver.com (executor driver) (1/4)
[2023-05-29T10:12:37.901+0000] {subprocess.py:93} INFO - 23/05/29 10:12:37 INFO ShuffleBlockFetcherIterator: Getting 2 (15.6 MiB) non-empty blocks including 2 (15.6 MiB) local and 0 (0.0 B) host-local and 0 (0.0 B) push-merged-local and 0 (0.0 B) remote blocks
[2023-05-29T10:12:37.902+0000] {subprocess.py:93} INFO - 23/05/29 10:12:37 INFO ShuffleBlockFetcherIterator: Started 0 remote fetches in 1 ms
[2023-05-29T10:12:50.213+0000] {process_utils.py:131} INFO - Sending Signals.SIGTERM to group 44425. PIDs of all processes in the group: [44426, 44427, 44479, 44425]
[2023-05-29T10:12:50.221+0000] {process_utils.py:86} INFO - Sending the signal Signals.SIGTERM to group 44425
[2023-05-29T10:12:50.221+0000] {taskinstance.py:1517} ERROR - Received SIGTERM. Terminating subprocesses.
[2023-05-29T10:12:50.222+0000] {subprocess.py:104} INFO - Sending SIGTERM signal to process group
[2023-05-29T10:12:50.300+0000] {taskinstance.py:1824} ERROR - Task failed with exception
Traceback (most recent call last):
  File "/home/cloud_user/airflow_env/lib/python3.8/site-packages/airflow/operators/bash.py", line 201, in execute
    result = self.subprocess_hook.run_command(
  File "/home/cloud_user/airflow_env/lib/python3.8/site-packages/airflow/hooks/subprocess.py", line 91, in run_command
    for raw_line in iter(self.sub_process.stdout.readline, b""):
  File "/home/cloud_user/airflow_env/lib/python3.8/site-packages/airflow/models/taskinstance.py", line 1519, in signal_handler
    raise AirflowException("Task received SIGTERM signal")
airflow.exceptions.AirflowException: Task received SIGTERM signal
[2023-05-29T10:12:50.374+0000] {taskinstance.py:1345} INFO - Marking task as FAILED. dag_id=stock_market_dag, task_id=feature_engineering_etfs, execution_date=20230528T000000, start_date=20230529T100848, end_date=20230529T101250
[2023-05-29T10:12:50.456+0000] {standard_task_runner.py:104} ERROR - Failed to execute job 11 for task feature_engineering_etfs (Task received SIGTERM signal; 44425)
[2023-05-29T10:12:50.603+0000] {process_utils.py:79} INFO - Process psutil.Process(pid=44425, status='terminated', exitcode=1, started='10:08:47') (44425) terminated with exit code 1
[2023-05-29T10:12:50.604+0000] {process_utils.py:79} INFO - Process psutil.Process(pid=44426, status='terminated', started='10:08:48') (44426) terminated with exit code None
[2023-05-29T10:12:50.604+0000] {process_utils.py:79} INFO - Process psutil.Process(pid=44479, status='terminated', started='10:08:51') (44479) terminated with exit code None
[2023-05-29T10:12:52.123+0000] {process_utils.py:79} INFO - Process psutil.Process(pid=44427, status='terminated', started='10:08:48') (44427) terminated with exit code None
