[2023-05-29T09:34:52.543+0000] {taskinstance.py:1103} INFO - Dependencies all met for dep_context=non-requeueable deps ti=<TaskInstance: stock_market_dag.process_raw_data_stocks scheduled__2023-05-28T00:00:00+00:00 [queued]>
[2023-05-29T09:34:52.550+0000] {taskinstance.py:1103} INFO - Dependencies all met for dep_context=requeueable deps ti=<TaskInstance: stock_market_dag.process_raw_data_stocks scheduled__2023-05-28T00:00:00+00:00 [queued]>
[2023-05-29T09:34:52.550+0000] {taskinstance.py:1308} INFO - Starting attempt 1 of 1
[2023-05-29T09:34:52.567+0000] {taskinstance.py:1327} INFO - Executing <Task(BashOperator): process_raw_data_stocks> on 2023-05-28 00:00:00+00:00
[2023-05-29T09:34:52.570+0000] {standard_task_runner.py:57} INFO - Started process 38390 to run task
[2023-05-29T09:34:52.573+0000] {standard_task_runner.py:84} INFO - Running: ['airflow', 'tasks', 'run', 'stock_market_dag', 'process_raw_data_stocks', 'scheduled__2023-05-28T00:00:00+00:00', '--job-id', '5', '--raw', '--subdir', 'DAGS_FOLDER/dag.py', '--cfg-path', '/tmp/tmpy_egtr61']
[2023-05-29T09:34:52.574+0000] {standard_task_runner.py:85} INFO - Job 5: Subtask process_raw_data_stocks
[2023-05-29T09:34:52.609+0000] {task_command.py:410} INFO - Running <TaskInstance: stock_market_dag.process_raw_data_stocks scheduled__2023-05-28T00:00:00+00:00 [running]> on host 4b5d28de6f1c.mylabserver.com
[2023-05-29T09:34:52.669+0000] {taskinstance.py:1545} INFO - Exporting env vars: AIRFLOW_CTX_DAG_OWNER='airflow' AIRFLOW_CTX_DAG_ID='stock_market_dag' AIRFLOW_CTX_TASK_ID='process_raw_data_stocks' AIRFLOW_CTX_EXECUTION_DATE='2023-05-28T00:00:00+00:00' AIRFLOW_CTX_TRY_NUMBER='1' AIRFLOW_CTX_DAG_RUN_ID='scheduled__2023-05-28T00:00:00+00:00'
[2023-05-29T09:34:52.670+0000] {subprocess.py:63} INFO - Tmp dir root location: 
 /tmp
[2023-05-29T09:34:52.670+0000] {subprocess.py:75} INFO - Running command: ['/usr/bin/bash', '-c', 'spark-submit /home/cloud_user/Stock-Market-Nasdaq/src/process_raw_data.py /home/cloud_user/Stock-Market-Nasdaq/data/raw_data 1000 stocks || true']
[2023-05-29T09:34:52.678+0000] {subprocess.py:86} INFO - Output:
[2023-05-29T09:35:00.237+0000] {subprocess.py:93} INFO - 23/05/29 09:35:00 INFO SparkContext: Running Spark version 3.4.0
[2023-05-29T09:35:00.448+0000] {subprocess.py:93} INFO - 23/05/29 09:35:00 WARN NativeCodeLoader: Unable to load native-hadoop library for your platform... using builtin-java classes where applicable
[2023-05-29T09:35:00.712+0000] {subprocess.py:93} INFO - 23/05/29 09:35:00 INFO ResourceUtils: ==============================================================
[2023-05-29T09:35:00.713+0000] {subprocess.py:93} INFO - 23/05/29 09:35:00 INFO ResourceUtils: No custom resources configured for spark.driver.
[2023-05-29T09:35:00.713+0000] {subprocess.py:93} INFO - 23/05/29 09:35:00 INFO ResourceUtils: ==============================================================
[2023-05-29T09:35:00.714+0000] {subprocess.py:93} INFO - 23/05/29 09:35:00 INFO SparkContext: Submitted application: DataProcessing
[2023-05-29T09:35:00.858+0000] {subprocess.py:93} INFO - 23/05/29 09:35:00 INFO ResourceProfile: Default ResourceProfile created, executor resources: Map(cores -> name: cores, amount: 2, script: , vendor: , memory -> name: memory, amount: 8192, script: , vendor: , offHeap -> name: offHeap, amount: 0, script: , vendor: ), task resources: Map(cpus -> name: cpus, amount: 1.0)
[2023-05-29T09:35:00.873+0000] {subprocess.py:93} INFO - 23/05/29 09:35:00 INFO ResourceProfile: Limiting resource is cpus at 2 tasks per executor
[2023-05-29T09:35:00.877+0000] {subprocess.py:93} INFO - 23/05/29 09:35:00 INFO ResourceProfileManager: Added ResourceProfile id: 0
[2023-05-29T09:35:01.261+0000] {subprocess.py:93} INFO - 23/05/29 09:35:01 INFO SecurityManager: Changing view acls to: cloud_user
[2023-05-29T09:35:01.263+0000] {subprocess.py:93} INFO - 23/05/29 09:35:01 INFO SecurityManager: Changing modify acls to: cloud_user
[2023-05-29T09:35:01.264+0000] {subprocess.py:93} INFO - 23/05/29 09:35:01 INFO SecurityManager: Changing view acls groups to:
[2023-05-29T09:35:01.266+0000] {subprocess.py:93} INFO - 23/05/29 09:35:01 INFO SecurityManager: Changing modify acls groups to:
[2023-05-29T09:35:01.267+0000] {subprocess.py:93} INFO - 23/05/29 09:35:01 INFO SecurityManager: SecurityManager: authentication disabled; ui acls disabled; users with view permissions: cloud_user; groups with view permissions: EMPTY; users with modify permissions: cloud_user; groups with modify permissions: EMPTY
[2023-05-29T09:35:02.182+0000] {subprocess.py:93} INFO - 23/05/29 09:35:02 INFO Utils: Successfully started service 'sparkDriver' on port 45299.
[2023-05-29T09:35:02.438+0000] {subprocess.py:93} INFO - 23/05/29 09:35:02 INFO SparkEnv: Registering MapOutputTracker
[2023-05-29T09:35:02.548+0000] {subprocess.py:93} INFO - 23/05/29 09:35:02 INFO SparkEnv: Registering BlockManagerMaster
[2023-05-29T09:35:02.684+0000] {subprocess.py:93} INFO - 23/05/29 09:35:02 INFO BlockManagerMasterEndpoint: Using org.apache.spark.storage.DefaultTopologyMapper for getting topology information
[2023-05-29T09:35:02.685+0000] {subprocess.py:93} INFO - 23/05/29 09:35:02 INFO BlockManagerMasterEndpoint: BlockManagerMasterEndpoint up
[2023-05-29T09:35:02.693+0000] {subprocess.py:93} INFO - 23/05/29 09:35:02 INFO SparkEnv: Registering BlockManagerMasterHeartbeat
[2023-05-29T09:35:02.747+0000] {subprocess.py:93} INFO - 23/05/29 09:35:02 INFO DiskBlockManager: Created local directory at /tmp/blockmgr-df642c2c-76b9-4951-b31d-effdeb046b5f
[2023-05-29T09:35:02.846+0000] {subprocess.py:93} INFO - 23/05/29 09:35:02 INFO MemoryStore: MemoryStore started with capacity 434.4 MiB
[2023-05-29T09:35:02.885+0000] {subprocess.py:93} INFO - 23/05/29 09:35:02 INFO SparkEnv: Registering OutputCommitCoordinator
[2023-05-29T09:35:03.483+0000] {subprocess.py:93} INFO - 23/05/29 09:35:03 INFO JettyUtils: Start Jetty 0.0.0.0:4040 for SparkUI
[2023-05-29T09:35:03.589+0000] {subprocess.py:93} INFO - 23/05/29 09:35:03 INFO Utils: Successfully started service 'SparkUI' on port 4040.
[2023-05-29T09:35:03.870+0000] {subprocess.py:93} INFO - 23/05/29 09:35:03 INFO Executor: Starting executor ID driver on host 4b5d28de6f1c.mylabserver.com
[2023-05-29T09:35:03.880+0000] {subprocess.py:93} INFO - 23/05/29 09:35:03 INFO Executor: Starting executor with user classpath (userClassPathFirst = false): ''
[2023-05-29T09:35:03.911+0000] {subprocess.py:93} INFO - 23/05/29 09:35:03 INFO Utils: Successfully started service 'org.apache.spark.network.netty.NettyBlockTransferService' on port 41679.
[2023-05-29T09:35:03.911+0000] {subprocess.py:93} INFO - 23/05/29 09:35:03 INFO NettyBlockTransferService: Server created on 4b5d28de6f1c.mylabserver.com:41679
[2023-05-29T09:35:03.915+0000] {subprocess.py:93} INFO - 23/05/29 09:35:03 INFO BlockManager: Using org.apache.spark.storage.RandomBlockReplicationPolicy for block replication policy
[2023-05-29T09:35:03.942+0000] {subprocess.py:93} INFO - 23/05/29 09:35:03 INFO BlockManagerMaster: Registering BlockManager BlockManagerId(driver, 4b5d28de6f1c.mylabserver.com, 41679, None)
[2023-05-29T09:35:03.947+0000] {subprocess.py:93} INFO - 23/05/29 09:35:03 INFO BlockManagerMasterEndpoint: Registering block manager 4b5d28de6f1c.mylabserver.com:41679 with 434.4 MiB RAM, BlockManagerId(driver, 4b5d28de6f1c.mylabserver.com, 41679, None)
[2023-05-29T09:35:03.957+0000] {subprocess.py:93} INFO - 23/05/29 09:35:03 INFO BlockManagerMaster: Registered BlockManager BlockManagerId(driver, 4b5d28de6f1c.mylabserver.com, 41679, None)
[2023-05-29T09:35:03.958+0000] {subprocess.py:93} INFO - 23/05/29 09:35:03 INFO BlockManager: Initialized BlockManager: BlockManagerId(driver, 4b5d28de6f1c.mylabserver.com, 41679, None)
[2023-05-29T09:35:05.582+0000] {subprocess.py:93} INFO - 23/05/29 09:35:05 INFO SharedState: Setting hive.metastore.warehouse.dir ('null') to the value of spark.sql.warehouse.dir.
[2023-05-29T09:35:05.595+0000] {subprocess.py:93} INFO - 23/05/29 09:35:05 INFO SharedState: Warehouse path is 'file:/tmp/airflowtmp4rbqg9cn/spark-warehouse'.
[2023-05-29T09:35:08.926+0000] {subprocess.py:93} INFO - 23/05/29 09:35:08 INFO InMemoryFileIndex: It took 79 ms to list leaf files for 1 paths.
[2023-05-29T09:35:09.279+0000] {subprocess.py:93} INFO - 23/05/29 09:35:09 INFO InMemoryFileIndex: It took 4 ms to list leaf files for 1 paths.
[2023-05-29T09:35:13.949+0000] {subprocess.py:93} INFO - 23/05/29 09:35:13 INFO FileSourceStrategy: Pushed Filters:
[2023-05-29T09:35:13.952+0000] {subprocess.py:93} INFO - 23/05/29 09:35:13 INFO FileSourceStrategy: Post-Scan Filters: (length(trim(value#0, None)) > 0)
[2023-05-29T09:35:14.879+0000] {subprocess.py:93} INFO - 23/05/29 09:35:14 INFO CodeGenerator: Code generated in 408.794977 ms
[2023-05-29T09:35:14.988+0000] {subprocess.py:93} INFO - 23/05/29 09:35:14 INFO MemoryStore: Block broadcast_0 stored as values in memory (estimated size 200.2 KiB, free 434.2 MiB)
[2023-05-29T09:35:15.185+0000] {subprocess.py:93} INFO - 23/05/29 09:35:15 INFO MemoryStore: Block broadcast_0_piece0 stored as bytes in memory (estimated size 34.5 KiB, free 434.2 MiB)
[2023-05-29T09:35:15.190+0000] {subprocess.py:93} INFO - 23/05/29 09:35:15 INFO BlockManagerInfo: Added broadcast_0_piece0 in memory on 4b5d28de6f1c.mylabserver.com:41679 (size: 34.5 KiB, free: 434.4 MiB)
[2023-05-29T09:35:15.213+0000] {subprocess.py:93} INFO - 23/05/29 09:35:15 INFO SparkContext: Created broadcast 0 from csv at NativeMethodAccessorImpl.java:0
[2023-05-29T09:35:15.242+0000] {subprocess.py:93} INFO - 23/05/29 09:35:15 INFO FileSourceScanExec: Planning scan with bin packing, max size: 4194304 bytes, open cost is considered as scanning 4194304 bytes.
[2023-05-29T09:35:15.497+0000] {subprocess.py:93} INFO - 23/05/29 09:35:15 INFO SparkContext: Starting job: csv at NativeMethodAccessorImpl.java:0
[2023-05-29T09:35:15.517+0000] {subprocess.py:93} INFO - 23/05/29 09:35:15 INFO DAGScheduler: Got job 0 (csv at NativeMethodAccessorImpl.java:0) with 1 output partitions
[2023-05-29T09:35:15.518+0000] {subprocess.py:93} INFO - 23/05/29 09:35:15 INFO DAGScheduler: Final stage: ResultStage 0 (csv at NativeMethodAccessorImpl.java:0)
[2023-05-29T09:35:15.518+0000] {subprocess.py:93} INFO - 23/05/29 09:35:15 INFO DAGScheduler: Parents of final stage: List()
[2023-05-29T09:35:15.523+0000] {subprocess.py:93} INFO - 23/05/29 09:35:15 INFO DAGScheduler: Missing parents: List()
[2023-05-29T09:35:15.537+0000] {subprocess.py:93} INFO - 23/05/29 09:35:15 INFO DAGScheduler: Submitting ResultStage 0 (MapPartitionsRDD[3] at csv at NativeMethodAccessorImpl.java:0), which has no missing parents
[2023-05-29T09:35:15.758+0000] {subprocess.py:93} INFO - 23/05/29 09:35:15 INFO MemoryStore: Block broadcast_1 stored as values in memory (estimated size 12.1 KiB, free 434.2 MiB)
[2023-05-29T09:35:15.774+0000] {subprocess.py:93} INFO - 23/05/29 09:35:15 INFO MemoryStore: Block broadcast_1_piece0 stored as bytes in memory (estimated size 6.0 KiB, free 434.2 MiB)
[2023-05-29T09:35:15.776+0000] {subprocess.py:93} INFO - 23/05/29 09:35:15 INFO BlockManagerInfo: Added broadcast_1_piece0 in memory on 4b5d28de6f1c.mylabserver.com:41679 (size: 6.0 KiB, free: 434.4 MiB)
[2023-05-29T09:35:15.783+0000] {subprocess.py:93} INFO - 23/05/29 09:35:15 INFO SparkContext: Created broadcast 1 from broadcast at DAGScheduler.scala:1535
[2023-05-29T09:35:15.850+0000] {subprocess.py:93} INFO - 23/05/29 09:35:15 INFO DAGScheduler: Submitting 1 missing tasks from ResultStage 0 (MapPartitionsRDD[3] at csv at NativeMethodAccessorImpl.java:0) (first 15 tasks are for partitions Vector(0))
[2023-05-29T09:35:15.851+0000] {subprocess.py:93} INFO - 23/05/29 09:35:15 INFO TaskSchedulerImpl: Adding task set 0.0 with 1 tasks resource profile 0
[2023-05-29T09:35:15.959+0000] {subprocess.py:93} INFO - 23/05/29 09:35:15 INFO TaskSetManager: Starting task 0.0 in stage 0.0 (TID 0) (4b5d28de6f1c.mylabserver.com, executor driver, partition 0, PROCESS_LOCAL, 7960 bytes)
[2023-05-29T09:35:15.996+0000] {subprocess.py:93} INFO - 23/05/29 09:35:15 INFO Executor: Running task 0.0 in stage 0.0 (TID 0)
[2023-05-29T09:35:16.163+0000] {subprocess.py:93} INFO - 23/05/29 09:35:16 INFO FileScanRDD: Reading File path: file:///home/cloud_user/Stock-Market-Nasdaq/data/raw_data/symbols_valid_meta.csv, range: 0-611626, partition values: [empty row]
[2023-05-29T09:35:16.216+0000] {subprocess.py:93} INFO - 23/05/29 09:35:16 INFO CodeGenerator: Code generated in 39.805429 ms
[2023-05-29T09:35:16.385+0000] {subprocess.py:93} INFO - 23/05/29 09:35:16 INFO Executor: Finished task 0.0 in stage 0.0 (TID 0). 1798 bytes result sent to driver
[2023-05-29T09:35:16.410+0000] {subprocess.py:93} INFO - 23/05/29 09:35:16 INFO TaskSetManager: Finished task 0.0 in stage 0.0 (TID 0) in 467 ms on 4b5d28de6f1c.mylabserver.com (executor driver) (1/1)
[2023-05-29T09:35:16.413+0000] {subprocess.py:93} INFO - 23/05/29 09:35:16 INFO TaskSchedulerImpl: Removed TaskSet 0.0, whose tasks have all completed, from pool
[2023-05-29T09:35:16.429+0000] {subprocess.py:93} INFO - 23/05/29 09:35:16 INFO DAGScheduler: ResultStage 0 (csv at NativeMethodAccessorImpl.java:0) finished in 0.792 s
[2023-05-29T09:35:16.434+0000] {subprocess.py:93} INFO - 23/05/29 09:35:16 INFO DAGScheduler: Job 0 is finished. Cancelling potential speculative or zombie tasks for this job
[2023-05-29T09:35:16.435+0000] {subprocess.py:93} INFO - 23/05/29 09:35:16 INFO TaskSchedulerImpl: Killing all running tasks in stage 0: Stage finished
[2023-05-29T09:35:16.449+0000] {subprocess.py:93} INFO - 23/05/29 09:35:16 INFO DAGScheduler: Job 0 finished: csv at NativeMethodAccessorImpl.java:0, took 0.948620 s
[2023-05-29T09:35:16.498+0000] {subprocess.py:93} INFO - 23/05/29 09:35:16 INFO CodeGenerator: Code generated in 26.48237 ms
[2023-05-29T09:35:16.677+0000] {subprocess.py:93} INFO - 23/05/29 09:35:16 INFO BlockManagerInfo: Removed broadcast_1_piece0 on 4b5d28de6f1c.mylabserver.com:41679 in memory (size: 6.0 KiB, free: 434.4 MiB)
[2023-05-29T09:35:16.706+0000] {subprocess.py:93} INFO - 23/05/29 09:35:16 INFO FileSourceStrategy: Pushed Filters:
[2023-05-29T09:35:16.706+0000] {subprocess.py:93} INFO - 23/05/29 09:35:16 INFO FileSourceStrategy: Post-Scan Filters:
[2023-05-29T09:35:16.739+0000] {subprocess.py:93} INFO - 23/05/29 09:35:16 INFO MemoryStore: Block broadcast_2 stored as values in memory (estimated size 200.2 KiB, free 434.0 MiB)
[2023-05-29T09:35:16.781+0000] {subprocess.py:93} INFO - 23/05/29 09:35:16 INFO MemoryStore: Block broadcast_2_piece0 stored as bytes in memory (estimated size 34.5 KiB, free 433.9 MiB)
[2023-05-29T09:35:16.783+0000] {subprocess.py:93} INFO - 23/05/29 09:35:16 INFO BlockManagerInfo: Added broadcast_2_piece0 in memory on 4b5d28de6f1c.mylabserver.com:41679 (size: 34.5 KiB, free: 434.3 MiB)
[2023-05-29T09:35:16.792+0000] {subprocess.py:93} INFO - 23/05/29 09:35:16 INFO SparkContext: Created broadcast 2 from csv at NativeMethodAccessorImpl.java:0
[2023-05-29T09:35:16.792+0000] {subprocess.py:93} INFO - 23/05/29 09:35:16 INFO FileSourceScanExec: Planning scan with bin packing, max size: 4194304 bytes, open cost is considered as scanning 4194304 bytes.
[2023-05-29T09:35:17.493+0000] {subprocess.py:93} INFO - 23/05/29 09:35:17 INFO InMemoryFileIndex: It took 3 ms to list leaf files for 1 paths.
[2023-05-29T09:35:17.675+0000] {subprocess.py:93} INFO - 23/05/29 09:35:17 INFO InMemoryFileIndex: It took 2 ms to list leaf files for 1 paths.
[2023-05-29T09:35:17.785+0000] {subprocess.py:93} INFO - 23/05/29 09:35:17 INFO InMemoryFileIndex: It took 3 ms to list leaf files for 1 paths.
[2023-05-29T09:35:17.903+0000] {subprocess.py:93} INFO - 23/05/29 09:35:17 INFO InMemoryFileIndex: It took 3 ms to list leaf files for 1 paths.
[2023-05-29T09:35:18.011+0000] {subprocess.py:93} INFO - 23/05/29 09:35:18 INFO InMemoryFileIndex: It took 3 ms to list leaf files for 1 paths.
[2023-05-29T09:35:18.129+0000] {subprocess.py:93} INFO - 23/05/29 09:35:18 INFO InMemoryFileIndex: It took 2 ms to list leaf files for 1 paths.
[2023-05-29T09:35:18.249+0000] {subprocess.py:93} INFO - 23/05/29 09:35:18 INFO InMemoryFileIndex: It took 2 ms to list leaf files for 1 paths.
[2023-05-29T09:35:18.323+0000] {subprocess.py:93} INFO - 23/05/29 09:35:18 INFO InMemoryFileIndex: It took 1 ms to list leaf files for 1 paths.
[2023-05-29T09:35:18.390+0000] {subprocess.py:93} INFO - 23/05/29 09:35:18 INFO InMemoryFileIndex: It took 1 ms to list leaf files for 1 paths.
[2023-05-29T09:35:18.496+0000] {subprocess.py:93} INFO - 23/05/29 09:35:18 INFO InMemoryFileIndex: It took 2 ms to list leaf files for 1 paths.
[2023-05-29T09:35:18.577+0000] {subprocess.py:93} INFO - 23/05/29 09:35:18 INFO InMemoryFileIndex: It took 1 ms to list leaf files for 1 paths.
[2023-05-29T09:35:18.664+0000] {subprocess.py:93} INFO - 23/05/29 09:35:18 INFO InMemoryFileIndex: It took 1 ms to list leaf files for 1 paths.
[2023-05-29T09:35:18.729+0000] {subprocess.py:93} INFO - 23/05/29 09:35:18 INFO InMemoryFileIndex: It took 1 ms to list leaf files for 1 paths.
[2023-05-29T09:35:18.804+0000] {subprocess.py:93} INFO - 23/05/29 09:35:18 INFO InMemoryFileIndex: It took 3 ms to list leaf files for 1 paths.
[2023-05-29T09:35:18.891+0000] {subprocess.py:93} INFO - 23/05/29 09:35:18 INFO InMemoryFileIndex: It took 2 ms to list leaf files for 1 paths.
[2023-05-29T09:35:18.964+0000] {subprocess.py:93} INFO - 23/05/29 09:35:18 INFO InMemoryFileIndex: It took 1 ms to list leaf files for 1 paths.
[2023-05-29T09:35:19.062+0000] {subprocess.py:93} INFO - 23/05/29 09:35:19 INFO InMemoryFileIndex: It took 1 ms to list leaf files for 1 paths.
[2023-05-29T09:35:19.147+0000] {subprocess.py:93} INFO - 23/05/29 09:35:19 INFO InMemoryFileIndex: It took 2 ms to list leaf files for 1 paths.
[2023-05-29T09:35:19.267+0000] {subprocess.py:93} INFO - 23/05/29 09:35:19 INFO InMemoryFileIndex: It took 1 ms to list leaf files for 1 paths.
[2023-05-29T09:35:19.379+0000] {subprocess.py:93} INFO - 23/05/29 09:35:19 INFO BlockManagerInfo: Removed broadcast_0_piece0 on 4b5d28de6f1c.mylabserver.com:41679 in memory (size: 34.5 KiB, free: 434.4 MiB)
[2023-05-29T09:35:19.433+0000] {subprocess.py:93} INFO - 23/05/29 09:35:19 INFO InMemoryFileIndex: It took 2 ms to list leaf files for 1 paths.
[2023-05-29T09:35:19.491+0000] {subprocess.py:93} INFO - 23/05/29 09:35:19 INFO InMemoryFileIndex: It took 2 ms to list leaf files for 1 paths.
[2023-05-29T09:35:19.550+0000] {subprocess.py:93} INFO - 23/05/29 09:35:19 INFO InMemoryFileIndex: It took 1 ms to list leaf files for 1 paths.
[2023-05-29T09:35:19.646+0000] {subprocess.py:93} INFO - 23/05/29 09:35:19 INFO InMemoryFileIndex: It took 1 ms to list leaf files for 1 paths.
[2023-05-29T09:35:19.705+0000] {subprocess.py:93} INFO - 23/05/29 09:35:19 INFO InMemoryFileIndex: It took 1 ms to list leaf files for 1 paths.
[2023-05-29T09:35:19.804+0000] {subprocess.py:93} INFO - 23/05/29 09:35:19 INFO InMemoryFileIndex: It took 2 ms to list leaf files for 1 paths.
[2023-05-29T09:35:19.860+0000] {subprocess.py:93} INFO - 23/05/29 09:35:19 INFO InMemoryFileIndex: It took 1 ms to list leaf files for 1 paths.
[2023-05-29T09:35:19.915+0000] {subprocess.py:93} INFO - 23/05/29 09:35:19 INFO InMemoryFileIndex: It took 1 ms to list leaf files for 1 paths.
[2023-05-29T09:35:19.981+0000] {subprocess.py:93} INFO - 23/05/29 09:35:19 INFO InMemoryFileIndex: It took 1 ms to list leaf files for 1 paths.
[2023-05-29T09:35:20.060+0000] {subprocess.py:93} INFO - 23/05/29 09:35:20 INFO InMemoryFileIndex: It took 1 ms to list leaf files for 1 paths.
[2023-05-29T09:35:20.168+0000] {subprocess.py:93} INFO - 23/05/29 09:35:20 INFO InMemoryFileIndex: It took 1 ms to list leaf files for 1 paths.
[2023-05-29T09:35:20.231+0000] {subprocess.py:93} INFO - 23/05/29 09:35:20 INFO InMemoryFileIndex: It took 1 ms to list leaf files for 1 paths.
[2023-05-29T09:35:20.285+0000] {subprocess.py:93} INFO - 23/05/29 09:35:20 INFO InMemoryFileIndex: It took 1 ms to list leaf files for 1 paths.
[2023-05-29T09:35:20.357+0000] {subprocess.py:93} INFO - 23/05/29 09:35:20 INFO InMemoryFileIndex: It took 1 ms to list leaf files for 1 paths.
[2023-05-29T09:35:20.415+0000] {subprocess.py:93} INFO - 23/05/29 09:35:20 INFO InMemoryFileIndex: It took 1 ms to list leaf files for 1 paths.
[2023-05-29T09:35:20.472+0000] {subprocess.py:93} INFO - 23/05/29 09:35:20 INFO InMemoryFileIndex: It took 1 ms to list leaf files for 1 paths.
[2023-05-29T09:35:20.527+0000] {subprocess.py:93} INFO - 23/05/29 09:35:20 INFO InMemoryFileIndex: It took 1 ms to list leaf files for 1 paths.
[2023-05-29T09:35:20.586+0000] {subprocess.py:93} INFO - 23/05/29 09:35:20 INFO InMemoryFileIndex: It took 1 ms to list leaf files for 1 paths.
[2023-05-29T09:35:20.697+0000] {subprocess.py:93} INFO - 23/05/29 09:35:20 INFO InMemoryFileIndex: It took 1 ms to list leaf files for 1 paths.
[2023-05-29T09:35:20.747+0000] {subprocess.py:93} INFO - 23/05/29 09:35:20 INFO BlockManagerInfo: Removed broadcast_2_piece0 on 4b5d28de6f1c.mylabserver.com:41679 in memory (size: 34.5 KiB, free: 434.4 MiB)
[2023-05-29T09:35:20.813+0000] {subprocess.py:93} INFO - 23/05/29 09:35:20 INFO InMemoryFileIndex: It took 1 ms to list leaf files for 1 paths.
[2023-05-29T09:35:20.874+0000] {subprocess.py:93} INFO - 23/05/29 09:35:20 INFO InMemoryFileIndex: It took 1 ms to list leaf files for 1 paths.
[2023-05-29T09:35:20.926+0000] {subprocess.py:93} INFO - 23/05/29 09:35:20 INFO InMemoryFileIndex: It took 1 ms to list leaf files for 1 paths.
[2023-05-29T09:35:20.979+0000] {subprocess.py:93} INFO - 23/05/29 09:35:20 INFO InMemoryFileIndex: It took 1 ms to list leaf files for 1 paths.
[2023-05-29T09:35:21.031+0000] {subprocess.py:93} INFO - 23/05/29 09:35:21 INFO InMemoryFileIndex: It took 1 ms to list leaf files for 1 paths.
[2023-05-29T09:35:21.089+0000] {subprocess.py:93} INFO - 23/05/29 09:35:21 INFO InMemoryFileIndex: It took 1 ms to list leaf files for 1 paths.
[2023-05-29T09:35:21.167+0000] {subprocess.py:93} INFO - 23/05/29 09:35:21 INFO InMemoryFileIndex: It took 1 ms to list leaf files for 1 paths.
[2023-05-29T09:35:21.256+0000] {subprocess.py:93} INFO - 23/05/29 09:35:21 INFO InMemoryFileIndex: It took 1 ms to list leaf files for 1 paths.
[2023-05-29T09:35:21.315+0000] {subprocess.py:93} INFO - 23/05/29 09:35:21 INFO InMemoryFileIndex: It took 1 ms to list leaf files for 1 paths.
[2023-05-29T09:35:21.386+0000] {subprocess.py:93} INFO - 23/05/29 09:35:21 INFO InMemoryFileIndex: It took 1 ms to list leaf files for 1 paths.
[2023-05-29T09:35:21.439+0000] {subprocess.py:93} INFO - 23/05/29 09:35:21 INFO InMemoryFileIndex: It took 1 ms to list leaf files for 1 paths.
[2023-05-29T09:35:21.491+0000] {subprocess.py:93} INFO - 23/05/29 09:35:21 INFO InMemoryFileIndex: It took 1 ms to list leaf files for 1 paths.
[2023-05-29T09:35:21.544+0000] {subprocess.py:93} INFO - 23/05/29 09:35:21 INFO InMemoryFileIndex: It took 1 ms to list leaf files for 1 paths.
[2023-05-29T09:35:21.599+0000] {subprocess.py:93} INFO - 23/05/29 09:35:21 INFO InMemoryFileIndex: It took 1 ms to list leaf files for 1 paths.
[2023-05-29T09:35:21.736+0000] {subprocess.py:93} INFO - 23/05/29 09:35:21 INFO InMemoryFileIndex: It took 1 ms to list leaf files for 1 paths.
[2023-05-29T09:35:21.843+0000] {subprocess.py:93} INFO - 23/05/29 09:35:21 INFO InMemoryFileIndex: It took 1 ms to list leaf files for 1 paths.
[2023-05-29T09:35:21.903+0000] {subprocess.py:93} INFO - 23/05/29 09:35:21 INFO InMemoryFileIndex: It took 1 ms to list leaf files for 1 paths.
[2023-05-29T09:35:21.971+0000] {subprocess.py:93} INFO - 23/05/29 09:35:21 INFO InMemoryFileIndex: It took 1 ms to list leaf files for 1 paths.
[2023-05-29T09:35:22.028+0000] {subprocess.py:93} INFO - 23/05/29 09:35:22 INFO InMemoryFileIndex: It took 1 ms to list leaf files for 1 paths.
[2023-05-29T09:35:22.086+0000] {subprocess.py:93} INFO - 23/05/29 09:35:22 INFO InMemoryFileIndex: It took 1 ms to list leaf files for 1 paths.
[2023-05-29T09:35:22.158+0000] {subprocess.py:93} INFO - 23/05/29 09:35:22 INFO InMemoryFileIndex: It took 2 ms to list leaf files for 1 paths.
[2023-05-29T09:35:22.239+0000] {subprocess.py:93} INFO - 23/05/29 09:35:22 INFO InMemoryFileIndex: It took 1 ms to list leaf files for 1 paths.
[2023-05-29T09:35:22.342+0000] {subprocess.py:93} INFO - 23/05/29 09:35:22 INFO InMemoryFileIndex: It took 1 ms to list leaf files for 1 paths.
[2023-05-29T09:35:22.423+0000] {subprocess.py:93} INFO - 23/05/29 09:35:22 INFO InMemoryFileIndex: It took 1 ms to list leaf files for 1 paths.
[2023-05-29T09:35:22.487+0000] {subprocess.py:93} INFO - 23/05/29 09:35:22 INFO InMemoryFileIndex: It took 2 ms to list leaf files for 1 paths.
[2023-05-29T09:35:22.552+0000] {subprocess.py:93} INFO - 23/05/29 09:35:22 INFO InMemoryFileIndex: It took 1 ms to list leaf files for 1 paths.
[2023-05-29T09:35:22.619+0000] {subprocess.py:93} INFO - 23/05/29 09:35:22 INFO InMemoryFileIndex: It took 1 ms to list leaf files for 1 paths.
[2023-05-29T09:35:22.678+0000] {subprocess.py:93} INFO - 23/05/29 09:35:22 INFO InMemoryFileIndex: It took 1 ms to list leaf files for 1 paths.
[2023-05-29T09:35:22.737+0000] {subprocess.py:93} INFO - 23/05/29 09:35:22 INFO InMemoryFileIndex: It took 1 ms to list leaf files for 1 paths.
[2023-05-29T09:35:22.796+0000] {subprocess.py:93} INFO - 23/05/29 09:35:22 INFO InMemoryFileIndex: It took 1 ms to list leaf files for 1 paths.
[2023-05-29T09:35:22.851+0000] {subprocess.py:93} INFO - 23/05/29 09:35:22 INFO InMemoryFileIndex: It took 1 ms to list leaf files for 1 paths.
[2023-05-29T09:35:22.906+0000] {subprocess.py:93} INFO - 23/05/29 09:35:22 INFO InMemoryFileIndex: It took 1 ms to list leaf files for 1 paths.
[2023-05-29T09:35:22.961+0000] {subprocess.py:93} INFO - 23/05/29 09:35:22 INFO InMemoryFileIndex: It took 1 ms to list leaf files for 1 paths.
[2023-05-29T09:35:23.017+0000] {subprocess.py:93} INFO - 23/05/29 09:35:23 INFO InMemoryFileIndex: It took 1 ms to list leaf files for 1 paths.
[2023-05-29T09:35:23.080+0000] {subprocess.py:93} INFO - 23/05/29 09:35:23 INFO InMemoryFileIndex: It took 1 ms to list leaf files for 1 paths.
[2023-05-29T09:35:23.140+0000] {subprocess.py:93} INFO - 23/05/29 09:35:23 INFO InMemoryFileIndex: It took 1 ms to list leaf files for 1 paths.
[2023-05-29T09:35:23.196+0000] {subprocess.py:93} INFO - 23/05/29 09:35:23 INFO InMemoryFileIndex: It took 1 ms to list leaf files for 1 paths.
[2023-05-29T09:35:23.269+0000] {subprocess.py:93} INFO - 23/05/29 09:35:23 INFO InMemoryFileIndex: It took 1 ms to list leaf files for 1 paths.
[2023-05-29T09:35:23.338+0000] {subprocess.py:93} INFO - 23/05/29 09:35:23 INFO InMemoryFileIndex: It took 1 ms to list leaf files for 1 paths.
[2023-05-29T09:35:23.398+0000] {subprocess.py:93} INFO - 23/05/29 09:35:23 INFO InMemoryFileIndex: It took 1 ms to list leaf files for 1 paths.
[2023-05-29T09:35:23.457+0000] {subprocess.py:93} INFO - 23/05/29 09:35:23 INFO InMemoryFileIndex: It took 1 ms to list leaf files for 1 paths.
[2023-05-29T09:35:23.512+0000] {subprocess.py:93} INFO - 23/05/29 09:35:23 INFO InMemoryFileIndex: It took 1 ms to list leaf files for 1 paths.
[2023-05-29T09:35:23.568+0000] {subprocess.py:93} INFO - 23/05/29 09:35:23 INFO InMemoryFileIndex: It took 1 ms to list leaf files for 1 paths.
[2023-05-29T09:35:23.626+0000] {subprocess.py:93} INFO - 23/05/29 09:35:23 INFO InMemoryFileIndex: It took 1 ms to list leaf files for 1 paths.
[2023-05-29T09:35:23.684+0000] {subprocess.py:93} INFO - 23/05/29 09:35:23 INFO InMemoryFileIndex: It took 1 ms to list leaf files for 1 paths.
[2023-05-29T09:35:23.747+0000] {subprocess.py:93} INFO - 23/05/29 09:35:23 INFO InMemoryFileIndex: It took 1 ms to list leaf files for 1 paths.
[2023-05-29T09:35:23.821+0000] {subprocess.py:93} INFO - 23/05/29 09:35:23 INFO InMemoryFileIndex: It took 1 ms to list leaf files for 1 paths.
[2023-05-29T09:35:23.875+0000] {subprocess.py:93} INFO - 23/05/29 09:35:23 INFO InMemoryFileIndex: It took 1 ms to list leaf files for 1 paths.
[2023-05-29T09:35:23.932+0000] {subprocess.py:93} INFO - 23/05/29 09:35:23 INFO InMemoryFileIndex: It took 1 ms to list leaf files for 1 paths.
[2023-05-29T09:35:23.986+0000] {subprocess.py:93} INFO - 23/05/29 09:35:23 INFO InMemoryFileIndex: It took 1 ms to list leaf files for 1 paths.
[2023-05-29T09:35:24.042+0000] {subprocess.py:93} INFO - 23/05/29 09:35:24 INFO InMemoryFileIndex: It took 1 ms to list leaf files for 1 paths.
[2023-05-29T09:35:24.100+0000] {subprocess.py:93} INFO - 23/05/29 09:35:24 INFO InMemoryFileIndex: It took 1 ms to list leaf files for 1 paths.
[2023-05-29T09:35:24.159+0000] {subprocess.py:93} INFO - 23/05/29 09:35:24 INFO InMemoryFileIndex: It took 1 ms to list leaf files for 1 paths.
[2023-05-29T09:35:24.219+0000] {subprocess.py:93} INFO - 23/05/29 09:35:24 INFO InMemoryFileIndex: It took 1 ms to list leaf files for 1 paths.
[2023-05-29T09:35:24.294+0000] {subprocess.py:93} INFO - 23/05/29 09:35:24 INFO InMemoryFileIndex: It took 1 ms to list leaf files for 1 paths.
[2023-05-29T09:35:24.363+0000] {subprocess.py:93} INFO - 23/05/29 09:35:24 INFO InMemoryFileIndex: It took 1 ms to list leaf files for 1 paths.
[2023-05-29T09:35:24.425+0000] {subprocess.py:93} INFO - 23/05/29 09:35:24 INFO InMemoryFileIndex: It took 1 ms to list leaf files for 1 paths.
[2023-05-29T09:35:24.497+0000] {subprocess.py:93} INFO - 23/05/29 09:35:24 INFO InMemoryFileIndex: It took 1 ms to list leaf files for 1 paths.
[2023-05-29T09:35:24.558+0000] {subprocess.py:93} INFO - 23/05/29 09:35:24 INFO InMemoryFileIndex: It took 1 ms to list leaf files for 1 paths.
[2023-05-29T09:35:24.622+0000] {subprocess.py:93} INFO - 23/05/29 09:35:24 INFO InMemoryFileIndex: It took 1 ms to list leaf files for 1 paths.
[2023-05-29T09:35:24.681+0000] {subprocess.py:93} INFO - 23/05/29 09:35:24 INFO InMemoryFileIndex: It took 1 ms to list leaf files for 1 paths.
[2023-05-29T09:35:24.738+0000] {subprocess.py:93} INFO - 23/05/29 09:35:24 INFO InMemoryFileIndex: It took 1 ms to list leaf files for 1 paths.
[2023-05-29T09:35:24.791+0000] {subprocess.py:93} INFO - 23/05/29 09:35:24 INFO InMemoryFileIndex: It took 1 ms to list leaf files for 1 paths.
[2023-05-29T09:35:24.849+0000] {subprocess.py:93} INFO - 23/05/29 09:35:24 INFO InMemoryFileIndex: It took 1 ms to list leaf files for 1 paths.
[2023-05-29T09:35:24.909+0000] {subprocess.py:93} INFO - 23/05/29 09:35:24 INFO InMemoryFileIndex: It took 1 ms to list leaf files for 1 paths.
[2023-05-29T09:35:24.966+0000] {subprocess.py:93} INFO - 23/05/29 09:35:24 INFO InMemoryFileIndex: It took 1 ms to list leaf files for 1 paths.
[2023-05-29T09:35:25.027+0000] {subprocess.py:93} INFO - 23/05/29 09:35:25 INFO InMemoryFileIndex: It took 1 ms to list leaf files for 1 paths.
[2023-05-29T09:35:25.086+0000] {subprocess.py:93} INFO - 23/05/29 09:35:25 INFO InMemoryFileIndex: It took 1 ms to list leaf files for 1 paths.
[2023-05-29T09:35:25.164+0000] {subprocess.py:93} INFO - 23/05/29 09:35:25 INFO InMemoryFileIndex: It took 1 ms to list leaf files for 1 paths.
[2023-05-29T09:35:25.225+0000] {subprocess.py:93} INFO - 23/05/29 09:35:25 INFO InMemoryFileIndex: It took 1 ms to list leaf files for 1 paths.
[2023-05-29T09:35:25.283+0000] {subprocess.py:93} INFO - 23/05/29 09:35:25 INFO InMemoryFileIndex: It took 1 ms to list leaf files for 1 paths.
[2023-05-29T09:35:25.372+0000] {subprocess.py:93} INFO - 23/05/29 09:35:25 INFO InMemoryFileIndex: It took 1 ms to list leaf files for 1 paths.
[2023-05-29T09:35:25.433+0000] {subprocess.py:93} INFO - 23/05/29 09:35:25 INFO InMemoryFileIndex: It took 1 ms to list leaf files for 1 paths.
[2023-05-29T09:35:25.490+0000] {subprocess.py:93} INFO - 23/05/29 09:35:25 INFO InMemoryFileIndex: It took 1 ms to list leaf files for 1 paths.
[2023-05-29T09:35:25.546+0000] {subprocess.py:93} INFO - 23/05/29 09:35:25 INFO InMemoryFileIndex: It took 1 ms to list leaf files for 1 paths.
[2023-05-29T09:35:25.602+0000] {subprocess.py:93} INFO - 23/05/29 09:35:25 INFO InMemoryFileIndex: It took 1 ms to list leaf files for 1 paths.
[2023-05-29T09:35:25.662+0000] {subprocess.py:93} INFO - 23/05/29 09:35:25 INFO InMemoryFileIndex: It took 1 ms to list leaf files for 1 paths.
[2023-05-29T09:35:25.730+0000] {subprocess.py:93} INFO - 23/05/29 09:35:25 INFO InMemoryFileIndex: It took 1 ms to list leaf files for 1 paths.
[2023-05-29T09:35:25.803+0000] {subprocess.py:93} INFO - 23/05/29 09:35:25 INFO InMemoryFileIndex: It took 1 ms to list leaf files for 1 paths.
[2023-05-29T09:35:25.867+0000] {subprocess.py:93} INFO - 23/05/29 09:35:25 INFO InMemoryFileIndex: It took 1 ms to list leaf files for 1 paths.
[2023-05-29T09:35:25.936+0000] {subprocess.py:93} INFO - 23/05/29 09:35:25 INFO InMemoryFileIndex: It took 1 ms to list leaf files for 1 paths.
[2023-05-29T09:35:25.997+0000] {subprocess.py:93} INFO - 23/05/29 09:35:25 INFO InMemoryFileIndex: It took 1 ms to list leaf files for 1 paths.
[2023-05-29T09:35:26.062+0000] {subprocess.py:93} INFO - 23/05/29 09:35:26 INFO InMemoryFileIndex: It took 1 ms to list leaf files for 1 paths.
[2023-05-29T09:35:26.128+0000] {subprocess.py:93} INFO - 23/05/29 09:35:26 INFO InMemoryFileIndex: It took 1 ms to list leaf files for 1 paths.
[2023-05-29T09:35:26.202+0000] {subprocess.py:93} INFO - 23/05/29 09:35:26 INFO InMemoryFileIndex: It took 1 ms to list leaf files for 1 paths.
[2023-05-29T09:35:26.280+0000] {subprocess.py:93} INFO - 23/05/29 09:35:26 INFO InMemoryFileIndex: It took 1 ms to list leaf files for 1 paths.
[2023-05-29T09:35:26.395+0000] {subprocess.py:93} INFO - 23/05/29 09:35:26 INFO InMemoryFileIndex: It took 1 ms to list leaf files for 1 paths.
[2023-05-29T09:35:26.509+0000] {subprocess.py:93} INFO - 23/05/29 09:35:26 INFO InMemoryFileIndex: It took 1 ms to list leaf files for 1 paths.
[2023-05-29T09:35:26.638+0000] {subprocess.py:93} INFO - 23/05/29 09:35:26 INFO InMemoryFileIndex: It took 1 ms to list leaf files for 1 paths.
[2023-05-29T09:35:26.714+0000] {subprocess.py:93} INFO - 23/05/29 09:35:26 INFO InMemoryFileIndex: It took 1 ms to list leaf files for 1 paths.
[2023-05-29T09:35:26.786+0000] {subprocess.py:93} INFO - 23/05/29 09:35:26 INFO InMemoryFileIndex: It took 1 ms to list leaf files for 1 paths.
[2023-05-29T09:35:26.855+0000] {subprocess.py:93} INFO - 23/05/29 09:35:26 INFO InMemoryFileIndex: It took 1 ms to list leaf files for 1 paths.
[2023-05-29T09:35:26.919+0000] {subprocess.py:93} INFO - 23/05/29 09:35:26 INFO InMemoryFileIndex: It took 1 ms to list leaf files for 1 paths.
[2023-05-29T09:35:26.990+0000] {subprocess.py:93} INFO - 23/05/29 09:35:26 INFO InMemoryFileIndex: It took 1 ms to list leaf files for 1 paths.
[2023-05-29T09:35:27.055+0000] {subprocess.py:93} INFO - 23/05/29 09:35:27 INFO InMemoryFileIndex: It took 1 ms to list leaf files for 1 paths.
[2023-05-29T09:35:27.120+0000] {subprocess.py:93} INFO - 23/05/29 09:35:27 INFO InMemoryFileIndex: It took 1 ms to list leaf files for 1 paths.
[2023-05-29T09:35:27.205+0000] {subprocess.py:93} INFO - 23/05/29 09:35:27 INFO InMemoryFileIndex: It took 1 ms to list leaf files for 1 paths.
[2023-05-29T09:35:27.280+0000] {subprocess.py:93} INFO - 23/05/29 09:35:27 INFO InMemoryFileIndex: It took 1 ms to list leaf files for 1 paths.
[2023-05-29T09:35:27.341+0000] {subprocess.py:93} INFO - 23/05/29 09:35:27 INFO InMemoryFileIndex: It took 1 ms to list leaf files for 1 paths.
[2023-05-29T09:35:27.397+0000] {subprocess.py:93} INFO - 23/05/29 09:35:27 INFO InMemoryFileIndex: It took 1 ms to list leaf files for 1 paths.
[2023-05-29T09:35:27.469+0000] {subprocess.py:93} INFO - 23/05/29 09:35:27 INFO InMemoryFileIndex: It took 1 ms to list leaf files for 1 paths.
[2023-05-29T09:35:27.534+0000] {subprocess.py:93} INFO - 23/05/29 09:35:27 INFO InMemoryFileIndex: It took 1 ms to list leaf files for 1 paths.
[2023-05-29T09:35:27.607+0000] {subprocess.py:93} INFO - 23/05/29 09:35:27 INFO InMemoryFileIndex: It took 1 ms to list leaf files for 1 paths.
[2023-05-29T09:35:27.673+0000] {subprocess.py:93} INFO - 23/05/29 09:35:27 INFO InMemoryFileIndex: It took 1 ms to list leaf files for 1 paths.
[2023-05-29T09:35:27.741+0000] {subprocess.py:93} INFO - 23/05/29 09:35:27 INFO InMemoryFileIndex: It took 1 ms to list leaf files for 1 paths.
[2023-05-29T09:35:27.818+0000] {subprocess.py:93} INFO - 23/05/29 09:35:27 INFO InMemoryFileIndex: It took 1 ms to list leaf files for 1 paths.
[2023-05-29T09:35:27.892+0000] {subprocess.py:93} INFO - 23/05/29 09:35:27 INFO InMemoryFileIndex: It took 1 ms to list leaf files for 1 paths.
[2023-05-29T09:35:27.964+0000] {subprocess.py:93} INFO - 23/05/29 09:35:27 INFO InMemoryFileIndex: It took 1 ms to list leaf files for 1 paths.
[2023-05-29T09:35:28.116+0000] {subprocess.py:93} INFO - 23/05/29 09:35:28 INFO InMemoryFileIndex: It took 1 ms to list leaf files for 1 paths.
[2023-05-29T09:35:28.165+0000] {subprocess.py:93} INFO - 23/05/29 09:35:28 INFO InMemoryFileIndex: It took 1 ms to list leaf files for 1 paths.
[2023-05-29T09:35:28.228+0000] {subprocess.py:93} INFO - 23/05/29 09:35:28 INFO InMemoryFileIndex: It took 0 ms to list leaf files for 1 paths.
[2023-05-29T09:35:28.271+0000] {subprocess.py:93} INFO - 23/05/29 09:35:28 INFO InMemoryFileIndex: It took 0 ms to list leaf files for 1 paths.
[2023-05-29T09:35:28.320+0000] {subprocess.py:93} INFO - 23/05/29 09:35:28 INFO InMemoryFileIndex: It took 0 ms to list leaf files for 1 paths.
[2023-05-29T09:35:28.383+0000] {subprocess.py:93} INFO - 23/05/29 09:35:28 INFO InMemoryFileIndex: It took 1 ms to list leaf files for 1 paths.
[2023-05-29T09:35:28.472+0000] {subprocess.py:93} INFO - 23/05/29 09:35:28 INFO InMemoryFileIndex: It took 0 ms to list leaf files for 1 paths.
[2023-05-29T09:35:28.519+0000] {subprocess.py:93} INFO - 23/05/29 09:35:28 INFO InMemoryFileIndex: It took 0 ms to list leaf files for 1 paths.
[2023-05-29T09:35:28.566+0000] {subprocess.py:93} INFO - 23/05/29 09:35:28 INFO InMemoryFileIndex: It took 1 ms to list leaf files for 1 paths.
[2023-05-29T09:35:28.623+0000] {subprocess.py:93} INFO - 23/05/29 09:35:28 INFO InMemoryFileIndex: It took 0 ms to list leaf files for 1 paths.
[2023-05-29T09:35:28.705+0000] {subprocess.py:93} INFO - 23/05/29 09:35:28 INFO InMemoryFileIndex: It took 1 ms to list leaf files for 1 paths.
[2023-05-29T09:35:28.771+0000] {subprocess.py:93} INFO - 23/05/29 09:35:28 INFO InMemoryFileIndex: It took 1 ms to list leaf files for 1 paths.
[2023-05-29T09:35:28.836+0000] {subprocess.py:93} INFO - 23/05/29 09:35:28 INFO InMemoryFileIndex: It took 1 ms to list leaf files for 1 paths.
[2023-05-29T09:35:28.893+0000] {subprocess.py:93} INFO - 23/05/29 09:35:28 INFO InMemoryFileIndex: It took 0 ms to list leaf files for 1 paths.
[2023-05-29T09:35:28.971+0000] {subprocess.py:93} INFO - 23/05/29 09:35:28 INFO InMemoryFileIndex: It took 0 ms to list leaf files for 1 paths.
[2023-05-29T09:35:29.019+0000] {subprocess.py:93} INFO - 23/05/29 09:35:29 INFO InMemoryFileIndex: It took 1 ms to list leaf files for 1 paths.
[2023-05-29T09:35:29.075+0000] {subprocess.py:93} INFO - 23/05/29 09:35:29 INFO InMemoryFileIndex: It took 0 ms to list leaf files for 1 paths.
[2023-05-29T09:35:29.133+0000] {subprocess.py:93} INFO - 23/05/29 09:35:29 INFO InMemoryFileIndex: It took 1 ms to list leaf files for 1 paths.
[2023-05-29T09:35:29.184+0000] {subprocess.py:93} INFO - 23/05/29 09:35:29 INFO InMemoryFileIndex: It took 0 ms to list leaf files for 1 paths.
[2023-05-29T09:35:29.240+0000] {subprocess.py:93} INFO - 23/05/29 09:35:29 INFO InMemoryFileIndex: It took 1 ms to list leaf files for 1 paths.
[2023-05-29T09:35:29.290+0000] {subprocess.py:93} INFO - 23/05/29 09:35:29 INFO InMemoryFileIndex: It took 1 ms to list leaf files for 1 paths.
[2023-05-29T09:35:29.384+0000] {subprocess.py:93} INFO - 23/05/29 09:35:29 INFO InMemoryFileIndex: It took 1 ms to list leaf files for 1 paths.
[2023-05-29T09:35:29.475+0000] {subprocess.py:93} INFO - 23/05/29 09:35:29 INFO InMemoryFileIndex: It took 1 ms to list leaf files for 1 paths.
[2023-05-29T09:35:29.538+0000] {subprocess.py:93} INFO - 23/05/29 09:35:29 INFO InMemoryFileIndex: It took 1 ms to list leaf files for 1 paths.
[2023-05-29T09:35:29.584+0000] {subprocess.py:93} INFO - 23/05/29 09:35:29 INFO InMemoryFileIndex: It took 0 ms to list leaf files for 1 paths.
[2023-05-29T09:35:29.640+0000] {subprocess.py:93} INFO - 23/05/29 09:35:29 INFO InMemoryFileIndex: It took 0 ms to list leaf files for 1 paths.
[2023-05-29T09:35:29.699+0000] {subprocess.py:93} INFO - 23/05/29 09:35:29 INFO InMemoryFileIndex: It took 1 ms to list leaf files for 1 paths.
[2023-05-29T09:35:29.759+0000] {subprocess.py:93} INFO - 23/05/29 09:35:29 INFO InMemoryFileIndex: It took 1 ms to list leaf files for 1 paths.
[2023-05-29T09:35:29.837+0000] {subprocess.py:93} INFO - 23/05/29 09:35:29 INFO InMemoryFileIndex: It took 0 ms to list leaf files for 1 paths.
[2023-05-29T09:35:29.886+0000] {subprocess.py:93} INFO - 23/05/29 09:35:29 INFO InMemoryFileIndex: It took 1 ms to list leaf files for 1 paths.
[2023-05-29T09:35:29.957+0000] {subprocess.py:93} INFO - 23/05/29 09:35:29 INFO InMemoryFileIndex: It took 0 ms to list leaf files for 1 paths.
[2023-05-29T09:35:30.013+0000] {subprocess.py:93} INFO - 23/05/29 09:35:30 INFO InMemoryFileIndex: It took 1 ms to list leaf files for 1 paths.
[2023-05-29T09:35:30.085+0000] {subprocess.py:93} INFO - 23/05/29 09:35:30 INFO InMemoryFileIndex: It took 1 ms to list leaf files for 1 paths.
[2023-05-29T09:35:30.157+0000] {subprocess.py:93} INFO - 23/05/29 09:35:30 INFO InMemoryFileIndex: It took 1 ms to list leaf files for 1 paths.
[2023-05-29T09:35:30.209+0000] {subprocess.py:93} INFO - 23/05/29 09:35:30 INFO InMemoryFileIndex: It took 0 ms to list leaf files for 1 paths.
[2023-05-29T09:35:30.289+0000] {subprocess.py:93} INFO - 23/05/29 09:35:30 INFO InMemoryFileIndex: It took 0 ms to list leaf files for 1 paths.
[2023-05-29T09:35:30.343+0000] {subprocess.py:93} INFO - 23/05/29 09:35:30 INFO InMemoryFileIndex: It took 1 ms to list leaf files for 1 paths.
[2023-05-29T09:35:30.413+0000] {subprocess.py:93} INFO - 23/05/29 09:35:30 INFO InMemoryFileIndex: It took 1 ms to list leaf files for 1 paths.
[2023-05-29T09:35:30.507+0000] {subprocess.py:93} INFO - 23/05/29 09:35:30 INFO InMemoryFileIndex: It took 1 ms to list leaf files for 1 paths.
[2023-05-29T09:35:30.584+0000] {subprocess.py:93} INFO - 23/05/29 09:35:30 INFO InMemoryFileIndex: It took 1 ms to list leaf files for 1 paths.
[2023-05-29T09:35:30.666+0000] {subprocess.py:93} INFO - 23/05/29 09:35:30 INFO InMemoryFileIndex: It took 1 ms to list leaf files for 1 paths.
[2023-05-29T09:35:30.742+0000] {subprocess.py:93} INFO - 23/05/29 09:35:30 INFO InMemoryFileIndex: It took 1 ms to list leaf files for 1 paths.
[2023-05-29T09:35:30.837+0000] {subprocess.py:93} INFO - 23/05/29 09:35:30 INFO InMemoryFileIndex: It took 1 ms to list leaf files for 1 paths.
[2023-05-29T09:35:30.909+0000] {subprocess.py:93} INFO - 23/05/29 09:35:30 INFO InMemoryFileIndex: It took 1 ms to list leaf files for 1 paths.
[2023-05-29T09:35:30.976+0000] {subprocess.py:93} INFO - 23/05/29 09:35:30 INFO InMemoryFileIndex: It took 1 ms to list leaf files for 1 paths.
[2023-05-29T09:35:31.029+0000] {subprocess.py:93} INFO - 23/05/29 09:35:31 INFO InMemoryFileIndex: It took 1 ms to list leaf files for 1 paths.
[2023-05-29T09:35:31.085+0000] {subprocess.py:93} INFO - 23/05/29 09:35:31 INFO InMemoryFileIndex: It took 1 ms to list leaf files for 1 paths.
[2023-05-29T09:35:31.131+0000] {subprocess.py:93} INFO - 23/05/29 09:35:31 INFO InMemoryFileIndex: It took 0 ms to list leaf files for 1 paths.
[2023-05-29T09:35:31.189+0000] {subprocess.py:93} INFO - 23/05/29 09:35:31 INFO InMemoryFileIndex: It took 0 ms to list leaf files for 1 paths.
[2023-05-29T09:35:31.247+0000] {subprocess.py:93} INFO - 23/05/29 09:35:31 INFO InMemoryFileIndex: It took 1 ms to list leaf files for 1 paths.
[2023-05-29T09:35:31.309+0000] {subprocess.py:93} INFO - 23/05/29 09:35:31 INFO InMemoryFileIndex: It took 0 ms to list leaf files for 1 paths.
[2023-05-29T09:35:31.367+0000] {subprocess.py:93} INFO - 23/05/29 09:35:31 INFO InMemoryFileIndex: It took 1 ms to list leaf files for 1 paths.
[2023-05-29T09:35:31.444+0000] {subprocess.py:93} INFO - 23/05/29 09:35:31 INFO InMemoryFileIndex: It took 1 ms to list leaf files for 1 paths.
[2023-05-29T09:35:31.509+0000] {subprocess.py:93} INFO - 23/05/29 09:35:31 INFO InMemoryFileIndex: It took 1 ms to list leaf files for 1 paths.
[2023-05-29T09:35:31.590+0000] {subprocess.py:93} INFO - 23/05/29 09:35:31 INFO InMemoryFileIndex: It took 1 ms to list leaf files for 1 paths.
[2023-05-29T09:35:31.661+0000] {subprocess.py:93} INFO - 23/05/29 09:35:31 INFO InMemoryFileIndex: It took 0 ms to list leaf files for 1 paths.
[2023-05-29T09:35:31.720+0000] {subprocess.py:93} INFO - 23/05/29 09:35:31 INFO InMemoryFileIndex: It took 0 ms to list leaf files for 1 paths.
[2023-05-29T09:35:31.773+0000] {subprocess.py:93} INFO - 23/05/29 09:35:31 INFO InMemoryFileIndex: It took 0 ms to list leaf files for 1 paths.
[2023-05-29T09:35:31.851+0000] {subprocess.py:93} INFO - 23/05/29 09:35:31 INFO InMemoryFileIndex: It took 1 ms to list leaf files for 1 paths.
[2023-05-29T09:35:31.922+0000] {subprocess.py:93} INFO - 23/05/29 09:35:31 INFO InMemoryFileIndex: It took 0 ms to list leaf files for 1 paths.
[2023-05-29T09:35:31.979+0000] {subprocess.py:93} INFO - 23/05/29 09:35:31 INFO InMemoryFileIndex: It took 1 ms to list leaf files for 1 paths.
[2023-05-29T09:35:32.047+0000] {subprocess.py:93} INFO - 23/05/29 09:35:32 INFO InMemoryFileIndex: It took 0 ms to list leaf files for 1 paths.
[2023-05-29T09:35:32.117+0000] {subprocess.py:93} INFO - 23/05/29 09:35:32 INFO InMemoryFileIndex: It took 0 ms to list leaf files for 1 paths.
[2023-05-29T09:35:32.171+0000] {subprocess.py:93} INFO - 23/05/29 09:35:32 INFO InMemoryFileIndex: It took 1 ms to list leaf files for 1 paths.
[2023-05-29T09:35:32.227+0000] {subprocess.py:93} INFO - 23/05/29 09:35:32 INFO InMemoryFileIndex: It took 0 ms to list leaf files for 1 paths.
[2023-05-29T09:35:32.307+0000] {subprocess.py:93} INFO - 23/05/29 09:35:32 INFO InMemoryFileIndex: It took 0 ms to list leaf files for 1 paths.
[2023-05-29T09:35:32.368+0000] {subprocess.py:93} INFO - 23/05/29 09:35:32 INFO InMemoryFileIndex: It took 1 ms to list leaf files for 1 paths.
[2023-05-29T09:35:32.429+0000] {subprocess.py:93} INFO - 23/05/29 09:35:32 INFO InMemoryFileIndex: It took 1 ms to list leaf files for 1 paths.
[2023-05-29T09:35:32.492+0000] {subprocess.py:93} INFO - 23/05/29 09:35:32 INFO InMemoryFileIndex: It took 1 ms to list leaf files for 1 paths.
[2023-05-29T09:35:32.573+0000] {subprocess.py:93} INFO - 23/05/29 09:35:32 INFO InMemoryFileIndex: It took 1 ms to list leaf files for 1 paths.
[2023-05-29T09:35:32.637+0000] {subprocess.py:93} INFO - 23/05/29 09:35:32 INFO InMemoryFileIndex: It took 1 ms to list leaf files for 1 paths.
[2023-05-29T09:35:32.695+0000] {subprocess.py:93} INFO - 23/05/29 09:35:32 INFO InMemoryFileIndex: It took 0 ms to list leaf files for 1 paths.
[2023-05-29T09:35:32.749+0000] {subprocess.py:93} INFO - 23/05/29 09:35:32 INFO InMemoryFileIndex: It took 1 ms to list leaf files for 1 paths.
[2023-05-29T09:35:32.800+0000] {subprocess.py:93} INFO - 23/05/29 09:35:32 INFO InMemoryFileIndex: It took 0 ms to list leaf files for 1 paths.
[2023-05-29T09:35:32.897+0000] {subprocess.py:93} INFO - 23/05/29 09:35:32 INFO InMemoryFileIndex: It took 0 ms to list leaf files for 1 paths.
[2023-05-29T09:35:32.949+0000] {subprocess.py:93} INFO - 23/05/29 09:35:32 INFO InMemoryFileIndex: It took 0 ms to list leaf files for 1 paths.
[2023-05-29T09:35:33.025+0000] {subprocess.py:93} INFO - 23/05/29 09:35:33 INFO InMemoryFileIndex: It took 1 ms to list leaf files for 1 paths.
[2023-05-29T09:35:33.105+0000] {subprocess.py:93} INFO - 23/05/29 09:35:33 INFO InMemoryFileIndex: It took 0 ms to list leaf files for 1 paths.
[2023-05-29T09:35:33.166+0000] {subprocess.py:93} INFO - 23/05/29 09:35:33 INFO InMemoryFileIndex: It took 1 ms to list leaf files for 1 paths.
[2023-05-29T09:35:33.238+0000] {subprocess.py:93} INFO - 23/05/29 09:35:33 INFO InMemoryFileIndex: It took 0 ms to list leaf files for 1 paths.
[2023-05-29T09:35:33.298+0000] {subprocess.py:93} INFO - 23/05/29 09:35:33 INFO InMemoryFileIndex: It took 1 ms to list leaf files for 1 paths.
[2023-05-29T09:35:33.379+0000] {subprocess.py:93} INFO - 23/05/29 09:35:33 INFO InMemoryFileIndex: It took 0 ms to list leaf files for 1 paths.
[2023-05-29T09:35:33.438+0000] {subprocess.py:93} INFO - 23/05/29 09:35:33 INFO InMemoryFileIndex: It took 1 ms to list leaf files for 1 paths.
[2023-05-29T09:35:33.517+0000] {subprocess.py:93} INFO - 23/05/29 09:35:33 INFO InMemoryFileIndex: It took 0 ms to list leaf files for 1 paths.
[2023-05-29T09:35:33.575+0000] {subprocess.py:93} INFO - 23/05/29 09:35:33 INFO InMemoryFileIndex: It took 0 ms to list leaf files for 1 paths.
[2023-05-29T09:35:33.645+0000] {subprocess.py:93} INFO - 23/05/29 09:35:33 INFO InMemoryFileIndex: It took 0 ms to list leaf files for 1 paths.
[2023-05-29T09:35:33.707+0000] {subprocess.py:93} INFO - 23/05/29 09:35:33 INFO InMemoryFileIndex: It took 0 ms to list leaf files for 1 paths.
[2023-05-29T09:35:33.776+0000] {subprocess.py:93} INFO - 23/05/29 09:35:33 INFO InMemoryFileIndex: It took 0 ms to list leaf files for 1 paths.
[2023-05-29T09:35:33.845+0000] {subprocess.py:93} INFO - 23/05/29 09:35:33 INFO InMemoryFileIndex: It took 0 ms to list leaf files for 1 paths.
[2023-05-29T09:35:33.904+0000] {subprocess.py:93} INFO - 23/05/29 09:35:33 INFO InMemoryFileIndex: It took 1 ms to list leaf files for 1 paths.
[2023-05-29T09:35:33.976+0000] {subprocess.py:93} INFO - 23/05/29 09:35:33 INFO InMemoryFileIndex: It took 0 ms to list leaf files for 1 paths.
[2023-05-29T09:35:34.040+0000] {subprocess.py:93} INFO - 23/05/29 09:35:34 INFO InMemoryFileIndex: It took 0 ms to list leaf files for 1 paths.
[2023-05-29T09:35:34.113+0000] {subprocess.py:93} INFO - 23/05/29 09:35:34 INFO InMemoryFileIndex: It took 0 ms to list leaf files for 1 paths.
[2023-05-29T09:35:34.210+0000] {subprocess.py:93} INFO - 23/05/29 09:35:34 INFO InMemoryFileIndex: It took 1 ms to list leaf files for 1 paths.
[2023-05-29T09:35:34.300+0000] {subprocess.py:93} INFO - 23/05/29 09:35:34 INFO InMemoryFileIndex: It took 1 ms to list leaf files for 1 paths.
[2023-05-29T09:35:34.379+0000] {subprocess.py:93} INFO - 23/05/29 09:35:34 INFO InMemoryFileIndex: It took 1 ms to list leaf files for 1 paths.
[2023-05-29T09:35:34.443+0000] {subprocess.py:93} INFO - 23/05/29 09:35:34 INFO InMemoryFileIndex: It took 0 ms to list leaf files for 1 paths.
[2023-05-29T09:35:34.511+0000] {subprocess.py:93} INFO - 23/05/29 09:35:34 INFO InMemoryFileIndex: It took 0 ms to list leaf files for 1 paths.
[2023-05-29T09:35:34.617+0000] {subprocess.py:93} INFO - 23/05/29 09:35:34 INFO InMemoryFileIndex: It took 1 ms to list leaf files for 1 paths.
[2023-05-29T09:35:34.686+0000] {subprocess.py:93} INFO - 23/05/29 09:35:34 INFO InMemoryFileIndex: It took 0 ms to list leaf files for 1 paths.
[2023-05-29T09:35:34.761+0000] {subprocess.py:93} INFO - 23/05/29 09:35:34 INFO InMemoryFileIndex: It took 1 ms to list leaf files for 1 paths.
[2023-05-29T09:35:34.826+0000] {subprocess.py:93} INFO - 23/05/29 09:35:34 INFO InMemoryFileIndex: It took 1 ms to list leaf files for 1 paths.
[2023-05-29T09:35:34.897+0000] {subprocess.py:93} INFO - 23/05/29 09:35:34 INFO InMemoryFileIndex: It took 1 ms to list leaf files for 1 paths.
[2023-05-29T09:35:34.967+0000] {subprocess.py:93} INFO - 23/05/29 09:35:34 INFO InMemoryFileIndex: It took 1 ms to list leaf files for 1 paths.
[2023-05-29T09:35:35.034+0000] {subprocess.py:93} INFO - 23/05/29 09:35:35 INFO InMemoryFileIndex: It took 1 ms to list leaf files for 1 paths.
[2023-05-29T09:35:35.102+0000] {subprocess.py:93} INFO - 23/05/29 09:35:35 INFO InMemoryFileIndex: It took 1 ms to list leaf files for 1 paths.
[2023-05-29T09:35:35.189+0000] {subprocess.py:93} INFO - 23/05/29 09:35:35 INFO InMemoryFileIndex: It took 1 ms to list leaf files for 1 paths.
[2023-05-29T09:35:35.260+0000] {subprocess.py:93} INFO - 23/05/29 09:35:35 INFO InMemoryFileIndex: It took 1 ms to list leaf files for 1 paths.
[2023-05-29T09:35:35.359+0000] {subprocess.py:93} INFO - 23/05/29 09:35:35 INFO InMemoryFileIndex: It took 1 ms to list leaf files for 1 paths.
[2023-05-29T09:35:35.440+0000] {subprocess.py:93} INFO - 23/05/29 09:35:35 INFO InMemoryFileIndex: It took 1 ms to list leaf files for 1 paths.
[2023-05-29T09:35:35.519+0000] {subprocess.py:93} INFO - 23/05/29 09:35:35 INFO InMemoryFileIndex: It took 1 ms to list leaf files for 1 paths.
[2023-05-29T09:35:35.595+0000] {subprocess.py:93} INFO - 23/05/29 09:35:35 INFO InMemoryFileIndex: It took 0 ms to list leaf files for 1 paths.
[2023-05-29T09:35:35.674+0000] {subprocess.py:93} INFO - 23/05/29 09:35:35 INFO InMemoryFileIndex: It took 0 ms to list leaf files for 1 paths.
[2023-05-29T09:35:35.739+0000] {subprocess.py:93} INFO - 23/05/29 09:35:35 INFO InMemoryFileIndex: It took 0 ms to list leaf files for 1 paths.
[2023-05-29T09:35:35.802+0000] {subprocess.py:93} INFO - 23/05/29 09:35:35 INFO InMemoryFileIndex: It took 0 ms to list leaf files for 1 paths.
[2023-05-29T09:35:35.879+0000] {subprocess.py:93} INFO - 23/05/29 09:35:35 INFO InMemoryFileIndex: It took 0 ms to list leaf files for 1 paths.
[2023-05-29T09:35:35.950+0000] {subprocess.py:93} INFO - 23/05/29 09:35:35 INFO InMemoryFileIndex: It took 0 ms to list leaf files for 1 paths.
[2023-05-29T09:35:36.012+0000] {subprocess.py:93} INFO - 23/05/29 09:35:36 INFO InMemoryFileIndex: It took 0 ms to list leaf files for 1 paths.
[2023-05-29T09:35:36.083+0000] {subprocess.py:93} INFO - 23/05/29 09:35:36 INFO InMemoryFileIndex: It took 0 ms to list leaf files for 1 paths.
[2023-05-29T09:35:36.156+0000] {subprocess.py:93} INFO - 23/05/29 09:35:36 INFO InMemoryFileIndex: It took 0 ms to list leaf files for 1 paths.
[2023-05-29T09:35:36.225+0000] {subprocess.py:93} INFO - 23/05/29 09:35:36 INFO InMemoryFileIndex: It took 1 ms to list leaf files for 1 paths.
[2023-05-29T09:35:36.298+0000] {subprocess.py:93} INFO - 23/05/29 09:35:36 INFO InMemoryFileIndex: It took 1 ms to list leaf files for 1 paths.
[2023-05-29T09:35:36.375+0000] {subprocess.py:93} INFO - 23/05/29 09:35:36 INFO InMemoryFileIndex: It took 1 ms to list leaf files for 1 paths.
[2023-05-29T09:35:36.449+0000] {subprocess.py:93} INFO - 23/05/29 09:35:36 INFO InMemoryFileIndex: It took 1 ms to list leaf files for 1 paths.
[2023-05-29T09:35:36.547+0000] {subprocess.py:93} INFO - 23/05/29 09:35:36 INFO InMemoryFileIndex: It took 1 ms to list leaf files for 1 paths.
[2023-05-29T09:35:36.628+0000] {subprocess.py:93} INFO - 23/05/29 09:35:36 INFO InMemoryFileIndex: It took 0 ms to list leaf files for 1 paths.
[2023-05-29T09:35:36.703+0000] {subprocess.py:93} INFO - 23/05/29 09:35:36 INFO InMemoryFileIndex: It took 0 ms to list leaf files for 1 paths.
[2023-05-29T09:35:36.773+0000] {subprocess.py:93} INFO - 23/05/29 09:35:36 INFO InMemoryFileIndex: It took 1 ms to list leaf files for 1 paths.
[2023-05-29T09:35:36.848+0000] {subprocess.py:93} INFO - 23/05/29 09:35:36 INFO InMemoryFileIndex: It took 0 ms to list leaf files for 1 paths.
[2023-05-29T09:35:36.921+0000] {subprocess.py:93} INFO - 23/05/29 09:35:36 INFO InMemoryFileIndex: It took 1 ms to list leaf files for 1 paths.
[2023-05-29T09:35:37.037+0000] {subprocess.py:93} INFO - 23/05/29 09:35:37 INFO InMemoryFileIndex: It took 1 ms to list leaf files for 1 paths.
[2023-05-29T09:35:37.141+0000] {subprocess.py:93} INFO - 23/05/29 09:35:37 INFO InMemoryFileIndex: It took 1 ms to list leaf files for 1 paths.
[2023-05-29T09:35:37.235+0000] {subprocess.py:93} INFO - 23/05/29 09:35:37 INFO InMemoryFileIndex: It took 1 ms to list leaf files for 1 paths.
[2023-05-29T09:35:37.324+0000] {subprocess.py:93} INFO - 23/05/29 09:35:37 INFO InMemoryFileIndex: It took 1 ms to list leaf files for 1 paths.
[2023-05-29T09:35:37.421+0000] {subprocess.py:93} INFO - 23/05/29 09:35:37 INFO InMemoryFileIndex: It took 1 ms to list leaf files for 1 paths.
[2023-05-29T09:35:37.496+0000] {subprocess.py:93} INFO - 23/05/29 09:35:37 INFO InMemoryFileIndex: It took 0 ms to list leaf files for 1 paths.
[2023-05-29T09:35:37.562+0000] {subprocess.py:93} INFO - 23/05/29 09:35:37 INFO InMemoryFileIndex: It took 0 ms to list leaf files for 1 paths.
[2023-05-29T09:35:37.637+0000] {subprocess.py:93} INFO - 23/05/29 09:35:37 INFO InMemoryFileIndex: It took 0 ms to list leaf files for 1 paths.
[2023-05-29T09:35:37.733+0000] {subprocess.py:93} INFO - 23/05/29 09:35:37 INFO InMemoryFileIndex: It took 1 ms to list leaf files for 1 paths.
[2023-05-29T09:35:37.800+0000] {subprocess.py:93} INFO - 23/05/29 09:35:37 INFO InMemoryFileIndex: It took 0 ms to list leaf files for 1 paths.
[2023-05-29T09:35:37.877+0000] {subprocess.py:93} INFO - 23/05/29 09:35:37 INFO InMemoryFileIndex: It took 0 ms to list leaf files for 1 paths.
[2023-05-29T09:35:37.963+0000] {subprocess.py:93} INFO - 23/05/29 09:35:37 INFO InMemoryFileIndex: It took 1 ms to list leaf files for 1 paths.
[2023-05-29T09:35:38.029+0000] {subprocess.py:93} INFO - 23/05/29 09:35:38 INFO InMemoryFileIndex: It took 0 ms to list leaf files for 1 paths.
[2023-05-29T09:35:38.129+0000] {subprocess.py:93} INFO - 23/05/29 09:35:38 INFO InMemoryFileIndex: It took 0 ms to list leaf files for 1 paths.
[2023-05-29T09:35:38.197+0000] {subprocess.py:93} INFO - 23/05/29 09:35:38 INFO InMemoryFileIndex: It took 0 ms to list leaf files for 1 paths.
[2023-05-29T09:35:38.261+0000] {subprocess.py:93} INFO - 23/05/29 09:35:38 INFO InMemoryFileIndex: It took 0 ms to list leaf files for 1 paths.
[2023-05-29T09:35:38.333+0000] {subprocess.py:93} INFO - 23/05/29 09:35:38 INFO InMemoryFileIndex: It took 0 ms to list leaf files for 1 paths.
[2023-05-29T09:35:38.413+0000] {subprocess.py:93} INFO - 23/05/29 09:35:38 INFO InMemoryFileIndex: It took 1 ms to list leaf files for 1 paths.
[2023-05-29T09:35:38.483+0000] {subprocess.py:93} INFO - 23/05/29 09:35:38 INFO InMemoryFileIndex: It took 0 ms to list leaf files for 1 paths.
[2023-05-29T09:35:38.563+0000] {subprocess.py:93} INFO - 23/05/29 09:35:38 INFO InMemoryFileIndex: It took 0 ms to list leaf files for 1 paths.
[2023-05-29T09:35:38.677+0000] {subprocess.py:93} INFO - 23/05/29 09:35:38 INFO InMemoryFileIndex: It took 1 ms to list leaf files for 1 paths.
[2023-05-29T09:35:38.793+0000] {subprocess.py:93} INFO - 23/05/29 09:35:38 INFO InMemoryFileIndex: It took 0 ms to list leaf files for 1 paths.
[2023-05-29T09:35:38.880+0000] {subprocess.py:93} INFO - 23/05/29 09:35:38 INFO InMemoryFileIndex: It took 1 ms to list leaf files for 1 paths.
[2023-05-29T09:35:38.950+0000] {subprocess.py:93} INFO - 23/05/29 09:35:38 INFO InMemoryFileIndex: It took 0 ms to list leaf files for 1 paths.
[2023-05-29T09:35:39.021+0000] {subprocess.py:93} INFO - 23/05/29 09:35:39 INFO InMemoryFileIndex: It took 0 ms to list leaf files for 1 paths.
[2023-05-29T09:35:39.089+0000] {subprocess.py:93} INFO - 23/05/29 09:35:39 INFO InMemoryFileIndex: It took 1 ms to list leaf files for 1 paths.
[2023-05-29T09:35:39.172+0000] {subprocess.py:93} INFO - 23/05/29 09:35:39 INFO InMemoryFileIndex: It took 0 ms to list leaf files for 1 paths.
[2023-05-29T09:35:39.248+0000] {subprocess.py:93} INFO - 23/05/29 09:35:39 INFO InMemoryFileIndex: It took 0 ms to list leaf files for 1 paths.
[2023-05-29T09:35:39.323+0000] {subprocess.py:93} INFO - 23/05/29 09:35:39 INFO InMemoryFileIndex: It took 0 ms to list leaf files for 1 paths.
[2023-05-29T09:35:39.403+0000] {subprocess.py:93} INFO - 23/05/29 09:35:39 INFO InMemoryFileIndex: It took 1 ms to list leaf files for 1 paths.
[2023-05-29T09:35:39.484+0000] {subprocess.py:93} INFO - 23/05/29 09:35:39 INFO InMemoryFileIndex: It took 0 ms to list leaf files for 1 paths.
[2023-05-29T09:35:39.553+0000] {subprocess.py:93} INFO - 23/05/29 09:35:39 INFO InMemoryFileIndex: It took 1 ms to list leaf files for 1 paths.
[2023-05-29T09:35:39.647+0000] {subprocess.py:93} INFO - 23/05/29 09:35:39 INFO InMemoryFileIndex: It took 0 ms to list leaf files for 1 paths.
[2023-05-29T09:35:39.717+0000] {subprocess.py:93} INFO - 23/05/29 09:35:39 INFO InMemoryFileIndex: It took 1 ms to list leaf files for 1 paths.
[2023-05-29T09:35:39.798+0000] {subprocess.py:93} INFO - 23/05/29 09:35:39 INFO InMemoryFileIndex: It took 1 ms to list leaf files for 1 paths.
[2023-05-29T09:35:39.904+0000] {subprocess.py:93} INFO - 23/05/29 09:35:39 INFO InMemoryFileIndex: It took 1 ms to list leaf files for 1 paths.
[2023-05-29T09:35:39.989+0000] {subprocess.py:93} INFO - 23/05/29 09:35:39 INFO InMemoryFileIndex: It took 0 ms to list leaf files for 1 paths.
[2023-05-29T09:35:40.060+0000] {subprocess.py:93} INFO - 23/05/29 09:35:40 INFO InMemoryFileIndex: It took 0 ms to list leaf files for 1 paths.
[2023-05-29T09:35:40.141+0000] {subprocess.py:93} INFO - 23/05/29 09:35:40 INFO InMemoryFileIndex: It took 0 ms to list leaf files for 1 paths.
[2023-05-29T09:35:40.218+0000] {subprocess.py:93} INFO - 23/05/29 09:35:40 INFO InMemoryFileIndex: It took 0 ms to list leaf files for 1 paths.
[2023-05-29T09:35:40.302+0000] {subprocess.py:93} INFO - 23/05/29 09:35:40 INFO InMemoryFileIndex: It took 0 ms to list leaf files for 1 paths.
[2023-05-29T09:35:40.380+0000] {subprocess.py:93} INFO - 23/05/29 09:35:40 INFO InMemoryFileIndex: It took 0 ms to list leaf files for 1 paths.
[2023-05-29T09:35:40.510+0000] {subprocess.py:93} INFO - 23/05/29 09:35:40 INFO InMemoryFileIndex: It took 1 ms to list leaf files for 1 paths.
[2023-05-29T09:35:40.588+0000] {subprocess.py:93} INFO - 23/05/29 09:35:40 INFO InMemoryFileIndex: It took 0 ms to list leaf files for 1 paths.
[2023-05-29T09:35:40.668+0000] {subprocess.py:93} INFO - 23/05/29 09:35:40 INFO InMemoryFileIndex: It took 0 ms to list leaf files for 1 paths.
[2023-05-29T09:35:40.769+0000] {subprocess.py:93} INFO - 23/05/29 09:35:40 INFO InMemoryFileIndex: It took 0 ms to list leaf files for 1 paths.
[2023-05-29T09:35:40.843+0000] {subprocess.py:93} INFO - 23/05/29 09:35:40 INFO InMemoryFileIndex: It took 1 ms to list leaf files for 1 paths.
[2023-05-29T09:35:40.919+0000] {subprocess.py:93} INFO - 23/05/29 09:35:40 INFO InMemoryFileIndex: It took 0 ms to list leaf files for 1 paths.
[2023-05-29T09:35:40.991+0000] {subprocess.py:93} INFO - 23/05/29 09:35:40 INFO InMemoryFileIndex: It took 0 ms to list leaf files for 1 paths.
[2023-05-29T09:35:41.070+0000] {subprocess.py:93} INFO - 23/05/29 09:35:41 INFO InMemoryFileIndex: It took 0 ms to list leaf files for 1 paths.
[2023-05-29T09:35:41.146+0000] {subprocess.py:93} INFO - 23/05/29 09:35:41 INFO InMemoryFileIndex: It took 1 ms to list leaf files for 1 paths.
[2023-05-29T09:35:41.219+0000] {subprocess.py:93} INFO - 23/05/29 09:35:41 INFO InMemoryFileIndex: It took 0 ms to list leaf files for 1 paths.
[2023-05-29T09:35:41.303+0000] {subprocess.py:93} INFO - 23/05/29 09:35:41 INFO InMemoryFileIndex: It took 0 ms to list leaf files for 1 paths.
[2023-05-29T09:35:41.385+0000] {subprocess.py:93} INFO - 23/05/29 09:35:41 INFO InMemoryFileIndex: It took 0 ms to list leaf files for 1 paths.
[2023-05-29T09:35:41.460+0000] {subprocess.py:93} INFO - 23/05/29 09:35:41 INFO InMemoryFileIndex: It took 1 ms to list leaf files for 1 paths.
[2023-05-29T09:35:41.554+0000] {subprocess.py:93} INFO - 23/05/29 09:35:41 INFO InMemoryFileIndex: It took 0 ms to list leaf files for 1 paths.
[2023-05-29T09:35:41.645+0000] {subprocess.py:93} INFO - 23/05/29 09:35:41 INFO InMemoryFileIndex: It took 1 ms to list leaf files for 1 paths.
[2023-05-29T09:35:41.723+0000] {subprocess.py:93} INFO - 23/05/29 09:35:41 INFO InMemoryFileIndex: It took 0 ms to list leaf files for 1 paths.
[2023-05-29T09:35:41.804+0000] {subprocess.py:93} INFO - 23/05/29 09:35:41 INFO InMemoryFileIndex: It took 1 ms to list leaf files for 1 paths.
[2023-05-29T09:35:41.887+0000] {subprocess.py:93} INFO - 23/05/29 09:35:41 INFO InMemoryFileIndex: It took 0 ms to list leaf files for 1 paths.
[2023-05-29T09:35:41.983+0000] {subprocess.py:93} INFO - 23/05/29 09:35:41 INFO InMemoryFileIndex: It took 0 ms to list leaf files for 1 paths.
[2023-05-29T09:35:42.056+0000] {subprocess.py:93} INFO - 23/05/29 09:35:42 INFO InMemoryFileIndex: It took 0 ms to list leaf files for 1 paths.
[2023-05-29T09:35:42.157+0000] {subprocess.py:93} INFO - 23/05/29 09:35:42 INFO InMemoryFileIndex: It took 1 ms to list leaf files for 1 paths.
[2023-05-29T09:35:42.236+0000] {subprocess.py:93} INFO - 23/05/29 09:35:42 INFO InMemoryFileIndex: It took 0 ms to list leaf files for 1 paths.
[2023-05-29T09:35:42.313+0000] {subprocess.py:93} INFO - 23/05/29 09:35:42 INFO InMemoryFileIndex: It took 0 ms to list leaf files for 1 paths.
[2023-05-29T09:35:42.392+0000] {subprocess.py:93} INFO - 23/05/29 09:35:42 INFO InMemoryFileIndex: It took 0 ms to list leaf files for 1 paths.
[2023-05-29T09:35:42.481+0000] {subprocess.py:93} INFO - 23/05/29 09:35:42 INFO InMemoryFileIndex: It took 1 ms to list leaf files for 1 paths.
[2023-05-29T09:35:42.580+0000] {subprocess.py:93} INFO - 23/05/29 09:35:42 INFO InMemoryFileIndex: It took 0 ms to list leaf files for 1 paths.
[2023-05-29T09:35:42.679+0000] {subprocess.py:93} INFO - 23/05/29 09:35:42 INFO InMemoryFileIndex: It took 1 ms to list leaf files for 1 paths.
[2023-05-29T09:35:42.774+0000] {subprocess.py:93} INFO - 23/05/29 09:35:42 INFO InMemoryFileIndex: It took 1 ms to list leaf files for 1 paths.
[2023-05-29T09:35:42.863+0000] {subprocess.py:93} INFO - 23/05/29 09:35:42 INFO InMemoryFileIndex: It took 1 ms to list leaf files for 1 paths.
[2023-05-29T09:35:42.968+0000] {subprocess.py:93} INFO - 23/05/29 09:35:42 INFO InMemoryFileIndex: It took 1 ms to list leaf files for 1 paths.
[2023-05-29T09:35:43.046+0000] {subprocess.py:93} INFO - 23/05/29 09:35:43 INFO InMemoryFileIndex: It took 0 ms to list leaf files for 1 paths.
[2023-05-29T09:35:43.126+0000] {subprocess.py:93} INFO - 23/05/29 09:35:43 INFO InMemoryFileIndex: It took 0 ms to list leaf files for 1 paths.
[2023-05-29T09:35:43.211+0000] {subprocess.py:93} INFO - 23/05/29 09:35:43 INFO InMemoryFileIndex: It took 0 ms to list leaf files for 1 paths.
[2023-05-29T09:35:43.291+0000] {subprocess.py:93} INFO - 23/05/29 09:35:43 INFO InMemoryFileIndex: It took 0 ms to list leaf files for 1 paths.
[2023-05-29T09:35:43.382+0000] {subprocess.py:93} INFO - 23/05/29 09:35:43 INFO InMemoryFileIndex: It took 1 ms to list leaf files for 1 paths.
[2023-05-29T09:35:43.517+0000] {subprocess.py:93} INFO - 23/05/29 09:35:43 INFO InMemoryFileIndex: It took 1 ms to list leaf files for 1 paths.
[2023-05-29T09:35:43.636+0000] {subprocess.py:93} INFO - 23/05/29 09:35:43 INFO InMemoryFileIndex: It took 1 ms to list leaf files for 1 paths.
[2023-05-29T09:35:43.746+0000] {subprocess.py:93} INFO - 23/05/29 09:35:43 INFO InMemoryFileIndex: It took 1 ms to list leaf files for 1 paths.
[2023-05-29T09:35:43.850+0000] {subprocess.py:93} INFO - 23/05/29 09:35:43 INFO InMemoryFileIndex: It took 0 ms to list leaf files for 1 paths.
[2023-05-29T09:35:43.925+0000] {subprocess.py:93} INFO - 23/05/29 09:35:43 INFO InMemoryFileIndex: It took 0 ms to list leaf files for 1 paths.
[2023-05-29T09:35:44.003+0000] {subprocess.py:93} INFO - 23/05/29 09:35:44 INFO InMemoryFileIndex: It took 0 ms to list leaf files for 1 paths.
[2023-05-29T09:35:44.080+0000] {subprocess.py:93} INFO - 23/05/29 09:35:44 INFO InMemoryFileIndex: It took 0 ms to list leaf files for 1 paths.
[2023-05-29T09:35:44.170+0000] {subprocess.py:93} INFO - 23/05/29 09:35:44 INFO InMemoryFileIndex: It took 0 ms to list leaf files for 1 paths.
[2023-05-29T09:35:44.263+0000] {subprocess.py:93} INFO - 23/05/29 09:35:44 INFO InMemoryFileIndex: It took 0 ms to list leaf files for 1 paths.
[2023-05-29T09:35:44.336+0000] {subprocess.py:93} INFO - 23/05/29 09:35:44 INFO InMemoryFileIndex: It took 0 ms to list leaf files for 1 paths.
[2023-05-29T09:35:44.417+0000] {subprocess.py:93} INFO - 23/05/29 09:35:44 INFO InMemoryFileIndex: It took 0 ms to list leaf files for 1 paths.
[2023-05-29T09:35:44.494+0000] {subprocess.py:93} INFO - 23/05/29 09:35:44 INFO InMemoryFileIndex: It took 1 ms to list leaf files for 1 paths.
[2023-05-29T09:35:44.577+0000] {subprocess.py:93} INFO - 23/05/29 09:35:44 INFO InMemoryFileIndex: It took 0 ms to list leaf files for 1 paths.
[2023-05-29T09:35:44.659+0000] {subprocess.py:93} INFO - 23/05/29 09:35:44 INFO InMemoryFileIndex: It took 0 ms to list leaf files for 1 paths.
[2023-05-29T09:35:44.748+0000] {subprocess.py:93} INFO - 23/05/29 09:35:44 INFO InMemoryFileIndex: It took 1 ms to list leaf files for 1 paths.
[2023-05-29T09:35:44.836+0000] {subprocess.py:93} INFO - 23/05/29 09:35:44 INFO InMemoryFileIndex: It took 1 ms to list leaf files for 1 paths.
[2023-05-29T09:35:44.921+0000] {subprocess.py:93} INFO - 23/05/29 09:35:44 INFO InMemoryFileIndex: It took 0 ms to list leaf files for 1 paths.
[2023-05-29T09:35:45.005+0000] {subprocess.py:93} INFO - 23/05/29 09:35:45 INFO InMemoryFileIndex: It took 3 ms to list leaf files for 1 paths.
[2023-05-29T09:35:45.089+0000] {subprocess.py:93} INFO - 23/05/29 09:35:45 INFO InMemoryFileIndex: It took 1 ms to list leaf files for 1 paths.
[2023-05-29T09:35:45.183+0000] {subprocess.py:93} INFO - 23/05/29 09:35:45 INFO InMemoryFileIndex: It took 1 ms to list leaf files for 1 paths.
[2023-05-29T09:35:45.271+0000] {subprocess.py:93} INFO - 23/05/29 09:35:45 INFO InMemoryFileIndex: It took 1 ms to list leaf files for 1 paths.
[2023-05-29T09:35:45.359+0000] {subprocess.py:93} INFO - 23/05/29 09:35:45 INFO InMemoryFileIndex: It took 0 ms to list leaf files for 1 paths.
[2023-05-29T09:35:45.439+0000] {subprocess.py:93} INFO - 23/05/29 09:35:45 INFO InMemoryFileIndex: It took 0 ms to list leaf files for 1 paths.
[2023-05-29T09:35:45.525+0000] {subprocess.py:93} INFO - 23/05/29 09:35:45 INFO InMemoryFileIndex: It took 1 ms to list leaf files for 1 paths.
[2023-05-29T09:35:45.604+0000] {subprocess.py:93} INFO - 23/05/29 09:35:45 INFO InMemoryFileIndex: It took 0 ms to list leaf files for 1 paths.
[2023-05-29T09:35:45.687+0000] {subprocess.py:93} INFO - 23/05/29 09:35:45 INFO InMemoryFileIndex: It took 0 ms to list leaf files for 1 paths.
[2023-05-29T09:35:45.783+0000] {subprocess.py:93} INFO - 23/05/29 09:35:45 INFO InMemoryFileIndex: It took 1 ms to list leaf files for 1 paths.
[2023-05-29T09:35:45.880+0000] {subprocess.py:93} INFO - 23/05/29 09:35:45 INFO InMemoryFileIndex: It took 4 ms to list leaf files for 1 paths.
[2023-05-29T09:35:45.965+0000] {subprocess.py:93} INFO - 23/05/29 09:35:45 INFO InMemoryFileIndex: It took 1 ms to list leaf files for 1 paths.
[2023-05-29T09:35:46.060+0000] {subprocess.py:93} INFO - 23/05/29 09:35:46 INFO InMemoryFileIndex: It took 1 ms to list leaf files for 1 paths.
[2023-05-29T09:35:46.158+0000] {subprocess.py:93} INFO - 23/05/29 09:35:46 INFO InMemoryFileIndex: It took 0 ms to list leaf files for 1 paths.
[2023-05-29T09:35:46.240+0000] {subprocess.py:93} INFO - 23/05/29 09:35:46 INFO InMemoryFileIndex: It took 0 ms to list leaf files for 1 paths.
[2023-05-29T09:35:46.325+0000] {subprocess.py:93} INFO - 23/05/29 09:35:46 INFO InMemoryFileIndex: It took 0 ms to list leaf files for 1 paths.
[2023-05-29T09:35:46.404+0000] {subprocess.py:93} INFO - 23/05/29 09:35:46 INFO InMemoryFileIndex: It took 0 ms to list leaf files for 1 paths.
[2023-05-29T09:35:46.494+0000] {subprocess.py:93} INFO - 23/05/29 09:35:46 INFO InMemoryFileIndex: It took 0 ms to list leaf files for 1 paths.
[2023-05-29T09:35:46.585+0000] {subprocess.py:93} INFO - 23/05/29 09:35:46 INFO InMemoryFileIndex: It took 0 ms to list leaf files for 1 paths.
[2023-05-29T09:35:46.667+0000] {subprocess.py:93} INFO - 23/05/29 09:35:46 INFO InMemoryFileIndex: It took 0 ms to list leaf files for 1 paths.
[2023-05-29T09:35:46.769+0000] {subprocess.py:93} INFO - 23/05/29 09:35:46 INFO InMemoryFileIndex: It took 0 ms to list leaf files for 1 paths.
[2023-05-29T09:35:46.853+0000] {subprocess.py:93} INFO - 23/05/29 09:35:46 INFO InMemoryFileIndex: It took 0 ms to list leaf files for 1 paths.
[2023-05-29T09:35:46.938+0000] {subprocess.py:93} INFO - 23/05/29 09:35:46 INFO InMemoryFileIndex: It took 0 ms to list leaf files for 1 paths.
[2023-05-29T09:35:47.021+0000] {subprocess.py:93} INFO - 23/05/29 09:35:47 INFO InMemoryFileIndex: It took 0 ms to list leaf files for 1 paths.
[2023-05-29T09:35:47.111+0000] {subprocess.py:93} INFO - 23/05/29 09:35:47 INFO InMemoryFileIndex: It took 0 ms to list leaf files for 1 paths.
[2023-05-29T09:35:47.198+0000] {subprocess.py:93} INFO - 23/05/29 09:35:47 INFO InMemoryFileIndex: It took 0 ms to list leaf files for 1 paths.
[2023-05-29T09:35:47.280+0000] {subprocess.py:93} INFO - 23/05/29 09:35:47 INFO InMemoryFileIndex: It took 0 ms to list leaf files for 1 paths.
[2023-05-29T09:35:47.376+0000] {subprocess.py:93} INFO - 23/05/29 09:35:47 INFO InMemoryFileIndex: It took 0 ms to list leaf files for 1 paths.
[2023-05-29T09:35:47.462+0000] {subprocess.py:93} INFO - 23/05/29 09:35:47 INFO InMemoryFileIndex: It took 1 ms to list leaf files for 1 paths.
[2023-05-29T09:35:47.548+0000] {subprocess.py:93} INFO - 23/05/29 09:35:47 INFO InMemoryFileIndex: It took 0 ms to list leaf files for 1 paths.
[2023-05-29T09:35:47.642+0000] {subprocess.py:93} INFO - 23/05/29 09:35:47 INFO InMemoryFileIndex: It took 0 ms to list leaf files for 1 paths.
[2023-05-29T09:35:47.739+0000] {subprocess.py:93} INFO - 23/05/29 09:35:47 INFO InMemoryFileIndex: It took 1 ms to list leaf files for 1 paths.
[2023-05-29T09:35:47.823+0000] {subprocess.py:93} INFO - 23/05/29 09:35:47 INFO InMemoryFileIndex: It took 0 ms to list leaf files for 1 paths.
[2023-05-29T09:35:47.911+0000] {subprocess.py:93} INFO - 23/05/29 09:35:47 INFO InMemoryFileIndex: It took 0 ms to list leaf files for 1 paths.
[2023-05-29T09:35:48.016+0000] {subprocess.py:93} INFO - 23/05/29 09:35:48 INFO InMemoryFileIndex: It took 1 ms to list leaf files for 1 paths.
[2023-05-29T09:35:48.112+0000] {subprocess.py:93} INFO - 23/05/29 09:35:48 INFO InMemoryFileIndex: It took 0 ms to list leaf files for 1 paths.
[2023-05-29T09:35:48.223+0000] {subprocess.py:93} INFO - 23/05/29 09:35:48 INFO InMemoryFileIndex: It took 0 ms to list leaf files for 1 paths.
[2023-05-29T09:35:48.316+0000] {subprocess.py:93} INFO - 23/05/29 09:35:48 INFO InMemoryFileIndex: It took 0 ms to list leaf files for 1 paths.
[2023-05-29T09:35:48.398+0000] {subprocess.py:93} INFO - 23/05/29 09:35:48 INFO InMemoryFileIndex: It took 0 ms to list leaf files for 1 paths.
[2023-05-29T09:35:48.490+0000] {subprocess.py:93} INFO - 23/05/29 09:35:48 INFO InMemoryFileIndex: It took 0 ms to list leaf files for 1 paths.
[2023-05-29T09:35:48.596+0000] {subprocess.py:93} INFO - 23/05/29 09:35:48 INFO InMemoryFileIndex: It took 1 ms to list leaf files for 1 paths.
[2023-05-29T09:35:48.689+0000] {subprocess.py:93} INFO - 23/05/29 09:35:48 INFO InMemoryFileIndex: It took 0 ms to list leaf files for 1 paths.
[2023-05-29T09:35:48.782+0000] {subprocess.py:93} INFO - 23/05/29 09:35:48 INFO InMemoryFileIndex: It took 0 ms to list leaf files for 1 paths.
[2023-05-29T09:35:48.889+0000] {subprocess.py:93} INFO - 23/05/29 09:35:48 INFO InMemoryFileIndex: It took 1 ms to list leaf files for 1 paths.
[2023-05-29T09:35:48.991+0000] {subprocess.py:93} INFO - 23/05/29 09:35:48 INFO InMemoryFileIndex: It took 0 ms to list leaf files for 1 paths.
[2023-05-29T09:35:49.086+0000] {subprocess.py:93} INFO - 23/05/29 09:35:49 INFO InMemoryFileIndex: It took 1 ms to list leaf files for 1 paths.
[2023-05-29T09:35:49.204+0000] {subprocess.py:93} INFO - 23/05/29 09:35:49 INFO InMemoryFileIndex: It took 1 ms to list leaf files for 1 paths.
[2023-05-29T09:35:49.334+0000] {subprocess.py:93} INFO - 23/05/29 09:35:49 INFO InMemoryFileIndex: It took 1 ms to list leaf files for 1 paths.
[2023-05-29T09:35:49.425+0000] {subprocess.py:93} INFO - 23/05/29 09:35:49 INFO InMemoryFileIndex: It took 0 ms to list leaf files for 1 paths.
[2023-05-29T09:35:49.544+0000] {subprocess.py:93} INFO - 23/05/29 09:35:49 INFO InMemoryFileIndex: It took 0 ms to list leaf files for 1 paths.
[2023-05-29T09:35:49.644+0000] {subprocess.py:93} INFO - 23/05/29 09:35:49 INFO InMemoryFileIndex: It took 0 ms to list leaf files for 1 paths.
[2023-05-29T09:35:49.738+0000] {subprocess.py:93} INFO - 23/05/29 09:35:49 INFO InMemoryFileIndex: It took 0 ms to list leaf files for 1 paths.
[2023-05-29T09:35:49.844+0000] {subprocess.py:93} INFO - 23/05/29 09:35:49 INFO InMemoryFileIndex: It took 0 ms to list leaf files for 1 paths.
[2023-05-29T09:35:49.939+0000] {subprocess.py:93} INFO - 23/05/29 09:35:49 INFO InMemoryFileIndex: It took 0 ms to list leaf files for 1 paths.
[2023-05-29T09:35:50.020+0000] {subprocess.py:93} INFO - 23/05/29 09:35:50 INFO InMemoryFileIndex: It took 0 ms to list leaf files for 1 paths.
[2023-05-29T09:35:50.164+0000] {subprocess.py:93} INFO - 23/05/29 09:35:50 INFO InMemoryFileIndex: It took 1 ms to list leaf files for 1 paths.
[2023-05-29T09:35:50.253+0000] {subprocess.py:93} INFO - 23/05/29 09:35:50 INFO InMemoryFileIndex: It took 0 ms to list leaf files for 1 paths.
[2023-05-29T09:35:50.342+0000] {subprocess.py:93} INFO - 23/05/29 09:35:50 INFO InMemoryFileIndex: It took 0 ms to list leaf files for 1 paths.
[2023-05-29T09:35:50.431+0000] {subprocess.py:93} INFO - 23/05/29 09:35:50 INFO InMemoryFileIndex: It took 0 ms to list leaf files for 1 paths.
[2023-05-29T09:35:50.530+0000] {subprocess.py:93} INFO - 23/05/29 09:35:50 INFO InMemoryFileIndex: It took 1 ms to list leaf files for 1 paths.
[2023-05-29T09:35:50.628+0000] {subprocess.py:93} INFO - 23/05/29 09:35:50 INFO InMemoryFileIndex: It took 0 ms to list leaf files for 1 paths.
[2023-05-29T09:35:50.740+0000] {subprocess.py:93} INFO - 23/05/29 09:35:50 INFO InMemoryFileIndex: It took 0 ms to list leaf files for 1 paths.
[2023-05-29T09:35:50.886+0000] {subprocess.py:93} INFO - 23/05/29 09:35:50 INFO InMemoryFileIndex: It took 1 ms to list leaf files for 1 paths.
[2023-05-29T09:35:50.988+0000] {subprocess.py:93} INFO - 23/05/29 09:35:50 INFO InMemoryFileIndex: It took 0 ms to list leaf files for 1 paths.
[2023-05-29T09:35:51.076+0000] {subprocess.py:93} INFO - 23/05/29 09:35:51 INFO InMemoryFileIndex: It took 0 ms to list leaf files for 1 paths.
[2023-05-29T09:35:51.173+0000] {subprocess.py:93} INFO - 23/05/29 09:35:51 INFO InMemoryFileIndex: It took 0 ms to list leaf files for 1 paths.
[2023-05-29T09:35:51.260+0000] {subprocess.py:93} INFO - 23/05/29 09:35:51 INFO InMemoryFileIndex: It took 0 ms to list leaf files for 1 paths.
[2023-05-29T09:35:51.349+0000] {subprocess.py:93} INFO - 23/05/29 09:35:51 INFO InMemoryFileIndex: It took 0 ms to list leaf files for 1 paths.
[2023-05-29T09:35:51.447+0000] {subprocess.py:93} INFO - 23/05/29 09:35:51 INFO InMemoryFileIndex: It took 1 ms to list leaf files for 1 paths.
[2023-05-29T09:35:51.538+0000] {subprocess.py:93} INFO - 23/05/29 09:35:51 INFO InMemoryFileIndex: It took 0 ms to list leaf files for 1 paths.
[2023-05-29T09:35:51.635+0000] {subprocess.py:93} INFO - 23/05/29 09:35:51 INFO InMemoryFileIndex: It took 0 ms to list leaf files for 1 paths.
[2023-05-29T09:35:51.724+0000] {subprocess.py:93} INFO - 23/05/29 09:35:51 INFO InMemoryFileIndex: It took 0 ms to list leaf files for 1 paths.
[2023-05-29T09:35:51.817+0000] {subprocess.py:93} INFO - 23/05/29 09:35:51 INFO InMemoryFileIndex: It took 0 ms to list leaf files for 1 paths.
[2023-05-29T09:35:51.932+0000] {subprocess.py:93} INFO - 23/05/29 09:35:51 INFO InMemoryFileIndex: It took 0 ms to list leaf files for 1 paths.
[2023-05-29T09:35:52.025+0000] {subprocess.py:93} INFO - 23/05/29 09:35:52 INFO InMemoryFileIndex: It took 0 ms to list leaf files for 1 paths.
[2023-05-29T09:35:52.131+0000] {subprocess.py:93} INFO - 23/05/29 09:35:52 INFO InMemoryFileIndex: It took 1 ms to list leaf files for 1 paths.
[2023-05-29T09:35:52.224+0000] {subprocess.py:93} INFO - 23/05/29 09:35:52 INFO InMemoryFileIndex: It took 0 ms to list leaf files for 1 paths.
[2023-05-29T09:35:52.320+0000] {subprocess.py:93} INFO - 23/05/29 09:35:52 INFO InMemoryFileIndex: It took 0 ms to list leaf files for 1 paths.
[2023-05-29T09:35:52.420+0000] {subprocess.py:93} INFO - 23/05/29 09:35:52 INFO InMemoryFileIndex: It took 0 ms to list leaf files for 1 paths.
[2023-05-29T09:35:52.517+0000] {subprocess.py:93} INFO - 23/05/29 09:35:52 INFO InMemoryFileIndex: It took 0 ms to list leaf files for 1 paths.
[2023-05-29T09:35:52.605+0000] {subprocess.py:93} INFO - 23/05/29 09:35:52 INFO InMemoryFileIndex: It took 0 ms to list leaf files for 1 paths.
[2023-05-29T09:35:52.699+0000] {subprocess.py:93} INFO - 23/05/29 09:35:52 INFO InMemoryFileIndex: It took 1 ms to list leaf files for 1 paths.
[2023-05-29T09:35:52.790+0000] {subprocess.py:93} INFO - 23/05/29 09:35:52 INFO InMemoryFileIndex: It took 0 ms to list leaf files for 1 paths.
[2023-05-29T09:35:52.890+0000] {subprocess.py:93} INFO - 23/05/29 09:35:52 INFO InMemoryFileIndex: It took 0 ms to list leaf files for 1 paths.
[2023-05-29T09:35:52.961+0000] {process_utils.py:131} INFO - Sending Signals.SIGTERM to group 38390. PIDs of all processes in the group: [38391, 38392, 38445, 38390]
[2023-05-29T09:35:52.963+0000] {process_utils.py:86} INFO - Sending the signal Signals.SIGTERM to group 38390
[2023-05-29T09:35:52.963+0000] {taskinstance.py:1517} ERROR - Received SIGTERM. Terminating subprocesses.
[2023-05-29T09:35:52.963+0000] {subprocess.py:104} INFO - Sending SIGTERM signal to process group
[2023-05-29T09:35:52.982+0000] {taskinstance.py:1824} ERROR - Task failed with exception
Traceback (most recent call last):
  File "/home/cloud_user/airflow_env/lib/python3.8/site-packages/airflow/operators/bash.py", line 201, in execute
    result = self.subprocess_hook.run_command(
  File "/home/cloud_user/airflow_env/lib/python3.8/site-packages/airflow/hooks/subprocess.py", line 91, in run_command
    for raw_line in iter(self.sub_process.stdout.readline, b""):
  File "/home/cloud_user/airflow_env/lib/python3.8/site-packages/airflow/models/taskinstance.py", line 1519, in signal_handler
    raise AirflowException("Task received SIGTERM signal")
airflow.exceptions.AirflowException: Task received SIGTERM signal
[2023-05-29T09:35:52.987+0000] {process_utils.py:79} INFO - Process psutil.Process(pid=38445, status='terminated', started='09:34:58') (38445) terminated with exit code None
[2023-05-29T09:35:52.995+0000] {taskinstance.py:1345} INFO - Marking task as FAILED. dag_id=stock_market_dag, task_id=process_raw_data_stocks, execution_date=20230528T000000, start_date=20230529T093452, end_date=20230529T093552
[2023-05-29T09:35:53.015+0000] {standard_task_runner.py:104} ERROR - Failed to execute job 5 for task process_raw_data_stocks (Task received SIGTERM signal; 38390)
[2023-05-29T09:35:53.040+0000] {process_utils.py:79} INFO - Process psutil.Process(pid=38390, status='terminated', exitcode=1, started='09:34:51') (38390) terminated with exit code 1
[2023-05-29T09:35:53.041+0000] {process_utils.py:79} INFO - Process psutil.Process(pid=38391, status='terminated', started='09:34:51') (38391) terminated with exit code None
[2023-05-29T09:35:53.137+0000] {process_utils.py:79} INFO - Process psutil.Process(pid=38392, status='terminated', started='09:34:51') (38392) terminated with exit code None
